{"C:\\Users\\ikaro\\Promotor_app\\src\\config\\api.ts": {"path":"C:\\Users\\ikaro\\Promotor_app\\src\\config\\api.ts","statementMap":{"0":{"start":{"line":1,"column":13},"end":{"line":1,"column":109}}},"fnMap":{},"branchMap":{"0":{"loc":{"start":{"line":1,"column":28},"end":{"line":1,"column":108}},"type":"binary-expr","locations":[{"start":{"line":1,"column":28},"end":{"line":1,"column":64}},{"start":{"line":1,"column":68},"end":{"line":1,"column":108}}]}},"s":{"0":6},"f":{},"b":{"0":[6,6]}}
,"C:\\Users\\ikaro\\Promotor_app\\src\\config\\supabase.ts": {"path":"C:\\Users\\ikaro\\Promotor_app\\src\\config\\supabase.ts","statementMap":{"0":{"start":{"line":1,"column":0},"end":{"line":1,"column":53}},"1":{"start":{"line":3,"column":21},"end":{"line":3,"column":63}},"2":{"start":{"line":5,"column":2},"end":{"line":5,"column":63}},"3":{"start":{"line":7,"column":17},"end":{"line":7,"column":60}},"4":{"start":{"line":9,"column":0},"end":{"line":9,"column":24}}},"fnMap":{},"branchMap":{"0":{"loc":{"start":{"line":5,"column":2},"end":{"line":5,"column":63}},"type":"binary-expr","locations":[{"start":{"line":5,"column":2},"end":{"line":5,"column":43}},{"start":{"line":5,"column":47},"end":{"line":5,"column":63}}]}},"s":{"0":4,"1":4,"2":4,"3":4,"4":4},"f":{},"b":{"0":[4,4]}}
,"C:\\Users\\ikaro\\Promotor_app\\src\\model\\repositories\\JourneyRepository.ts": {"path":"C:\\Users\\ikaro\\Promotor_app\\src\\model\\repositories\\JourneyRepository.ts","statementMap":{"0":{"start":{"line":1,"column":0},"end":{"line":1,"column":26}},"1":{"start":{"line":4,"column":0},"end":{"line":4,"column":48}},"2":{"start":{"line":5,"column":0},"end":{"line":5,"column":54}},"3":{"start":{"line":8,"column":16},"end":{"line":14,"column":4}},"4":{"start":{"line":18,"column":4},"end":{"line":24,"column":7}},"5":{"start":{"line":19,"column":20},"end":{"line":19,"column":48}},"6":{"start":{"line":20,"column":6},"end":{"line":22,"column":7}},"7":{"start":{"line":21,"column":8},"end":{"line":21,"column":57}},"8":{"start":{"line":23,"column":6},"end":{"line":23,"column":20}},"9":{"start":{"line":28,"column":4},"end":{"line":37,"column":5}},"10":{"start":{"line":29,"column":6},"end":{"line":29,"column":71}},"11":{"start":{"line":31,"column":6},"end":{"line":31,"column":55}},"12":{"start":{"line":33,"column":8},"end":{"line":35,"column":34}},"13":{"start":{"line":36,"column":6},"end":{"line":36,"column":27}},"14":{"start":{"line":41,"column":4},"end":{"line":50,"column":5}},"15":{"start":{"line":42,"column":6},"end":{"line":42,"column":73}},"16":{"start":{"line":44,"column":6},"end":{"line":44,"column":57}},"17":{"start":{"line":46,"column":8},"end":{"line":48,"column":36}},"18":{"start":{"line":49,"column":6},"end":{"line":49,"column":27}},"19":{"start":{"line":54,"column":4},"end":{"line":75,"column":5}},"20":{"start":{"line":55,"column":23},"end":{"line":55,"column":69}},"21":{"start":{"line":56,"column":19},"end":{"line":56,"column":32}},"22":{"start":{"line":57,"column":6},"end":{"line":60,"column":8}},"23":{"start":{"line":62,"column":6},"end":{"line":68,"column":7}},"24":{"start":{"line":64,"column":8},"end":{"line":67,"column":10}},"25":{"start":{"line":69,"column":6},"end":{"line":69,"column":64}},"26":{"start":{"line":71,"column":8},"end":{"line":73,"column":45}},"27":{"start":{"line":74,"column":6},"end":{"line":74,"column":27}},"28":{"start":{"line":7,"column":0},"end":{"line":7,"column":13}}},"fnMap":{"0":{"name":"(anonymous_1)","decl":{"start":{"line":16,"column":2},"end":{"line":16,"column":null}},"loc":{"start":{"line":16,"column":2},"end":{"line":25,"column":3}}},"1":{"name":"(anonymous_2)","decl":{"start":{"line":18,"column":38},"end":{"line":18,"column":43}},"loc":{"start":{"line":18,"column":55},"end":{"line":24,"column":5}}},"2":{"name":"(anonymous_3)","decl":{"start":{"line":27,"column":2},"end":{"line":27,"column":7}},"loc":{"start":{"line":27,"column":39},"end":{"line":38,"column":3}}},"3":{"name":"(anonymous_4)","decl":{"start":{"line":40,"column":2},"end":{"line":40,"column":7}},"loc":{"start":{"line":40,"column":37},"end":{"line":51,"column":3}}},"4":{"name":"(anonymous_5)","decl":{"start":{"line":53,"column":2},"end":{"line":53,"column":7}},"loc":{"start":{"line":53,"column":43},"end":{"line":76,"column":3}}}},"branchMap":{"0":{"loc":{"start":{"line":20,"column":6},"end":{"line":22,"column":7}},"type":"if","locations":[{"start":{"line":20,"column":6},"end":{"line":22,"column":7}},{"start":{},"end":{}}]},"1":{"loc":{"start":{"line":33,"column":8},"end":{"line":35,"column":34}},"type":"binary-expr","locations":[{"start":{"line":33,"column":8},"end":{"line":33,"column":37}},{"start":{"line":34,"column":8},"end":{"line":34,"column":21}},{"start":{"line":35,"column":8},"end":{"line":35,"column":34}}]},"2":{"loc":{"start":{"line":46,"column":8},"end":{"line":48,"column":36}},"type":"binary-expr","locations":[{"start":{"line":46,"column":8},"end":{"line":46,"column":37}},{"start":{"line":47,"column":8},"end":{"line":47,"column":21}},{"start":{"line":48,"column":8},"end":{"line":48,"column":36}}]},"3":{"loc":{"start":{"line":59,"column":20},"end":{"line":59,"column":55}},"type":"binary-expr","locations":[{"start":{"line":59,"column":20},"end":{"line":59,"column":36}},{"start":{"line":59,"column":40},"end":{"line":59,"column":55}}]},"4":{"loc":{"start":{"line":62,"column":6},"end":{"line":68,"column":7}},"type":"if","locations":[{"start":{"line":62,"column":6},"end":{"line":68,"column":7}},{"start":{},"end":{}}]},"5":{"loc":{"start":{"line":62,"column":10},"end":{"line":62,"column":57}},"type":"binary-expr","locations":[{"start":{"line":62,"column":10},"end":{"line":62,"column":24}},{"start":{"line":62,"column":28},"end":{"line":62,"column":57}}]},"6":{"loc":{"start":{"line":71,"column":8},"end":{"line":73,"column":45}},"type":"binary-expr","locations":[{"start":{"line":71,"column":8},"end":{"line":71,"column":37}},{"start":{"line":72,"column":8},"end":{"line":72,"column":21}},{"start":{"line":73,"column":8},"end":{"line":73,"column":45}}]}},"s":{"0":1,"1":1,"2":1,"3":1,"4":1,"5":0,"6":0,"7":0,"8":0,"9":0,"10":0,"11":0,"12":0,"13":0,"14":0,"15":0,"16":0,"17":0,"18":0,"19":0,"20":0,"21":0,"22":0,"23":0,"24":0,"25":0,"26":0,"27":0,"28":1},"f":{"0":1,"1":0,"2":0,"3":0,"4":0},"b":{"0":[0,0],"1":[0,0,0],"2":[0,0,0],"3":[0,0],"4":[0,0],"5":[0,0],"6":[0,0,0]}}
,"C:\\Users\\ikaro\\Promotor_app\\src\\model\\repositories\\LocationRepository.ts": {"path":"C:\\Users\\ikaro\\Promotor_app\\src\\model\\repositories\\LocationRepository.ts","statementMap":{"0":{"start":{"line":1,"column":0},"end":{"line":1,"column":26}},"1":{"start":{"line":4,"column":0},"end":{"line":4,"column":48}},"2":{"start":{"line":5,"column":0},"end":{"line":5,"column":54}},"3":{"start":{"line":8,"column":16},"end":{"line":14,"column":4}},"4":{"start":{"line":18,"column":4},"end":{"line":24,"column":7}},"5":{"start":{"line":19,"column":20},"end":{"line":19,"column":48}},"6":{"start":{"line":20,"column":6},"end":{"line":22,"column":7}},"7":{"start":{"line":21,"column":8},"end":{"line":21,"column":57}},"8":{"start":{"line":23,"column":6},"end":{"line":23,"column":20}},"9":{"start":{"line":28,"column":4},"end":{"line":40,"column":5}},"10":{"start":{"line":29,"column":23},"end":{"line":30,"column":null}},"11":{"start":{"line":32,"column":6},"end":{"line":32,"column":27}},"12":{"start":{"line":34,"column":6},"end":{"line":34,"column":64}},"13":{"start":{"line":36,"column":8},"end":{"line":38,"column":45}},"14":{"start":{"line":39,"column":6},"end":{"line":39,"column":27}},"15":{"start":{"line":44,"column":4},"end":{"line":56,"column":5}},"16":{"start":{"line":45,"column":23},"end":{"line":46,"column":null}},"17":{"start":{"line":48,"column":6},"end":{"line":48,"column":27}},"18":{"start":{"line":50,"column":6},"end":{"line":50,"column":71}},"19":{"start":{"line":52,"column":8},"end":{"line":54,"column":52}},"20":{"start":{"line":55,"column":6},"end":{"line":55,"column":27}},"21":{"start":{"line":65,"column":4},"end":{"line":74,"column":5}},"22":{"start":{"line":66,"column":6},"end":{"line":66,"column":60}},"23":{"start":{"line":68,"column":6},"end":{"line":68,"column":58}},"24":{"start":{"line":70,"column":8},"end":{"line":72,"column":37}},"25":{"start":{"line":73,"column":6},"end":{"line":73,"column":27}},"26":{"start":{"line":7,"column":0},"end":{"line":7,"column":13}}},"fnMap":{"0":{"name":"(anonymous_1)","decl":{"start":{"line":16,"column":2},"end":{"line":16,"column":null}},"loc":{"start":{"line":16,"column":2},"end":{"line":25,"column":3}}},"1":{"name":"(anonymous_2)","decl":{"start":{"line":18,"column":38},"end":{"line":18,"column":43}},"loc":{"start":{"line":18,"column":55},"end":{"line":24,"column":5}}},"2":{"name":"(anonymous_3)","decl":{"start":{"line":27,"column":2},"end":{"line":27,"column":7}},"loc":{"start":{"line":27,"column":45},"end":{"line":41,"column":3}}},"3":{"name":"(anonymous_4)","decl":{"start":{"line":43,"column":2},"end":{"line":43,"column":7}},"loc":{"start":{"line":43,"column":45},"end":{"line":57,"column":3}}},"4":{"name":"(anonymous_5)","decl":{"start":{"line":59,"column":2},"end":{"line":59,"column":7}},"loc":{"start":{"line":64,"column":3},"end":{"line":75,"column":3}}}},"branchMap":{"0":{"loc":{"start":{"line":20,"column":6},"end":{"line":22,"column":7}},"type":"if","locations":[{"start":{"line":20,"column":6},"end":{"line":22,"column":7}},{"start":{},"end":{}}]},"1":{"loc":{"start":{"line":36,"column":8},"end":{"line":38,"column":45}},"type":"binary-expr","locations":[{"start":{"line":36,"column":8},"end":{"line":36,"column":37}},{"start":{"line":37,"column":8},"end":{"line":37,"column":21}},{"start":{"line":38,"column":8},"end":{"line":38,"column":45}}]},"2":{"loc":{"start":{"line":52,"column":8},"end":{"line":54,"column":52}},"type":"binary-expr","locations":[{"start":{"line":52,"column":8},"end":{"line":52,"column":37}},{"start":{"line":53,"column":8},"end":{"line":53,"column":21}},{"start":{"line":54,"column":8},"end":{"line":54,"column":52}}]},"3":{"loc":{"start":{"line":70,"column":8},"end":{"line":72,"column":37}},"type":"binary-expr","locations":[{"start":{"line":70,"column":8},"end":{"line":70,"column":37}},{"start":{"line":71,"column":8},"end":{"line":71,"column":21}},{"start":{"line":72,"column":8},"end":{"line":72,"column":37}}]}},"s":{"0":1,"1":1,"2":1,"3":1,"4":1,"5":0,"6":0,"7":0,"8":0,"9":0,"10":0,"11":0,"12":0,"13":0,"14":0,"15":0,"16":0,"17":0,"18":0,"19":0,"20":0,"21":0,"22":0,"23":0,"24":0,"25":0,"26":1},"f":{"0":1,"1":0,"2":0,"3":0,"4":0},"b":{"0":[0,0],"1":[0,0,0],"2":[0,0,0],"3":[0,0,0]}}
,"C:\\Users\\ikaro\\Promotor_app\\src\\model\\repositories\\leadRepository.ts": {"path":"C:\\Users\\ikaro\\Promotor_app\\src\\model\\repositories\\leadRepository.ts","statementMap":{"0":{"start":{"line":1,"column":0},"end":{"line":1,"column":26}},"1":{"start":{"line":4,"column":0},"end":{"line":4,"column":48}},"2":{"start":{"line":5,"column":0},"end":{"line":5,"column":54}},"3":{"start":{"line":8,"column":16},"end":{"line":14,"column":4}},"4":{"start":{"line":18,"column":4},"end":{"line":24,"column":7}},"5":{"start":{"line":19,"column":20},"end":{"line":19,"column":48}},"6":{"start":{"line":20,"column":6},"end":{"line":22,"column":7}},"7":{"start":{"line":21,"column":8},"end":{"line":21,"column":57}},"8":{"start":{"line":23,"column":6},"end":{"line":23,"column":20}},"9":{"start":{"line":28,"column":4},"end":{"line":38,"column":5}},"10":{"start":{"line":29,"column":23},"end":{"line":29,"column":60}},"11":{"start":{"line":30,"column":6},"end":{"line":30,"column":27}},"12":{"start":{"line":32,"column":6},"end":{"line":32,"column":52}},"13":{"start":{"line":34,"column":8},"end":{"line":36,"column":33}},"14":{"start":{"line":37,"column":6},"end":{"line":37,"column":27}},"15":{"start":{"line":42,"column":4},"end":{"line":48,"column":5}},"16":{"start":{"line":43,"column":23},"end":{"line":43,"column":66}},"17":{"start":{"line":44,"column":6},"end":{"line":44,"column":27}},"18":{"start":{"line":46,"column":6},"end":{"line":46,"column":58}},"19":{"start":{"line":47,"column":6},"end":{"line":47,"column":18}},"20":{"start":{"line":52,"column":4},"end":{"line":65,"column":5}},"21":{"start":{"line":53,"column":22},"end":{"line":57,"column":8}},"22":{"start":{"line":58,"column":23},"end":{"line":58,"column":70}},"23":{"start":{"line":59,"column":6},"end":{"line":59,"column":27}},"24":{"start":{"line":61,"column":6},"end":{"line":61,"column":50}},"25":{"start":{"line":63,"column":8},"end":{"line":63,"column":79}},"26":{"start":{"line":64,"column":6},"end":{"line":64,"column":27}},"27":{"start":{"line":69,"column":4},"end":{"line":83,"column":5}},"28":{"start":{"line":70,"column":22},"end":{"line":74,"column":8}},"29":{"start":{"line":75,"column":6},"end":{"line":75,"column":59}},"30":{"start":{"line":77,"column":6},"end":{"line":77,"column":54}},"31":{"start":{"line":79,"column":8},"end":{"line":81,"column":33}},"32":{"start":{"line":82,"column":6},"end":{"line":82,"column":27}},"33":{"start":{"line":87,"column":4},"end":{"line":96,"column":5}},"34":{"start":{"line":88,"column":6},"end":{"line":88,"column":53}},"35":{"start":{"line":90,"column":6},"end":{"line":90,"column":52}},"36":{"start":{"line":92,"column":8},"end":{"line":94,"column":31}},"37":{"start":{"line":95,"column":6},"end":{"line":95,"column":27}},"38":{"start":{"line":7,"column":0},"end":{"line":7,"column":13}},"39":{"start":{"line":100,"column":13},"end":{"line":100,"column":51}}},"fnMap":{"0":{"name":"(anonymous_1)","decl":{"start":{"line":16,"column":2},"end":{"line":16,"column":null}},"loc":{"start":{"line":16,"column":2},"end":{"line":25,"column":3}}},"1":{"name":"(anonymous_2)","decl":{"start":{"line":18,"column":38},"end":{"line":18,"column":43}},"loc":{"start":{"line":18,"column":55},"end":{"line":24,"column":5}}},"2":{"name":"(anonymous_3)","decl":{"start":{"line":27,"column":2},"end":{"line":27,"column":7}},"loc":{"start":{"line":27,"column":14},"end":{"line":39,"column":3}}},"3":{"name":"(anonymous_4)","decl":{"start":{"line":41,"column":2},"end":{"line":41,"column":7}},"loc":{"start":{"line":41,"column":26},"end":{"line":49,"column":3}}},"4":{"name":"(anonymous_5)","decl":{"start":{"line":51,"column":2},"end":{"line":51,"column":7}},"loc":{"start":{"line":51,"column":37},"end":{"line":66,"column":3}}},"5":{"name":"(anonymous_6)","decl":{"start":{"line":68,"column":2},"end":{"line":68,"column":7}},"loc":{"start":{"line":68,"column":46},"end":{"line":84,"column":3}}},"6":{"name":"(anonymous_7)","decl":{"start":{"line":86,"column":2},"end":{"line":86,"column":7}},"loc":{"start":{"line":86,"column":25},"end":{"line":97,"column":3}}}},"branchMap":{"0":{"loc":{"start":{"line":20,"column":6},"end":{"line":22,"column":7}},"type":"if","locations":[{"start":{"line":20,"column":6},"end":{"line":22,"column":7}},{"start":{},"end":{}}]},"1":{"loc":{"start":{"line":34,"column":8},"end":{"line":36,"column":33}},"type":"binary-expr","locations":[{"start":{"line":34,"column":8},"end":{"line":34,"column":37}},{"start":{"line":35,"column":8},"end":{"line":35,"column":21}},{"start":{"line":36,"column":8},"end":{"line":36,"column":33}}]},"2":{"loc":{"start":{"line":63,"column":8},"end":{"line":63,"column":79}},"type":"binary-expr","locations":[{"start":{"line":63,"column":8},"end":{"line":63,"column":37}},{"start":{"line":63,"column":41},"end":{"line":63,"column":54}},{"start":{"line":63,"column":58},"end":{"line":63,"column":79}}]},"3":{"loc":{"start":{"line":79,"column":8},"end":{"line":81,"column":33}},"type":"binary-expr","locations":[{"start":{"line":79,"column":8},"end":{"line":79,"column":37}},{"start":{"line":80,"column":8},"end":{"line":80,"column":21}},{"start":{"line":81,"column":8},"end":{"line":81,"column":33}}]},"4":{"loc":{"start":{"line":92,"column":8},"end":{"line":94,"column":31}},"type":"binary-expr","locations":[{"start":{"line":92,"column":8},"end":{"line":92,"column":37}},{"start":{"line":93,"column":8},"end":{"line":93,"column":21}},{"start":{"line":94,"column":8},"end":{"line":94,"column":31}}]}},"s":{"0":4,"1":4,"2":4,"3":4,"4":4,"5":0,"6":0,"7":0,"8":0,"9":0,"10":0,"11":0,"12":0,"13":0,"14":0,"15":0,"16":0,"17":0,"18":0,"19":0,"20":0,"21":0,"22":0,"23":0,"24":0,"25":0,"26":0,"27":0,"28":0,"29":0,"30":0,"31":0,"32":0,"33":0,"34":0,"35":0,"36":0,"37":0,"38":4,"39":4},"f":{"0":4,"1":0,"2":0,"3":0,"4":0,"5":0,"6":0},"b":{"0":[0,0],"1":[0,0,0],"2":[0,0,0],"3":[0,0,0],"4":[0,0,0]}}
,"C:\\Users\\ikaro\\Promotor_app\\src\\model\\repositories\\memory\\LeadRepositoryMemory.ts": {"path":"C:\\Users\\ikaro\\Promotor_app\\src\\model\\repositories\\memory\\LeadRepositoryMemory.ts","statementMap":{"0":{"start":{"line":5,"column":2},"end":{"line":9,"column":5}},"1":{"start":{"line":6,"column":14},"end":{"line":6,"column":38}},"2":{"start":{"line":7,"column":14},"end":{"line":7,"column":45}},"3":{"start":{"line":8,"column":4},"end":{"line":8,"column":26}},"4":{"start":{"line":13,"column":26},"end":{"line":13,"column":28}},"5":{"start":{"line":16,"column":4},"end":{"line":16,"column":27}},"6":{"start":{"line":20,"column":17},"end":{"line":20,"column":52}},"7":{"start":{"line":20,"column":40},"end":{"line":20,"column":51}},"8":{"start":{"line":21,"column":4},"end":{"line":21,"column":24}},"9":{"start":{"line":25,"column":26},"end":{"line":28,"column":6}},"10":{"start":{"line":29,"column":4},"end":{"line":29,"column":29}},"11":{"start":{"line":30,"column":4},"end":{"line":30,"column":19}},"12":{"start":{"line":34,"column":18},"end":{"line":34,"column":58}},"13":{"start":{"line":34,"column":46},"end":{"line":34,"column":57}},"14":{"start":{"line":35,"column":4},"end":{"line":37,"column":5}},"15":{"start":{"line":36,"column":6},"end":{"line":36,"column":60}},"16":{"start":{"line":41,"column":4},"end":{"line":41,"column":55}},"17":{"start":{"line":41,"column":42},"end":{"line":41,"column":53}},"18":{"start":{"line":12,"column":0},"end":{"line":12,"column":13}}},"fnMap":{"0":{"name":"generateUUID","decl":{"start":{"line":4,"column":9},"end":{"line":4,"column":21}},"loc":{"start":{"line":4,"column":21},"end":{"line":10,"column":1}}},"1":{"name":"(anonymous_1)","decl":{"start":{"line":5,"column":65},"end":{"line":5,"column":75}},"loc":{"start":{"line":5,"column":76},"end":{"line":9,"column":3}}},"2":{"name":"(anonymous_2)","decl":{"start":{"line":15,"column":2},"end":{"line":15,"column":7}},"loc":{"start":{"line":15,"column":14},"end":{"line":17,"column":3}}},"3":{"name":"(anonymous_3)","decl":{"start":{"line":19,"column":2},"end":{"line":19,"column":7}},"loc":{"start":{"line":19,"column":26},"end":{"line":22,"column":3}}},"4":{"name":"(anonymous_4)","decl":{"start":{"line":20,"column":33},"end":{"line":20,"column":34}},"loc":{"start":{"line":20,"column":40},"end":{"line":20,"column":51}}},"5":{"name":"(anonymous_5)","decl":{"start":{"line":24,"column":2},"end":{"line":24,"column":7}},"loc":{"start":{"line":24,"column":37},"end":{"line":31,"column":3}}},"6":{"name":"(anonymous_6)","decl":{"start":{"line":33,"column":2},"end":{"line":33,"column":7}},"loc":{"start":{"line":33,"column":46},"end":{"line":38,"column":3}}},"7":{"name":"(anonymous_7)","decl":{"start":{"line":34,"column":39},"end":{"line":34,"column":40}},"loc":{"start":{"line":34,"column":46},"end":{"line":34,"column":57}}},"8":{"name":"(anonymous_8)","decl":{"start":{"line":40,"column":2},"end":{"line":40,"column":7}},"loc":{"start":{"line":40,"column":25},"end":{"line":42,"column":3}}},"9":{"name":"(anonymous_9)","decl":{"start":{"line":41,"column":35},"end":{"line":41,"column":36}},"loc":{"start":{"line":41,"column":42},"end":{"line":41,"column":53}}}},"branchMap":{"0":{"loc":{"start":{"line":7,"column":14},"end":{"line":7,"column":45}},"type":"cond-expr","locations":[{"start":{"line":7,"column":26},"end":{"line":7,"column":27}},{"start":{"line":7,"column":30},"end":{"line":7,"column":45}}]},"1":{"loc":{"start":{"line":21,"column":11},"end":{"line":21,"column":23}},"type":"binary-expr","locations":[{"start":{"line":21,"column":11},"end":{"line":21,"column":15}},{"start":{"line":21,"column":19},"end":{"line":21,"column":23}}]},"2":{"loc":{"start":{"line":35,"column":4},"end":{"line":37,"column":5}},"type":"if","locations":[{"start":{"line":35,"column":4},"end":{"line":37,"column":5}},{"start":{},"end":{}}]}},"s":{"0":4,"1":124,"2":124,"3":124,"4":8,"5":5,"6":3,"7":2,"8":3,"9":4,"10":4,"11":4,"12":2,"13":1,"14":2,"15":1,"16":2,"17":1,"18":1},"f":{"0":4,"1":124,"2":5,"3":3,"4":2,"5":4,"6":2,"7":1,"8":2,"9":1},"b":{"0":[120,4],"1":[3,1],"2":[1,1]}}
,"C:\\Users\\ikaro\\Promotor_app\\src\\model\\services\\AuthService.ts": {"path":"C:\\Users\\ikaro\\Promotor_app\\src\\model\\services\\AuthService.ts","statementMap":{"0":{"start":{"line":1,"column":0},"end":{"line":1,"column":69}},"1":{"start":{"line":2,"column":0},"end":{"line":2,"column":45}},"2":{"start":{"line":4,"column":18},"end":{"line":4,"column":30}},"3":{"start":{"line":8,"column":4},"end":{"line":28,"column":5}},"4":{"start":{"line":9,"column":30},"end":{"line":12,"column":8}},"5":{"start":{"line":14,"column":6},"end":{"line":17,"column":7}},"6":{"start":{"line":15,"column":8},"end":{"line":15,"column":47}},"7":{"start":{"line":16,"column":8},"end":{"line":16,"column":21}},"8":{"start":{"line":19,"column":6},"end":{"line":22,"column":7}},"9":{"start":{"line":20,"column":8},"end":{"line":20,"column":73}},"10":{"start":{"line":21,"column":8},"end":{"line":21,"column":20}},"11":{"start":{"line":24,"column":6},"end":{"line":24,"column":19}},"12":{"start":{"line":26,"column":6},"end":{"line":26,"column":45}},"13":{"start":{"line":27,"column":6},"end":{"line":27,"column":19}},"14":{"start":{"line":32,"column":4},"end":{"line":38,"column":5}},"15":{"start":{"line":33,"column":6},"end":{"line":33,"column":36}},"16":{"start":{"line":35,"column":6},"end":{"line":35,"column":46}},"17":{"start":{"line":37,"column":6},"end":{"line":37,"column":47}},"18":{"start":{"line":42,"column":4},"end":{"line":42,"column":49}},"19":{"start":{"line":46,"column":18},"end":{"line":46,"column":39}},"20":{"start":{"line":47,"column":4},"end":{"line":47,"column":19}},"21":{"start":{"line":53,"column":8},"end":{"line":53,"column":37}},"22":{"start":{"line":54,"column":4},"end":{"line":54,"column":60}},"23":{"start":{"line":59,"column":2},"end":{"line":71,"column":3}},"24":{"start":{"line":60,"column":22},"end":{"line":60,"column":70}},"25":{"start":{"line":62,"column":4},"end":{"line":65,"column":5}},"26":{"start":{"line":63,"column":6},"end":{"line":63,"column":55}},"27":{"start":{"line":64,"column":6},"end":{"line":64,"column":19}},"28":{"start":{"line":67,"column":4},"end":{"line":67,"column":16}},"29":{"start":{"line":69,"column":4},"end":{"line":69,"column":45}},"30":{"start":{"line":70,"column":4},"end":{"line":70,"column":17}},"31":{"start":{"line":6,"column":0},"end":{"line":6,"column":13}},"32":{"start":{"line":76,"column":13},"end":{"line":76,"column":45}}},"fnMap":{"0":{"name":"(anonymous_1)","decl":{"start":{"line":7,"column":2},"end":{"line":7,"column":7}},"loc":{"start":{"line":7,"column":45},"end":{"line":29,"column":3}}},"1":{"name":"(anonymous_2)","decl":{"start":{"line":31,"column":2},"end":{"line":31,"column":7}},"loc":{"start":{"line":31,"column":14},"end":{"line":39,"column":3}}},"2":{"name":"(anonymous_3)","decl":{"start":{"line":41,"column":2},"end":{"line":41,"column":7}},"loc":{"start":{"line":41,"column":16},"end":{"line":43,"column":3}}},"3":{"name":"(anonymous_4)","decl":{"start":{"line":45,"column":2},"end":{"line":45,"column":7}},"loc":{"start":{"line":45,"column":23},"end":{"line":48,"column":3}}},"4":{"name":"(anonymous_5)","decl":{"start":{"line":50,"column":2},"end":{"line":50,"column":7}},"loc":{"start":{"line":50,"column":15},"end":{"line":55,"column":3}}},"5":{"name":"(anonymous_6)","decl":{"start":{"line":58,"column":2},"end":{"line":58,"column":7}},"loc":{"start":{"line":58,"column":37},"end":{"line":72,"column":1}}}},"branchMap":{"0":{"loc":{"start":{"line":14,"column":6},"end":{"line":17,"column":7}},"type":"if","locations":[{"start":{"line":14,"column":6},"end":{"line":17,"column":7}},{"start":{},"end":{}}]},"1":{"loc":{"start":{"line":19,"column":6},"end":{"line":22,"column":7}},"type":"if","locations":[{"start":{"line":19,"column":6},"end":{"line":22,"column":7}},{"start":{},"end":{}}]},"2":{"loc":{"start":{"line":54,"column":11},"end":{"line":54,"column":59}},"type":"cond-expr","locations":[{"start":{"line":54,"column":18},"end":{"line":54,"column":52}},{"start":{"line":54,"column":55},"end":{"line":54,"column":59}}]},"3":{"loc":{"start":{"line":62,"column":4},"end":{"line":65,"column":5}},"type":"if","locations":[{"start":{"line":62,"column":4},"end":{"line":65,"column":5}},{"start":{},"end":{}}]}},"s":{"0":4,"1":4,"2":4,"3":0,"4":0,"5":0,"6":0,"7":0,"8":0,"9":0,"10":0,"11":0,"12":0,"13":0,"14":0,"15":0,"16":0,"17":0,"18":0,"19":0,"20":0,"21":0,"22":0,"23":0,"24":0,"25":0,"26":0,"27":0,"28":0,"29":0,"30":0,"31":4,"32":4},"f":{"0":0,"1":0,"2":0,"3":0,"4":0,"5":0},"b":{"0":[0,0],"1":[0,0],"2":[0,0],"3":[0,0]}}
,"C:\\Users\\ikaro\\Promotor_app\\src\\useCases\\JourneyUseCase.ts": {"path":"C:\\Users\\ikaro\\Promotor_app\\src\\useCases\\JourneyUseCase.ts","statementMap":{"0":{"start":{"line":3,"column":0},"end":{"line":3,"column":76}},"1":{"start":{"line":6,"column":22},"end":{"line":6,"column":52}},"2":{"start":{"line":9,"column":4},"end":{"line":9,"column":52}},"3":{"start":{"line":13,"column":4},"end":{"line":13,"column":50}},"4":{"start":{"line":17,"column":4},"end":{"line":17,"column":56}},"5":{"start":{"line":21,"column":4},"end":{"line":21,"column":30}},"6":{"start":{"line":21,"column":14},"end":{"line":21,"column":30}},"7":{"start":{"line":22,"column":4},"end":{"line":22,"column":44}},"8":{"start":{"line":22,"column":33},"end":{"line":22,"column":44}},"9":{"start":{"line":23,"column":4},"end":{"line":23,"column":61}},"10":{"start":{"line":23,"column":30},"end":{"line":23,"column":61}},"11":{"start":{"line":24,"column":4},"end":{"line":27,"column":5}},"12":{"start":{"line":25,"column":17},"end":{"line":25,"column":36}},"13":{"start":{"line":26,"column":6},"end":{"line":26,"column":50}},"14":{"start":{"line":28,"column":4},"end":{"line":32,"column":5}},"15":{"start":{"line":29,"column":6},"end":{"line":29,"column":45}},"16":{"start":{"line":31,"column":6},"end":{"line":31,"column":22}},"17":{"start":{"line":5,"column":0},"end":{"line":5,"column":13}},"18":{"start":{"line":36,"column":13},"end":{"line":36,"column":74}}},"fnMap":{"0":{"name":"(anonymous_0)","decl":{"start":{"line":6,"column":2},"end":{"line":6,"column":22}},"loc":{"start":{"line":6,"column":52},"end":{"line":6,"column":56}}},"1":{"name":"(anonymous_1)","decl":{"start":{"line":8,"column":2},"end":{"line":8,"column":7}},"loc":{"start":{"line":8,"column":39},"end":{"line":10,"column":3}}},"2":{"name":"(anonymous_2)","decl":{"start":{"line":12,"column":2},"end":{"line":12,"column":7}},"loc":{"start":{"line":12,"column":37},"end":{"line":14,"column":3}}},"3":{"name":"(anonymous_3)","decl":{"start":{"line":16,"column":2},"end":{"line":16,"column":7}},"loc":{"start":{"line":16,"column":43},"end":{"line":18,"column":3}}},"4":{"name":"(anonymous_4)","decl":{"start":{"line":20,"column":2},"end":{"line":20,"column":12}},"loc":{"start":{"line":20,"column":55},"end":{"line":33,"column":3}}}},"branchMap":{"0":{"loc":{"start":{"line":20,"column":27},"end":{"line":20,"column":55}},"type":"default-arg","locations":[{"start":{"line":20,"column":38},"end":{"line":20,"column":55}}]},"1":{"loc":{"start":{"line":21,"column":4},"end":{"line":21,"column":30}},"type":"if","locations":[{"start":{"line":21,"column":4},"end":{"line":21,"column":30}},{"start":{},"end":{}}]},"2":{"loc":{"start":{"line":22,"column":4},"end":{"line":22,"column":44}},"type":"if","locations":[{"start":{"line":22,"column":4},"end":{"line":22,"column":44}},{"start":{},"end":{}}]},"3":{"loc":{"start":{"line":23,"column":4},"end":{"line":23,"column":61}},"type":"if","locations":[{"start":{"line":23,"column":4},"end":{"line":23,"column":61}},{"start":{},"end":{}}]},"4":{"loc":{"start":{"line":23,"column":37},"end":{"line":23,"column":60}},"type":"binary-expr","locations":[{"start":{"line":23,"column":37},"end":{"line":23,"column":48}},{"start":{"line":23,"column":52},"end":{"line":23,"column":60}}]},"5":{"loc":{"start":{"line":24,"column":4},"end":{"line":27,"column":5}},"type":"if","locations":[{"start":{"line":24,"column":4},"end":{"line":27,"column":5}},{"start":{},"end":{}}]},"6":{"loc":{"start":{"line":24,"column":8},"end":{"line":24,"column":76}},"type":"binary-expr","locations":[{"start":{"line":24,"column":8},"end":{"line":24,"column":31}},{"start":{"line":24,"column":35},"end":{"line":24,"column":47}},{"start":{"line":24,"column":51},"end":{"line":24,"column":76}}]},"7":{"loc":{"start":{"line":26,"column":13},"end":{"line":26,"column":49}},"type":"cond-expr","locations":[{"start":{"line":26,"column":37},"end":{"line":26,"column":38}},{"start":{"line":26,"column":41},"end":{"line":26,"column":49}}]},"8":{"loc":{"start":{"line":29,"column":13},"end":{"line":29,"column":44}},"type":"binary-expr","locations":[{"start":{"line":29,"column":13},"end":{"line":29,"column":32}},{"start":{"line":29,"column":36},"end":{"line":29,"column":44}}]}},"s":{"0":1,"1":1,"2":0,"3":0,"4":0,"5":0,"6":0,"7":0,"8":0,"9":0,"10":0,"11":0,"12":0,"13":0,"14":0,"15":0,"16":0,"17":1,"18":1},"f":{"0":1,"1":0,"2":0,"3":0,"4":0},"b":{"0":[0],"1":[0,0],"2":[0,0],"3":[0,0],"4":[0,0],"5":[0,0],"6":[0,0,0],"7":[0,0],"8":[0,0]}}
,"C:\\Users\\ikaro\\Promotor_app\\src\\useCases\\LeadUseCase.ts": {"path":"C:\\Users\\ikaro\\Promotor_app\\src\\useCases\\LeadUseCase.ts","statementMap":{"0":{"start":{"line":3,"column":0},"end":{"line":3,"column":70}},"1":{"start":{"line":6,"column":22},"end":{"line":6,"column":49}},"2":{"start":{"line":9,"column":4},"end":{"line":9,"column":36}},"3":{"start":{"line":13,"column":4},"end":{"line":13,"column":28}},"4":{"start":{"line":14,"column":4},"end":{"line":14,"column":40}},"5":{"start":{"line":20,"column":4},"end":{"line":22,"column":5}},"6":{"start":{"line":21,"column":6},"end":{"line":21,"column":50}},"7":{"start":{"line":23,"column":4},"end":{"line":23,"column":37}},"8":{"start":{"line":29,"column":4},"end":{"line":31,"column":5}},"9":{"start":{"line":30,"column":6},"end":{"line":30,"column":50}},"10":{"start":{"line":32,"column":4},"end":{"line":34,"column":5}},"11":{"start":{"line":33,"column":6},"end":{"line":33,"column":65}},"12":{"start":{"line":35,"column":4},"end":{"line":35,"column":43}},"13":{"start":{"line":39,"column":4},"end":{"line":41,"column":5}},"14":{"start":{"line":40,"column":6},"end":{"line":40,"column":44}},"15":{"start":{"line":42,"column":4},"end":{"line":44,"column":5}},"16":{"start":{"line":43,"column":6},"end":{"line":43,"column":43}},"17":{"start":{"line":45,"column":21},"end":{"line":45,"column":48}},"18":{"start":{"line":46,"column":4},"end":{"line":48,"column":5}},"19":{"start":{"line":47,"column":6},"end":{"line":47,"column":49}},"20":{"start":{"line":49,"column":4},"end":{"line":51,"column":5}},"21":{"start":{"line":50,"column":6},"end":{"line":50,"column":48}},"22":{"start":{"line":55,"column":4},"end":{"line":57,"column":5}},"23":{"start":{"line":56,"column":6},"end":{"line":56,"column":19}},"24":{"start":{"line":58,"column":14},"end":{"line":58,"column":33}},"25":{"start":{"line":59,"column":4},"end":{"line":64,"column":6}},"26":{"start":{"line":61,"column":8},"end":{"line":63,"column":47}},"27":{"start":{"line":68,"column":4},"end":{"line":68,"column":30}},"28":{"start":{"line":68,"column":14},"end":{"line":68,"column":30}},"29":{"start":{"line":69,"column":4},"end":{"line":69,"column":44}},"30":{"start":{"line":69,"column":33},"end":{"line":69,"column":44}},"31":{"start":{"line":70,"column":4},"end":{"line":70,"column":61}},"32":{"start":{"line":70,"column":30},"end":{"line":70,"column":61}},"33":{"start":{"line":71,"column":4},"end":{"line":74,"column":5}},"34":{"start":{"line":72,"column":17},"end":{"line":72,"column":36}},"35":{"start":{"line":73,"column":6},"end":{"line":73,"column":50}},"36":{"start":{"line":75,"column":4},"end":{"line":79,"column":5}},"37":{"start":{"line":76,"column":6},"end":{"line":76,"column":45}},"38":{"start":{"line":78,"column":6},"end":{"line":78,"column":22}},"39":{"start":{"line":5,"column":0},"end":{"line":5,"column":13}},"40":{"start":{"line":83,"column":13},"end":{"line":83,"column":59}}},"fnMap":{"0":{"name":"(anonymous_0)","decl":{"start":{"line":6,"column":2},"end":{"line":6,"column":22}},"loc":{"start":{"line":6,"column":49},"end":{"line":6,"column":54}}},"1":{"name":"(anonymous_1)","decl":{"start":{"line":8,"column":2},"end":{"line":8,"column":7}},"loc":{"start":{"line":8,"column":16},"end":{"line":10,"column":3}}},"2":{"name":"(anonymous_2)","decl":{"start":{"line":12,"column":2},"end":{"line":12,"column":7}},"loc":{"start":{"line":12,"column":41},"end":{"line":15,"column":3}}},"3":{"name":"(anonymous_3)","decl":{"start":{"line":19,"column":2},"end":{"line":19,"column":7}},"loc":{"start":{"line":19,"column":29},"end":{"line":24,"column":3}}},"4":{"name":"(anonymous_4)","decl":{"start":{"line":28,"column":2},"end":{"line":28,"column":7}},"loc":{"start":{"line":28,"column":48},"end":{"line":36,"column":3}}},"5":{"name":"(anonymous_5)","decl":{"start":{"line":38,"column":2},"end":{"line":38,"column":14}},"loc":{"start":{"line":38,"column":37},"end":{"line":52,"column":3}}},"6":{"name":"(anonymous_6)","decl":{"start":{"line":54,"column":2},"end":{"line":54,"column":13}},"loc":{"start":{"line":54,"column":42},"end":{"line":65,"column":3}}},"7":{"name":"(anonymous_7)","decl":{"start":{"line":60,"column":6},"end":{"line":60,"column":7}},"loc":{"start":{"line":61,"column":8},"end":{"line":63,"column":47}}},"8":{"name":"(anonymous_8)","decl":{"start":{"line":67,"column":2},"end":{"line":67,"column":12}},"loc":{"start":{"line":67,"column":55},"end":{"line":80,"column":3}}}},"branchMap":{"0":{"loc":{"start":{"line":20,"column":4},"end":{"line":22,"column":5}},"type":"if","locations":[{"start":{"line":20,"column":4},"end":{"line":22,"column":5}},{"start":{},"end":{}}]},"1":{"loc":{"start":{"line":29,"column":4},"end":{"line":31,"column":5}},"type":"if","locations":[{"start":{"line":29,"column":4},"end":{"line":31,"column":5}},{"start":{},"end":{}}]},"2":{"loc":{"start":{"line":32,"column":4},"end":{"line":34,"column":5}},"type":"if","locations":[{"start":{"line":32,"column":4},"end":{"line":34,"column":5}},{"start":{},"end":{}}]},"3":{"loc":{"start":{"line":32,"column":8},"end":{"line":32,"column":47}},"type":"binary-expr","locations":[{"start":{"line":32,"column":8},"end":{"line":32,"column":13}},{"start":{"line":32,"column":17},"end":{"line":32,"column":47}}]},"4":{"loc":{"start":{"line":39,"column":4},"end":{"line":41,"column":5}},"type":"if","locations":[{"start":{"line":39,"column":4},"end":{"line":41,"column":5}},{"start":{},"end":{}}]},"5":{"loc":{"start":{"line":42,"column":4},"end":{"line":44,"column":5}},"type":"if","locations":[{"start":{"line":42,"column":4},"end":{"line":44,"column":5}},{"start":{},"end":{}}]},"6":{"loc":{"start":{"line":46,"column":4},"end":{"line":48,"column":5}},"type":"if","locations":[{"start":{"line":46,"column":4},"end":{"line":48,"column":5}},{"start":{},"end":{}}]},"7":{"loc":{"start":{"line":49,"column":4},"end":{"line":51,"column":5}},"type":"if","locations":[{"start":{"line":49,"column":4},"end":{"line":51,"column":5}},{"start":{},"end":{}}]},"8":{"loc":{"start":{"line":55,"column":4},"end":{"line":57,"column":5}},"type":"if","locations":[{"start":{"line":55,"column":4},"end":{"line":57,"column":5}},{"start":{},"end":{}}]},"9":{"loc":{"start":{"line":61,"column":8},"end":{"line":63,"column":47}},"type":"binary-expr","locations":[{"start":{"line":61,"column":8},"end":{"line":61,"column":43}},{"start":{"line":62,"column":8},"end":{"line":62,"column":28}},{"start":{"line":63,"column":8},"end":{"line":63,"column":47}}]},"10":{"loc":{"start":{"line":67,"column":27},"end":{"line":67,"column":55}},"type":"default-arg","locations":[{"start":{"line":67,"column":38},"end":{"line":67,"column":55}}]},"11":{"loc":{"start":{"line":68,"column":4},"end":{"line":68,"column":30}},"type":"if","locations":[{"start":{"line":68,"column":4},"end":{"line":68,"column":30}},{"start":{},"end":{}}]},"12":{"loc":{"start":{"line":69,"column":4},"end":{"line":69,"column":44}},"type":"if","locations":[{"start":{"line":69,"column":4},"end":{"line":69,"column":44}},{"start":{},"end":{}}]},"13":{"loc":{"start":{"line":70,"column":4},"end":{"line":70,"column":61}},"type":"if","locations":[{"start":{"line":70,"column":4},"end":{"line":70,"column":61}},{"start":{},"end":{}}]},"14":{"loc":{"start":{"line":70,"column":37},"end":{"line":70,"column":60}},"type":"binary-expr","locations":[{"start":{"line":70,"column":37},"end":{"line":70,"column":48}},{"start":{"line":70,"column":52},"end":{"line":70,"column":60}}]},"15":{"loc":{"start":{"line":71,"column":4},"end":{"line":74,"column":5}},"type":"if","locations":[{"start":{"line":71,"column":4},"end":{"line":74,"column":5}},{"start":{},"end":{}}]},"16":{"loc":{"start":{"line":71,"column":8},"end":{"line":71,"column":76}},"type":"binary-expr","locations":[{"start":{"line":71,"column":8},"end":{"line":71,"column":31}},{"start":{"line":71,"column":35},"end":{"line":71,"column":47}},{"start":{"line":71,"column":51},"end":{"line":71,"column":76}}]},"17":{"loc":{"start":{"line":73,"column":13},"end":{"line":73,"column":49}},"type":"cond-expr","locations":[{"start":{"line":73,"column":37},"end":{"line":73,"column":38}},{"start":{"line":73,"column":41},"end":{"line":73,"column":49}}]},"18":{"loc":{"start":{"line":76,"column":13},"end":{"line":76,"column":44}},"type":"binary-expr","locations":[{"start":{"line":76,"column":13},"end":{"line":76,"column":32}},{"start":{"line":76,"column":36},"end":{"line":76,"column":44}}]}},"s":{"0":6,"1":8,"2":4,"3":5,"4":2,"5":1,"6":0,"7":1,"8":1,"9":0,"10":1,"11":0,"12":1,"13":5,"14":1,"15":4,"16":1,"17":3,"18":3,"19":1,"20":2,"21":0,"22":2,"23":0,"24":2,"25":2,"26":4,"27":5,"28":0,"29":5,"30":0,"31":5,"32":5,"33":0,"34":0,"35":0,"36":0,"37":0,"38":0,"39":6,"40":6},"f":{"0":8,"1":4,"2":5,"3":1,"4":1,"5":5,"6":2,"7":4,"8":5},"b":{"0":[0,1],"1":[0,1],"2":[0,1],"3":[1,1],"4":[1,4],"5":[1,3],"6":[1,2],"7":[0,2],"8":[0,2],"9":[4,2,2],"10":[1],"11":[0,5],"12":[0,5],"13":[5,0],"14":[5,0],"15":[0,0],"16":[0,0,0],"17":[0,0],"18":[0,0]}}
,"C:\\Users\\ikaro\\Promotor_app\\src\\useCases\\LocationUseCase.ts": {"path":"C:\\Users\\ikaro\\Promotor_app\\src\\useCases\\LocationUseCase.ts","statementMap":{"0":{"start":{"line":3,"column":0},"end":{"line":3,"column":78}},"1":{"start":{"line":6,"column":22},"end":{"line":6,"column":53}},"2":{"start":{"line":9,"column":4},"end":{"line":9,"column":58}},"3":{"start":{"line":13,"column":4},"end":{"line":13,"column":58}},"4":{"start":{"line":22,"column":4},"end":{"line":22,"column":46}},"5":{"start":{"line":26,"column":4},"end":{"line":26,"column":30}},"6":{"start":{"line":26,"column":14},"end":{"line":26,"column":30}},"7":{"start":{"line":27,"column":4},"end":{"line":27,"column":44}},"8":{"start":{"line":27,"column":33},"end":{"line":27,"column":44}},"9":{"start":{"line":28,"column":4},"end":{"line":28,"column":61}},"10":{"start":{"line":28,"column":30},"end":{"line":28,"column":61}},"11":{"start":{"line":29,"column":4},"end":{"line":32,"column":5}},"12":{"start":{"line":30,"column":17},"end":{"line":30,"column":36}},"13":{"start":{"line":31,"column":6},"end":{"line":31,"column":50}},"14":{"start":{"line":33,"column":4},"end":{"line":37,"column":5}},"15":{"start":{"line":34,"column":6},"end":{"line":34,"column":45}},"16":{"start":{"line":36,"column":6},"end":{"line":36,"column":22}},"17":{"start":{"line":5,"column":0},"end":{"line":5,"column":13}},"18":{"start":{"line":41,"column":13},"end":{"line":41,"column":77}}},"fnMap":{"0":{"name":"(anonymous_0)","decl":{"start":{"line":6,"column":2},"end":{"line":6,"column":22}},"loc":{"start":{"line":6,"column":53},"end":{"line":6,"column":57}}},"1":{"name":"(anonymous_1)","decl":{"start":{"line":8,"column":2},"end":{"line":8,"column":7}},"loc":{"start":{"line":8,"column":45},"end":{"line":10,"column":3}}},"2":{"name":"(anonymous_2)","decl":{"start":{"line":12,"column":2},"end":{"line":12,"column":7}},"loc":{"start":{"line":12,"column":45},"end":{"line":14,"column":3}}},"3":{"name":"(anonymous_3)","decl":{"start":{"line":16,"column":2},"end":{"line":16,"column":7}},"loc":{"start":{"line":21,"column":3},"end":{"line":23,"column":3}}},"4":{"name":"(anonymous_4)","decl":{"start":{"line":25,"column":2},"end":{"line":25,"column":12}},"loc":{"start":{"line":25,"column":55},"end":{"line":38,"column":3}}}},"branchMap":{"0":{"loc":{"start":{"line":25,"column":27},"end":{"line":25,"column":55}},"type":"default-arg","locations":[{"start":{"line":25,"column":38},"end":{"line":25,"column":55}}]},"1":{"loc":{"start":{"line":26,"column":4},"end":{"line":26,"column":30}},"type":"if","locations":[{"start":{"line":26,"column":4},"end":{"line":26,"column":30}},{"start":{},"end":{}}]},"2":{"loc":{"start":{"line":27,"column":4},"end":{"line":27,"column":44}},"type":"if","locations":[{"start":{"line":27,"column":4},"end":{"line":27,"column":44}},{"start":{},"end":{}}]},"3":{"loc":{"start":{"line":28,"column":4},"end":{"line":28,"column":61}},"type":"if","locations":[{"start":{"line":28,"column":4},"end":{"line":28,"column":61}},{"start":{},"end":{}}]},"4":{"loc":{"start":{"line":28,"column":37},"end":{"line":28,"column":60}},"type":"binary-expr","locations":[{"start":{"line":28,"column":37},"end":{"line":28,"column":48}},{"start":{"line":28,"column":52},"end":{"line":28,"column":60}}]},"5":{"loc":{"start":{"line":29,"column":4},"end":{"line":32,"column":5}},"type":"if","locations":[{"start":{"line":29,"column":4},"end":{"line":32,"column":5}},{"start":{},"end":{}}]},"6":{"loc":{"start":{"line":29,"column":8},"end":{"line":29,"column":76}},"type":"binary-expr","locations":[{"start":{"line":29,"column":8},"end":{"line":29,"column":31}},{"start":{"line":29,"column":35},"end":{"line":29,"column":47}},{"start":{"line":29,"column":51},"end":{"line":29,"column":76}}]},"7":{"loc":{"start":{"line":31,"column":13},"end":{"line":31,"column":49}},"type":"cond-expr","locations":[{"start":{"line":31,"column":37},"end":{"line":31,"column":38}},{"start":{"line":31,"column":41},"end":{"line":31,"column":49}}]},"8":{"loc":{"start":{"line":34,"column":13},"end":{"line":34,"column":44}},"type":"binary-expr","locations":[{"start":{"line":34,"column":13},"end":{"line":34,"column":32}},{"start":{"line":34,"column":36},"end":{"line":34,"column":44}}]}},"s":{"0":1,"1":1,"2":0,"3":0,"4":0,"5":0,"6":0,"7":0,"8":0,"9":0,"10":0,"11":0,"12":0,"13":0,"14":0,"15":0,"16":0,"17":1,"18":1},"f":{"0":1,"1":0,"2":0,"3":0,"4":0},"b":{"0":[0],"1":[0,0],"2":[0,0],"3":[0,0],"4":[0,0],"5":[0,0],"6":[0,0,0],"7":[0,0],"8":[0,0]}}
,"C:\\Users\\ikaro\\Promotor_app\\src\\viewmodel\\useDashboardViewModel.ts": {"path":"C:\\Users\\ikaro\\Promotor_app\\src\\viewmodel\\useDashboardViewModel.ts","statementMap":{"0":{"start":{"line":1,"column":0},"end":{"line":1,"column":46}},"1":{"start":{"line":2,"column":0},"end":{"line":2,"column":60}},"2":{"start":{"line":3,"column":0},"end":{"line":3,"column":60}},"3":{"start":{"line":4,"column":0},"end":{"line":4,"column":54}},"4":{"start":{"line":5,"column":0},"end":{"line":5,"column":62}},"5":{"start":{"line":20,"column":37},"end":{"line":103,"column":1}},"6":{"start":{"line":24,"column":32},"end":{"line":24,"column":47}},"7":{"start":{"line":25,"column":28},"end":{"line":25,"column":57}},"8":{"start":{"line":26,"column":34},"end":{"line":26,"column":46}},"9":{"start":{"line":27,"column":36},"end":{"line":27,"column":51}},"10":{"start":{"line":28,"column":38},"end":{"line":28,"column":49}},"11":{"start":{"line":30,"column":19},"end":{"line":50,"column":8}},"12":{"start":{"line":31,"column":4},"end":{"line":31,"column":21}},"13":{"start":{"line":32,"column":4},"end":{"line":32,"column":19}},"14":{"start":{"line":33,"column":4},"end":{"line":49,"column":5}},"15":{"start":{"line":34,"column":19},"end":{"line":34,"column":46}},"16":{"start":{"line":35,"column":6},"end":{"line":35,"column":60}},"17":{"start":{"line":35,"column":17},"end":{"line":35,"column":60}},"18":{"start":{"line":36,"column":6},"end":{"line":36,"column":44}},"19":{"start":{"line":38,"column":22},"end":{"line":38,"column":68}},"20":{"start":{"line":39,"column":6},"end":{"line":39,"column":47}},"21":{"start":{"line":41,"column":20},"end":{"line":41,"column":48}},"22":{"start":{"line":42,"column":6},"end":{"line":42,"column":34}},"23":{"start":{"line":45,"column":8},"end":{"line":45,"column":69}},"24":{"start":{"line":46,"column":6},"end":{"line":46,"column":24}},"25":{"start":{"line":48,"column":6},"end":{"line":48,"column":24}},"26":{"start":{"line":52,"column":27},"end":{"line":88,"column":17}},"27":{"start":{"line":53,"column":4},"end":{"line":53,"column":21}},"28":{"start":{"line":54,"column":4},"end":{"line":54,"column":19}},"29":{"start":{"line":55,"column":4},"end":{"line":87,"column":5}},"30":{"start":{"line":56,"column":19},"end":{"line":56,"column":46}},"31":{"start":{"line":57,"column":6},"end":{"line":57,"column":60}},"32":{"start":{"line":57,"column":17},"end":{"line":57,"column":60}},"33":{"start":{"line":58,"column":6},"end":{"line":76,"column":7}},"34":{"start":{"line":59,"column":8},"end":{"line":59,"column":49}},"35":{"start":{"line":61,"column":8},"end":{"line":61,"column":51}},"36":{"start":{"line":62,"column":8},"end":{"line":75,"column":18}},"37":{"start":{"line":63,"column":31},"end":{"line":63,"column":60}},"38":{"start":{"line":65,"column":12},"end":{"line":65,"column":66}},"39":{"start":{"line":66,"column":10},"end":{"line":74,"column":11}},"40":{"start":{"line":67,"column":28},"end":{"line":67,"column":74}},"41":{"start":{"line":68,"column":12},"end":{"line":73,"column":15}},"42":{"start":{"line":77,"column":22},"end":{"line":77,"column":68}},"43":{"start":{"line":78,"column":6},"end":{"line":78,"column":47}},"44":{"start":{"line":81,"column":8},"end":{"line":83,"column":48}},"45":{"start":{"line":84,"column":6},"end":{"line":84,"column":24}},"46":{"start":{"line":86,"column":6},"end":{"line":86,"column":24}},"47":{"start":{"line":90,"column":2},"end":{"line":102,"column":4}},"48":{"start":{"line":20,"column":13},"end":{"line":20,"column":37}}},"fnMap":{"0":{"name":"(anonymous_9)","decl":{"start":{"line":20,"column":37},"end":{"line":20,"column":null}},"loc":{"start":{"line":23,"column":4},"end":{"line":103,"column":1}}},"1":{"name":"(anonymous_10)","decl":{"start":{"line":30,"column":31},"end":{"line":30,"column":36}},"loc":{"start":{"line":30,"column":42},"end":{"line":50,"column":3}}},"2":{"name":"(anonymous_11)","decl":{"start":{"line":52,"column":39},"end":{"line":52,"column":44}},"loc":{"start":{"line":52,"column":50},"end":{"line":88,"column":3}}},"3":{"name":"(anonymous_12)","decl":{"start":{"line":63,"column":31},"end":{"line":63,"column":44}},"loc":{"start":{"line":63,"column":31},"end":{"line":63,"column":60}}}},"branchMap":{"0":{"loc":{"start":{"line":35,"column":6},"end":{"line":35,"column":60}},"type":"if","locations":[{"start":{"line":35,"column":6},"end":{"line":35,"column":60}},{"start":{},"end":{}}]},"1":{"loc":{"start":{"line":36,"column":18},"end":{"line":36,"column":42}},"type":"binary-expr","locations":[{"start":{"line":36,"column":18},"end":{"line":36,"column":28}},{"start":{"line":36,"column":32},"end":{"line":36,"column":42}}]},"2":{"loc":{"start":{"line":45,"column":8},"end":{"line":45,"column":69}},"type":"cond-expr","locations":[{"start":{"line":45,"column":31},"end":{"line":45,"column":42}},{"start":{"line":45,"column":45},"end":{"line":45,"column":69}}]},"3":{"loc":{"start":{"line":57,"column":6},"end":{"line":57,"column":60}},"type":"if","locations":[{"start":{"line":57,"column":6},"end":{"line":57,"column":60}},{"start":{},"end":{}}]},"4":{"loc":{"start":{"line":58,"column":6},"end":{"line":76,"column":7}},"type":"if","locations":[{"start":{"line":58,"column":6},"end":{"line":76,"column":7}},{"start":{"line":60,"column":13},"end":{"line":76,"column":7}}]},"5":{"loc":{"start":{"line":66,"column":10},"end":{"line":74,"column":11}},"type":"if","locations":[{"start":{"line":66,"column":10},"end":{"line":74,"column":11}},{"start":{},"end":{}}]},"6":{"loc":{"start":{"line":81,"column":8},"end":{"line":83,"column":48}},"type":"cond-expr","locations":[{"start":{"line":82,"column":12},"end":{"line":82,"column":23}},{"start":{"line":83,"column":12},"end":{"line":83,"column":48}}]}},"s":{"0":1,"1":1,"2":1,"3":1,"4":1,"5":1,"6":10,"7":10,"8":10,"9":10,"10":10,"11":10,"12":4,"13":4,"14":4,"15":4,"16":4,"17":1,"18":3,"19":3,"20":3,"21":3,"22":3,"23":1,"24":1,"25":4,"26":10,"27":2,"28":2,"29":2,"30":2,"31":2,"32":0,"33":2,"34":1,"35":1,"36":1,"37":2,"38":0,"39":0,"40":0,"41":0,"42":2,"43":2,"44":0,"45":0,"46":2,"47":10,"48":1},"f":{"0":10,"1":4,"2":2,"3":1},"b":{"0":[1,3],"1":[3,0],"2":[1,0],"3":[0,2],"4":[1,1],"5":[0,0],"6":[0,0]}}
,"C:\\Users\\ikaro\\Promotor_app\\src\\viewmodel\\useLeadRegisterViewModel.ts": {"path":"C:\\Users\\ikaro\\Promotor_app\\src\\viewmodel\\useLeadRegisterViewModel.ts","statementMap":{"0":{"start":{"line":1,"column":0},"end":{"line":1,"column":54}},"1":{"start":{"line":3,"column":0},"end":{"line":3,"column":46}},"2":{"start":{"line":15,"column":40},"end":{"line":48,"column":1}},"3":{"start":{"line":16,"column":32},"end":{"line":16,"column":47}},"4":{"start":{"line":17,"column":28},"end":{"line":17,"column":57}},"5":{"start":{"line":19,"column":23},"end":{"line":31,"column":null}},"6":{"start":{"line":21,"column":6},"end":{"line":21,"column":23}},"7":{"start":{"line":22,"column":6},"end":{"line":22,"column":21}},"8":{"start":{"line":23,"column":6},"end":{"line":29,"column":7}},"9":{"start":{"line":24,"column":8},"end":{"line":24,"column":43}},"10":{"start":{"line":26,"column":8},"end":{"line":26,"column":72}},"11":{"start":{"line":28,"column":8},"end":{"line":28,"column":26}},"12":{"start":{"line":34,"column":21},"end":{"line":36,"column":8}},"13":{"start":{"line":35,"column":4},"end":{"line":35,"column":19}},"14":{"start":{"line":38,"column":2},"end":{"line":47,"column":4}},"15":{"start":{"line":15,"column":13},"end":{"line":15,"column":40}}},"fnMap":{"0":{"name":"(anonymous_0)","decl":{"start":{"line":15,"column":40},"end":{"line":15,"column":43}},"loc":{"start":{"line":15,"column":45},"end":{"line":48,"column":1}}},"1":{"name":"(anonymous_1)","decl":{"start":{"line":20,"column":4},"end":{"line":20,"column":9}},"loc":{"start":{"line":20,"column":37},"end":{"line":30,"column":5}}},"2":{"name":"(anonymous_2)","decl":{"start":{"line":34,"column":33},"end":{"line":34,"column":36}},"loc":{"start":{"line":34,"column":38},"end":{"line":36,"column":3}}}},"branchMap":{},"s":{"0":1,"1":1,"2":1,"3":11,"4":11,"5":11,"6":5,"7":5,"8":5,"9":5,"10":4,"11":5,"12":11,"13":0,"14":11,"15":1},"f":{"0":11,"1":5,"2":0},"b":{}}
,"C:\\Users\\ikaro\\Promotor_app\\src\\viewmodel\\useListLeadsViewModel.ts": {"path":"C:\\Users\\ikaro\\Promotor_app\\src\\viewmodel\\useListLeadsViewModel.ts","statementMap":{"0":{"start":{"line":1,"column":0},"end":{"line":1,"column":54}},"1":{"start":{"line":3,"column":0},"end":{"line":3,"column":46}},"2":{"start":{"line":21,"column":37},"end":{"line":91,"column":1}},"3":{"start":{"line":22,"column":32},"end":{"line":22,"column":56}},"4":{"start":{"line":23,"column":28},"end":{"line":23,"column":57}},"5":{"start":{"line":24,"column":28},"end":{"line":24,"column":48}},"6":{"start":{"line":25,"column":44},"end":{"line":25,"column":64}},"7":{"start":{"line":27,"column":20},"end":{"line":39,"column":8}},"8":{"start":{"line":28,"column":4},"end":{"line":28,"column":21}},"9":{"start":{"line":29,"column":4},"end":{"line":29,"column":19}},"10":{"start":{"line":30,"column":4},"end":{"line":38,"column":5}},"11":{"start":{"line":31,"column":21},"end":{"line":31,"column":49}},"12":{"start":{"line":32,"column":6},"end":{"line":32,"column":31}},"13":{"start":{"line":33,"column":6},"end":{"line":33,"column":23}},"14":{"start":{"line":35,"column":6},"end":{"line":35,"column":44}},"15":{"start":{"line":37,"column":6},"end":{"line":37,"column":24}},"16":{"start":{"line":41,"column":21},"end":{"line":43,"column":8}},"17":{"start":{"line":42,"column":4},"end":{"line":42,"column":19}},"18":{"start":{"line":45,"column":22},"end":{"line":50,"column":null}},"19":{"start":{"line":47,"column":23},"end":{"line":47,"column":68}},"20":{"start":{"line":48,"column":6},"end":{"line":48,"column":25}},"21":{"start":{"line":53,"column":21},"end":{"line":69,"column":8}},"22":{"start":{"line":54,"column":4},"end":{"line":54,"column":21}},"23":{"start":{"line":55,"column":4},"end":{"line":55,"column":19}},"24":{"start":{"line":57,"column":4},"end":{"line":68,"column":5}},"25":{"start":{"line":58,"column":6},"end":{"line":58,"column":39}},"26":{"start":{"line":60,"column":6},"end":{"line":60,"column":64}},"27":{"start":{"line":60,"column":25},"end":{"line":60,"column":62}},"28":{"start":{"line":60,"column":47},"end":{"line":60,"column":61}},"29":{"start":{"line":61,"column":6},"end":{"line":63,"column":8}},"30":{"start":{"line":62,"column":8},"end":{"line":62,"column":45}},"31":{"start":{"line":62,"column":30},"end":{"line":62,"column":44}},"32":{"start":{"line":65,"column":6},"end":{"line":65,"column":44}},"33":{"start":{"line":67,"column":6},"end":{"line":67,"column":24}},"34":{"start":{"line":72,"column":22},"end":{"line":74,"column":21}},"35":{"start":{"line":73,"column":4},"end":{"line":73,"column":28}},"36":{"start":{"line":76,"column":2},"end":{"line":90,"column":4}},"37":{"start":{"line":21,"column":13},"end":{"line":21,"column":37}}},"fnMap":{"0":{"name":"(anonymous_0)","decl":{"start":{"line":21,"column":37},"end":{"line":21,"column":40}},"loc":{"start":{"line":21,"column":42},"end":{"line":91,"column":1}}},"1":{"name":"(anonymous_1)","decl":{"start":{"line":27,"column":32},"end":{"line":27,"column":37}},"loc":{"start":{"line":27,"column":43},"end":{"line":39,"column":3}}},"2":{"name":"(anonymous_2)","decl":{"start":{"line":41,"column":33},"end":{"line":41,"column":36}},"loc":{"start":{"line":41,"column":38},"end":{"line":43,"column":3}}},"3":{"name":"(anonymous_3)","decl":{"start":{"line":46,"column":4},"end":{"line":46,"column":5}},"loc":{"start":{"line":46,"column":22},"end":{"line":49,"column":5}}},"4":{"name":"(anonymous_4)","decl":{"start":{"line":53,"column":33},"end":{"line":53,"column":38}},"loc":{"start":{"line":53,"column":54},"end":{"line":69,"column":3}}},"5":{"name":"(anonymous_5)","decl":{"start":{"line":60,"column":15},"end":{"line":60,"column":16}},"loc":{"start":{"line":60,"column":25},"end":{"line":60,"column":62}}},"6":{"name":"(anonymous_6)","decl":{"start":{"line":60,"column":37},"end":{"line":60,"column":38}},"loc":{"start":{"line":60,"column":47},"end":{"line":60,"column":61}}},"7":{"name":"(anonymous_7)","decl":{"start":{"line":61,"column":23},"end":{"line":61,"column":24}},"loc":{"start":{"line":62,"column":8},"end":{"line":62,"column":45}}},"8":{"name":"(anonymous_8)","decl":{"start":{"line":62,"column":20},"end":{"line":62,"column":21}},"loc":{"start":{"line":62,"column":30},"end":{"line":62,"column":44}}},"9":{"name":"(anonymous_9)","decl":{"start":{"line":72,"column":34},"end":{"line":72,"column":37}},"loc":{"start":{"line":72,"column":39},"end":{"line":74,"column":3}}}},"branchMap":{},"s":{"0":2,"1":2,"2":2,"3":14,"4":14,"5":14,"6":14,"7":14,"8":5,"9":5,"10":5,"11":5,"12":4,"13":4,"14":1,"15":5,"16":14,"17":0,"18":14,"19":2,"20":2,"21":14,"22":1,"23":1,"24":1,"25":1,"26":1,"27":1,"28":1,"29":1,"30":1,"31":1,"32":0,"33":1,"34":14,"35":1,"36":14,"37":2},"f":{"0":14,"1":5,"2":0,"3":2,"4":1,"5":1,"6":1,"7":1,"8":1,"9":1},"b":{}}
}
