{"C:\\project\\Promotor_app\\src\\config\\api.ts": {"path":"C:\\project\\Promotor_app\\src\\config\\api.ts","statementMap":{"0":{"start":{"line":1,"column":13},"end":{"line":1,"column":109}}},"fnMap":{},"branchMap":{"0":{"loc":{"start":{"line":1,"column":28},"end":{"line":1,"column":108}},"type":"binary-expr","locations":[{"start":{"line":1,"column":28},"end":{"line":1,"column":64}},{"start":{"line":1,"column":68},"end":{"line":1,"column":108}}]}},"s":{"0":16},"f":{},"b":{"0":[16,16]}}
,"C:\\project\\Promotor_app\\src\\config\\supabase.ts": {"path":"C:\\project\\Promotor_app\\src\\config\\supabase.ts","statementMap":{"0":{"start":{"line":1,"column":0},"end":{"line":1,"column":53}},"1":{"start":{"line":3,"column":21},"end":{"line":3,"column":63}},"2":{"start":{"line":5,"column":2},"end":{"line":5,"column":63}},"3":{"start":{"line":7,"column":17},"end":{"line":7,"column":60}},"4":{"start":{"line":9,"column":0},"end":{"line":9,"column":24}}},"fnMap":{},"branchMap":{"0":{"loc":{"start":{"line":5,"column":2},"end":{"line":5,"column":63}},"type":"binary-expr","locations":[{"start":{"line":5,"column":2},"end":{"line":5,"column":43}},{"start":{"line":5,"column":47},"end":{"line":5,"column":63}}]}},"s":{"0":10,"1":10,"2":10,"3":10,"4":10},"f":{},"b":{"0":[10,10]}}
,"C:\\project\\Promotor_app\\src\\contexts\\AuthContextBase.ts": {"path":"C:\\project\\Promotor_app\\src\\contexts\\AuthContextBase.ts","statementMap":{"0":{"start":{"line":1,"column":0},"end":{"line":1,"column":38}},"1":{"start":{"line":25,"column":13},"end":{"line":25,"column":71}}},"fnMap":{},"branchMap":{},"s":{"0":1,"1":1},"f":{},"b":{}}
,"C:\\project\\Promotor_app\\src\\contexts\\JourneyContextBase.ts": {"path":"C:\\project\\Promotor_app\\src\\contexts\\JourneyContextBase.ts","statementMap":{"0":{"start":{"line":1,"column":0},"end":{"line":1,"column":38}},"1":{"start":{"line":24,"column":13},"end":{"line":24,"column":77}}},"fnMap":{},"branchMap":{},"s":{"0":1,"1":1},"f":{},"b":{}}
,"C:\\project\\Promotor_app\\src\\errors\\ValidationError.ts": {"path":"C:\\project\\Promotor_app\\src\\errors\\ValidationError.ts","statementMap":{"0":{"start":{"line":6,"column":4},"end":{"line":6,"column":19}},"1":{"start":{"line":3,"column":11},"end":{"line":3,"column":45}},"2":{"start":{"line":1,"column":0},"end":{"line":1,"column":13}}},"fnMap":{"0":{"name":"(anonymous_0)","decl":{"start":{"line":2,"column":2},"end":{"line":2,"column":null}},"loc":{"start":{"line":4,"column":19},"end":{"line":7,"column":3}}}},"branchMap":{},"s":{"0":3,"1":3,"2":7},"f":{"0":3},"b":{}}
,"C:\\project\\Promotor_app\\src\\model\\repositories\\JourneyRepository.ts": {"path":"C:\\project\\Promotor_app\\src\\model\\repositories\\JourneyRepository.ts","statementMap":{"0":{"start":{"line":1,"column":0},"end":{"line":1,"column":26}},"1":{"start":{"line":4,"column":0},"end":{"line":4,"column":48}},"2":{"start":{"line":5,"column":0},"end":{"line":5,"column":54}},"3":{"start":{"line":8,"column":16},"end":{"line":14,"column":4}},"4":{"start":{"line":18,"column":4},"end":{"line":24,"column":7}},"5":{"start":{"line":19,"column":20},"end":{"line":19,"column":48}},"6":{"start":{"line":20,"column":6},"end":{"line":22,"column":7}},"7":{"start":{"line":21,"column":8},"end":{"line":21,"column":57}},"8":{"start":{"line":23,"column":6},"end":{"line":23,"column":20}},"9":{"start":{"line":28,"column":4},"end":{"line":37,"column":5}},"10":{"start":{"line":29,"column":6},"end":{"line":29,"column":71}},"11":{"start":{"line":31,"column":6},"end":{"line":31,"column":55}},"12":{"start":{"line":33,"column":8},"end":{"line":35,"column":34}},"13":{"start":{"line":36,"column":6},"end":{"line":36,"column":27}},"14":{"start":{"line":41,"column":4},"end":{"line":50,"column":5}},"15":{"start":{"line":42,"column":6},"end":{"line":42,"column":73}},"16":{"start":{"line":44,"column":6},"end":{"line":44,"column":57}},"17":{"start":{"line":46,"column":8},"end":{"line":48,"column":36}},"18":{"start":{"line":49,"column":6},"end":{"line":49,"column":27}},"19":{"start":{"line":54,"column":4},"end":{"line":75,"column":5}},"20":{"start":{"line":55,"column":23},"end":{"line":55,"column":69}},"21":{"start":{"line":56,"column":19},"end":{"line":56,"column":32}},"22":{"start":{"line":57,"column":6},"end":{"line":60,"column":8}},"23":{"start":{"line":62,"column":6},"end":{"line":68,"column":7}},"24":{"start":{"line":64,"column":8},"end":{"line":67,"column":10}},"25":{"start":{"line":69,"column":6},"end":{"line":69,"column":64}},"26":{"start":{"line":71,"column":8},"end":{"line":73,"column":45}},"27":{"start":{"line":74,"column":6},"end":{"line":74,"column":27}},"28":{"start":{"line":7,"column":0},"end":{"line":7,"column":13}}},"fnMap":{"0":{"name":"(anonymous_1)","decl":{"start":{"line":16,"column":2},"end":{"line":16,"column":null}},"loc":{"start":{"line":16,"column":2},"end":{"line":25,"column":3}}},"1":{"name":"(anonymous_2)","decl":{"start":{"line":18,"column":38},"end":{"line":18,"column":43}},"loc":{"start":{"line":18,"column":55},"end":{"line":24,"column":5}}},"2":{"name":"(anonymous_3)","decl":{"start":{"line":27,"column":2},"end":{"line":27,"column":7}},"loc":{"start":{"line":27,"column":39},"end":{"line":38,"column":3}}},"3":{"name":"(anonymous_4)","decl":{"start":{"line":40,"column":2},"end":{"line":40,"column":7}},"loc":{"start":{"line":40,"column":37},"end":{"line":51,"column":3}}},"4":{"name":"(anonymous_5)","decl":{"start":{"line":53,"column":2},"end":{"line":53,"column":7}},"loc":{"start":{"line":53,"column":43},"end":{"line":76,"column":3}}}},"branchMap":{"0":{"loc":{"start":{"line":20,"column":6},"end":{"line":22,"column":7}},"type":"if","locations":[{"start":{"line":20,"column":6},"end":{"line":22,"column":7}},{"start":{},"end":{}}]},"1":{"loc":{"start":{"line":33,"column":8},"end":{"line":35,"column":34}},"type":"binary-expr","locations":[{"start":{"line":33,"column":8},"end":{"line":33,"column":37}},{"start":{"line":34,"column":8},"end":{"line":34,"column":21}},{"start":{"line":35,"column":8},"end":{"line":35,"column":34}}]},"2":{"loc":{"start":{"line":46,"column":8},"end":{"line":48,"column":36}},"type":"binary-expr","locations":[{"start":{"line":46,"column":8},"end":{"line":46,"column":37}},{"start":{"line":47,"column":8},"end":{"line":47,"column":21}},{"start":{"line":48,"column":8},"end":{"line":48,"column":36}}]},"3":{"loc":{"start":{"line":59,"column":20},"end":{"line":59,"column":55}},"type":"binary-expr","locations":[{"start":{"line":59,"column":20},"end":{"line":59,"column":36}},{"start":{"line":59,"column":40},"end":{"line":59,"column":55}}]},"4":{"loc":{"start":{"line":62,"column":6},"end":{"line":68,"column":7}},"type":"if","locations":[{"start":{"line":62,"column":6},"end":{"line":68,"column":7}},{"start":{},"end":{}}]},"5":{"loc":{"start":{"line":62,"column":10},"end":{"line":62,"column":57}},"type":"binary-expr","locations":[{"start":{"line":62,"column":10},"end":{"line":62,"column":24}},{"start":{"line":62,"column":28},"end":{"line":62,"column":57}}]},"6":{"loc":{"start":{"line":71,"column":8},"end":{"line":73,"column":45}},"type":"binary-expr","locations":[{"start":{"line":71,"column":8},"end":{"line":71,"column":37}},{"start":{"line":72,"column":8},"end":{"line":72,"column":21}},{"start":{"line":73,"column":8},"end":{"line":73,"column":45}}]}},"s":{"0":4,"1":4,"2":4,"3":12,"4":12,"5":0,"6":0,"7":0,"8":0,"9":2,"10":2,"11":1,"12":1,"13":1,"14":1,"15":1,"16":1,"17":1,"18":1,"19":5,"20":5,"21":3,"22":3,"23":2,"24":1,"25":1,"26":1,"27":1,"28":4},"f":{"0":12,"1":0,"2":2,"3":1,"4":5},"b":{"0":[0,0],"1":[1,0,0],"2":[1,1,0],"3":[3,1],"4":[1,1],"5":[2,2],"6":[1,0,0]}}
,"C:\\project\\Promotor_app\\src\\model\\repositories\\LocationRepository.ts": {"path":"C:\\project\\Promotor_app\\src\\model\\repositories\\LocationRepository.ts","statementMap":{"0":{"start":{"line":1,"column":0},"end":{"line":1,"column":26}},"1":{"start":{"line":4,"column":0},"end":{"line":4,"column":48}},"2":{"start":{"line":5,"column":0},"end":{"line":5,"column":54}},"3":{"start":{"line":8,"column":16},"end":{"line":14,"column":4}},"4":{"start":{"line":18,"column":4},"end":{"line":24,"column":7}},"5":{"start":{"line":19,"column":20},"end":{"line":19,"column":48}},"6":{"start":{"line":20,"column":6},"end":{"line":22,"column":7}},"7":{"start":{"line":21,"column":8},"end":{"line":21,"column":57}},"8":{"start":{"line":23,"column":6},"end":{"line":23,"column":20}},"9":{"start":{"line":28,"column":4},"end":{"line":40,"column":5}},"10":{"start":{"line":29,"column":23},"end":{"line":30,"column":null}},"11":{"start":{"line":32,"column":6},"end":{"line":32,"column":27}},"12":{"start":{"line":34,"column":6},"end":{"line":34,"column":64}},"13":{"start":{"line":36,"column":8},"end":{"line":38,"column":45}},"14":{"start":{"line":39,"column":6},"end":{"line":39,"column":27}},"15":{"start":{"line":44,"column":4},"end":{"line":56,"column":5}},"16":{"start":{"line":45,"column":23},"end":{"line":46,"column":null}},"17":{"start":{"line":48,"column":6},"end":{"line":48,"column":27}},"18":{"start":{"line":50,"column":6},"end":{"line":50,"column":71}},"19":{"start":{"line":52,"column":8},"end":{"line":54,"column":52}},"20":{"start":{"line":55,"column":6},"end":{"line":55,"column":27}},"21":{"start":{"line":65,"column":4},"end":{"line":74,"column":5}},"22":{"start":{"line":66,"column":6},"end":{"line":66,"column":60}},"23":{"start":{"line":68,"column":6},"end":{"line":68,"column":58}},"24":{"start":{"line":70,"column":8},"end":{"line":72,"column":37}},"25":{"start":{"line":73,"column":6},"end":{"line":73,"column":27}},"26":{"start":{"line":7,"column":0},"end":{"line":7,"column":13}}},"fnMap":{"0":{"name":"(anonymous_1)","decl":{"start":{"line":16,"column":2},"end":{"line":16,"column":null}},"loc":{"start":{"line":16,"column":2},"end":{"line":25,"column":3}}},"1":{"name":"(anonymous_2)","decl":{"start":{"line":18,"column":38},"end":{"line":18,"column":43}},"loc":{"start":{"line":18,"column":55},"end":{"line":24,"column":5}}},"2":{"name":"(anonymous_3)","decl":{"start":{"line":27,"column":2},"end":{"line":27,"column":7}},"loc":{"start":{"line":27,"column":45},"end":{"line":41,"column":3}}},"3":{"name":"(anonymous_4)","decl":{"start":{"line":43,"column":2},"end":{"line":43,"column":7}},"loc":{"start":{"line":43,"column":45},"end":{"line":57,"column":3}}},"4":{"name":"(anonymous_5)","decl":{"start":{"line":59,"column":2},"end":{"line":59,"column":7}},"loc":{"start":{"line":64,"column":3},"end":{"line":75,"column":3}}}},"branchMap":{"0":{"loc":{"start":{"line":20,"column":6},"end":{"line":22,"column":7}},"type":"if","locations":[{"start":{"line":20,"column":6},"end":{"line":22,"column":7}},{"start":{},"end":{}}]},"1":{"loc":{"start":{"line":36,"column":8},"end":{"line":38,"column":45}},"type":"binary-expr","locations":[{"start":{"line":36,"column":8},"end":{"line":36,"column":37}},{"start":{"line":37,"column":8},"end":{"line":37,"column":21}},{"start":{"line":38,"column":8},"end":{"line":38,"column":45}}]},"2":{"loc":{"start":{"line":52,"column":8},"end":{"line":54,"column":52}},"type":"binary-expr","locations":[{"start":{"line":52,"column":8},"end":{"line":52,"column":37}},{"start":{"line":53,"column":8},"end":{"line":53,"column":21}},{"start":{"line":54,"column":8},"end":{"line":54,"column":52}}]},"3":{"loc":{"start":{"line":70,"column":8},"end":{"line":72,"column":37}},"type":"binary-expr","locations":[{"start":{"line":70,"column":8},"end":{"line":70,"column":37}},{"start":{"line":71,"column":8},"end":{"line":71,"column":21}},{"start":{"line":72,"column":8},"end":{"line":72,"column":37}}]}},"s":{"0":3,"1":3,"2":3,"3":9,"4":9,"5":0,"6":0,"7":0,"8":0,"9":2,"10":2,"11":1,"12":1,"13":1,"14":1,"15":2,"16":2,"17":1,"18":1,"19":1,"20":1,"21":2,"22":2,"23":1,"24":1,"25":1,"26":3},"f":{"0":9,"1":0,"2":2,"3":2,"4":2},"b":{"0":[0,0],"1":[1,0,0],"2":[1,1,0],"3":[1,0,0]}}
,"C:\\project\\Promotor_app\\src\\model\\repositories\\leadRepository.ts": {"path":"C:\\project\\Promotor_app\\src\\model\\repositories\\leadRepository.ts","statementMap":{"0":{"start":{"line":1,"column":0},"end":{"line":1,"column":26}},"1":{"start":{"line":4,"column":0},"end":{"line":4,"column":48}},"2":{"start":{"line":5,"column":0},"end":{"line":5,"column":54}},"3":{"start":{"line":8,"column":16},"end":{"line":14,"column":4}},"4":{"start":{"line":18,"column":4},"end":{"line":24,"column":7}},"5":{"start":{"line":19,"column":20},"end":{"line":19,"column":48}},"6":{"start":{"line":20,"column":6},"end":{"line":22,"column":7}},"7":{"start":{"line":21,"column":8},"end":{"line":21,"column":57}},"8":{"start":{"line":23,"column":6},"end":{"line":23,"column":20}},"9":{"start":{"line":28,"column":4},"end":{"line":38,"column":5}},"10":{"start":{"line":29,"column":23},"end":{"line":29,"column":60}},"11":{"start":{"line":30,"column":6},"end":{"line":30,"column":27}},"12":{"start":{"line":32,"column":6},"end":{"line":32,"column":52}},"13":{"start":{"line":34,"column":8},"end":{"line":36,"column":33}},"14":{"start":{"line":37,"column":6},"end":{"line":37,"column":27}},"15":{"start":{"line":42,"column":4},"end":{"line":48,"column":5}},"16":{"start":{"line":43,"column":23},"end":{"line":43,"column":66}},"17":{"start":{"line":44,"column":6},"end":{"line":44,"column":27}},"18":{"start":{"line":46,"column":6},"end":{"line":46,"column":58}},"19":{"start":{"line":47,"column":6},"end":{"line":47,"column":18}},"20":{"start":{"line":52,"column":4},"end":{"line":65,"column":5}},"21":{"start":{"line":53,"column":22},"end":{"line":57,"column":8}},"22":{"start":{"line":58,"column":23},"end":{"line":58,"column":70}},"23":{"start":{"line":59,"column":6},"end":{"line":59,"column":27}},"24":{"start":{"line":61,"column":6},"end":{"line":61,"column":50}},"25":{"start":{"line":63,"column":8},"end":{"line":63,"column":79}},"26":{"start":{"line":64,"column":6},"end":{"line":64,"column":27}},"27":{"start":{"line":69,"column":4},"end":{"line":83,"column":5}},"28":{"start":{"line":70,"column":22},"end":{"line":74,"column":8}},"29":{"start":{"line":75,"column":6},"end":{"line":75,"column":59}},"30":{"start":{"line":77,"column":6},"end":{"line":77,"column":54}},"31":{"start":{"line":79,"column":8},"end":{"line":81,"column":33}},"32":{"start":{"line":82,"column":6},"end":{"line":82,"column":27}},"33":{"start":{"line":87,"column":4},"end":{"line":96,"column":5}},"34":{"start":{"line":88,"column":6},"end":{"line":88,"column":53}},"35":{"start":{"line":90,"column":6},"end":{"line":90,"column":52}},"36":{"start":{"line":92,"column":8},"end":{"line":94,"column":31}},"37":{"start":{"line":95,"column":6},"end":{"line":95,"column":27}},"38":{"start":{"line":7,"column":0},"end":{"line":7,"column":13}},"39":{"start":{"line":100,"column":13},"end":{"line":100,"column":51}}},"fnMap":{"0":{"name":"(anonymous_1)","decl":{"start":{"line":16,"column":2},"end":{"line":16,"column":null}},"loc":{"start":{"line":16,"column":2},"end":{"line":25,"column":3}}},"1":{"name":"(anonymous_2)","decl":{"start":{"line":18,"column":38},"end":{"line":18,"column":43}},"loc":{"start":{"line":18,"column":55},"end":{"line":24,"column":5}}},"2":{"name":"(anonymous_3)","decl":{"start":{"line":27,"column":2},"end":{"line":27,"column":7}},"loc":{"start":{"line":27,"column":14},"end":{"line":39,"column":3}}},"3":{"name":"(anonymous_4)","decl":{"start":{"line":41,"column":2},"end":{"line":41,"column":7}},"loc":{"start":{"line":41,"column":26},"end":{"line":49,"column":3}}},"4":{"name":"(anonymous_5)","decl":{"start":{"line":51,"column":2},"end":{"line":51,"column":7}},"loc":{"start":{"line":51,"column":37},"end":{"line":66,"column":3}}},"5":{"name":"(anonymous_6)","decl":{"start":{"line":68,"column":2},"end":{"line":68,"column":7}},"loc":{"start":{"line":68,"column":46},"end":{"line":84,"column":3}}},"6":{"name":"(anonymous_7)","decl":{"start":{"line":86,"column":2},"end":{"line":86,"column":7}},"loc":{"start":{"line":86,"column":25},"end":{"line":97,"column":3}}}},"branchMap":{"0":{"loc":{"start":{"line":20,"column":6},"end":{"line":22,"column":7}},"type":"if","locations":[{"start":{"line":20,"column":6},"end":{"line":22,"column":7}},{"start":{},"end":{}}]},"1":{"loc":{"start":{"line":34,"column":8},"end":{"line":36,"column":33}},"type":"binary-expr","locations":[{"start":{"line":34,"column":8},"end":{"line":34,"column":37}},{"start":{"line":35,"column":8},"end":{"line":35,"column":21}},{"start":{"line":36,"column":8},"end":{"line":36,"column":33}}]},"2":{"loc":{"start":{"line":63,"column":8},"end":{"line":63,"column":79}},"type":"binary-expr","locations":[{"start":{"line":63,"column":8},"end":{"line":63,"column":37}},{"start":{"line":63,"column":41},"end":{"line":63,"column":54}},{"start":{"line":63,"column":58},"end":{"line":63,"column":79}}]},"3":{"loc":{"start":{"line":79,"column":8},"end":{"line":81,"column":33}},"type":"binary-expr","locations":[{"start":{"line":79,"column":8},"end":{"line":79,"column":37}},{"start":{"line":80,"column":8},"end":{"line":80,"column":21}},{"start":{"line":81,"column":8},"end":{"line":81,"column":33}}]},"4":{"loc":{"start":{"line":92,"column":8},"end":{"line":94,"column":31}},"type":"binary-expr","locations":[{"start":{"line":92,"column":8},"end":{"line":92,"column":37}},{"start":{"line":93,"column":8},"end":{"line":93,"column":21}},{"start":{"line":94,"column":8},"end":{"line":94,"column":31}}]}},"s":{"0":6,"1":6,"2":6,"3":15,"4":15,"5":0,"6":0,"7":0,"8":0,"9":2,"10":2,"11":1,"12":1,"13":1,"14":1,"15":2,"16":2,"17":1,"18":1,"19":1,"20":2,"21":2,"22":2,"23":1,"24":1,"25":1,"26":1,"27":1,"28":1,"29":1,"30":0,"31":0,"32":0,"33":1,"34":1,"35":0,"36":0,"37":0,"38":6,"39":6},"f":{"0":15,"1":0,"2":2,"3":2,"4":2,"5":1,"6":1},"b":{"0":[0,0],"1":[1,0,0],"2":[1,1,0],"3":[0,0,0],"4":[0,0,0]}}
,"C:\\project\\Promotor_app\\src\\model\\repositories\\memory\\LeadRepositoryMemory.ts": {"path":"C:\\project\\Promotor_app\\src\\model\\repositories\\memory\\LeadRepositoryMemory.ts","statementMap":{"0":{"start":{"line":5,"column":2},"end":{"line":9,"column":5}},"1":{"start":{"line":6,"column":14},"end":{"line":6,"column":38}},"2":{"start":{"line":7,"column":14},"end":{"line":7,"column":45}},"3":{"start":{"line":8,"column":4},"end":{"line":8,"column":26}},"4":{"start":{"line":13,"column":26},"end":{"line":13,"column":28}},"5":{"start":{"line":16,"column":4},"end":{"line":16,"column":27}},"6":{"start":{"line":20,"column":17},"end":{"line":20,"column":52}},"7":{"start":{"line":20,"column":40},"end":{"line":20,"column":51}},"8":{"start":{"line":21,"column":4},"end":{"line":21,"column":24}},"9":{"start":{"line":25,"column":26},"end":{"line":28,"column":6}},"10":{"start":{"line":29,"column":4},"end":{"line":29,"column":29}},"11":{"start":{"line":30,"column":4},"end":{"line":30,"column":19}},"12":{"start":{"line":34,"column":18},"end":{"line":34,"column":58}},"13":{"start":{"line":34,"column":46},"end":{"line":34,"column":57}},"14":{"start":{"line":35,"column":4},"end":{"line":37,"column":5}},"15":{"start":{"line":36,"column":6},"end":{"line":36,"column":60}},"16":{"start":{"line":41,"column":4},"end":{"line":41,"column":55}},"17":{"start":{"line":41,"column":42},"end":{"line":41,"column":53}},"18":{"start":{"line":12,"column":0},"end":{"line":12,"column":13}}},"fnMap":{"0":{"name":"generateUUID","decl":{"start":{"line":4,"column":9},"end":{"line":4,"column":21}},"loc":{"start":{"line":4,"column":21},"end":{"line":10,"column":1}}},"1":{"name":"(anonymous_1)","decl":{"start":{"line":5,"column":65},"end":{"line":5,"column":75}},"loc":{"start":{"line":5,"column":76},"end":{"line":9,"column":3}}},"2":{"name":"(anonymous_2)","decl":{"start":{"line":15,"column":2},"end":{"line":15,"column":7}},"loc":{"start":{"line":15,"column":14},"end":{"line":17,"column":3}}},"3":{"name":"(anonymous_3)","decl":{"start":{"line":19,"column":2},"end":{"line":19,"column":7}},"loc":{"start":{"line":19,"column":26},"end":{"line":22,"column":3}}},"4":{"name":"(anonymous_4)","decl":{"start":{"line":20,"column":33},"end":{"line":20,"column":34}},"loc":{"start":{"line":20,"column":40},"end":{"line":20,"column":51}}},"5":{"name":"(anonymous_5)","decl":{"start":{"line":24,"column":2},"end":{"line":24,"column":7}},"loc":{"start":{"line":24,"column":37},"end":{"line":31,"column":3}}},"6":{"name":"(anonymous_6)","decl":{"start":{"line":33,"column":2},"end":{"line":33,"column":7}},"loc":{"start":{"line":33,"column":46},"end":{"line":38,"column":3}}},"7":{"name":"(anonymous_7)","decl":{"start":{"line":34,"column":39},"end":{"line":34,"column":40}},"loc":{"start":{"line":34,"column":46},"end":{"line":34,"column":57}}},"8":{"name":"(anonymous_8)","decl":{"start":{"line":40,"column":2},"end":{"line":40,"column":7}},"loc":{"start":{"line":40,"column":25},"end":{"line":42,"column":3}}},"9":{"name":"(anonymous_9)","decl":{"start":{"line":41,"column":35},"end":{"line":41,"column":36}},"loc":{"start":{"line":41,"column":42},"end":{"line":41,"column":53}}}},"branchMap":{"0":{"loc":{"start":{"line":7,"column":14},"end":{"line":7,"column":45}},"type":"cond-expr","locations":[{"start":{"line":7,"column":26},"end":{"line":7,"column":27}},{"start":{"line":7,"column":30},"end":{"line":7,"column":45}}]},"1":{"loc":{"start":{"line":21,"column":11},"end":{"line":21,"column":23}},"type":"binary-expr","locations":[{"start":{"line":21,"column":11},"end":{"line":21,"column":15}},{"start":{"line":21,"column":19},"end":{"line":21,"column":23}}]},"2":{"loc":{"start":{"line":35,"column":4},"end":{"line":37,"column":5}},"type":"if","locations":[{"start":{"line":35,"column":4},"end":{"line":37,"column":5}},{"start":{},"end":{}}]}},"s":{"0":4,"1":124,"2":124,"3":124,"4":8,"5":5,"6":3,"7":2,"8":3,"9":4,"10":4,"11":4,"12":2,"13":1,"14":2,"15":1,"16":2,"17":1,"18":1},"f":{"0":4,"1":124,"2":5,"3":3,"4":2,"5":4,"6":2,"7":1,"8":2,"9":1},"b":{"0":[120,4],"1":[3,1],"2":[1,1]}}
,"C:\\project\\Promotor_app\\src\\model\\services\\AuthService.ts": {"path":"C:\\project\\Promotor_app\\src\\model\\services\\AuthService.ts","statementMap":{"0":{"start":{"line":1,"column":0},"end":{"line":1,"column":69}},"1":{"start":{"line":2,"column":0},"end":{"line":2,"column":26}},"2":{"start":{"line":3,"column":0},"end":{"line":3,"column":48}},"3":{"start":{"line":4,"column":0},"end":{"line":4,"column":45}},"4":{"start":{"line":6,"column":18},"end":{"line":6,"column":30}},"5":{"start":{"line":9,"column":16},"end":{"line":15,"column":4}},"6":{"start":{"line":18,"column":4},"end":{"line":27,"column":6}},"7":{"start":{"line":20,"column":22},"end":{"line":20,"column":59}},"8":{"start":{"line":21,"column":8},"end":{"line":23,"column":9}},"9":{"start":{"line":22,"column":10},"end":{"line":22,"column":59}},"10":{"start":{"line":24,"column":8},"end":{"line":24,"column":22}},"11":{"start":{"line":26,"column":17},"end":{"line":26,"column":38}},"12":{"start":{"line":29,"column":4},"end":{"line":37,"column":6}},"13":{"start":{"line":30,"column":20},"end":{"line":30,"column":28}},"14":{"start":{"line":32,"column":8},"end":{"line":34,"column":9}},"15":{"start":{"line":33,"column":10},"end":{"line":33,"column":51}},"16":{"start":{"line":35,"column":8},"end":{"line":35,"column":37}},"17":{"start":{"line":42,"column":4},"end":{"line":61,"column":5}},"18":{"start":{"line":43,"column":23},"end":{"line":46,"column":8}},"19":{"start":{"line":48,"column":6},"end":{"line":51,"column":7}},"20":{"start":{"line":49,"column":8},"end":{"line":49,"column":52}},"21":{"start":{"line":50,"column":8},"end":{"line":50,"column":21}},"22":{"start":{"line":53,"column":6},"end":{"line":53,"column":62}},"23":{"start":{"line":54,"column":6},"end":{"line":54,"column":18}},"24":{"start":{"line":56,"column":6},"end":{"line":59,"column":8}},"25":{"start":{"line":60,"column":6},"end":{"line":60,"column":19}},"26":{"start":{"line":65,"column":4},"end":{"line":65,"column":45}},"27":{"start":{"line":70,"column":4},"end":{"line":70,"column":43}},"28":{"start":{"line":74,"column":4},"end":{"line":74,"column":37}},"29":{"start":{"line":78,"column":4},"end":{"line":83,"column":5}},"30":{"start":{"line":79,"column":23},"end":{"line":79,"column":53}},"31":{"start":{"line":80,"column":6},"end":{"line":80,"column":18}},"32":{"start":{"line":82,"column":6},"end":{"line":82,"column":18}},"33":{"start":{"line":87,"column":2},"end":{"line":99,"column":3}},"34":{"start":{"line":88,"column":22},"end":{"line":88,"column":70}},"35":{"start":{"line":90,"column":4},"end":{"line":93,"column":5}},"36":{"start":{"line":91,"column":6},"end":{"line":91,"column":55}},"37":{"start":{"line":92,"column":6},"end":{"line":92,"column":19}},"38":{"start":{"line":95,"column":4},"end":{"line":95,"column":16}},"39":{"start":{"line":97,"column":4},"end":{"line":97,"column":45}},"40":{"start":{"line":98,"column":4},"end":{"line":98,"column":17}},"41":{"start":{"line":8,"column":0},"end":{"line":8,"column":13}},"42":{"start":{"line":103,"column":13},"end":{"line":103,"column":45}}},"fnMap":{"0":{"name":"(anonymous_1)","decl":{"start":{"line":17,"column":2},"end":{"line":17,"column":null}},"loc":{"start":{"line":17,"column":2},"end":{"line":38,"column":3}}},"1":{"name":"(anonymous_2)","decl":{"start":{"line":19,"column":6},"end":{"line":19,"column":11}},"loc":{"start":{"line":19,"column":23},"end":{"line":25,"column":7}}},"2":{"name":"(anonymous_3)","decl":{"start":{"line":26,"column":6},"end":{"line":26,"column":7}},"loc":{"start":{"line":26,"column":17},"end":{"line":26,"column":38}}},"3":{"name":"(anonymous_4)","decl":{"start":{"line":30,"column":6},"end":{"line":30,"column":7}},"loc":{"start":{"line":30,"column":20},"end":{"line":30,"column":28}}},"4":{"name":"(anonymous_5)","decl":{"start":{"line":31,"column":6},"end":{"line":31,"column":11}},"loc":{"start":{"line":31,"column":22},"end":{"line":36,"column":7}}},"5":{"name":"(anonymous_6)","decl":{"start":{"line":41,"column":2},"end":{"line":41,"column":7}},"loc":{"start":{"line":41,"column":45},"end":{"line":62,"column":3}}},"6":{"name":"(anonymous_7)","decl":{"start":{"line":64,"column":2},"end":{"line":64,"column":7}},"loc":{"start":{"line":64,"column":14},"end":{"line":67,"column":3}}},"7":{"name":"(anonymous_8)","decl":{"start":{"line":69,"column":2},"end":{"line":69,"column":7}},"loc":{"start":{"line":69,"column":16},"end":{"line":71,"column":3}}},"8":{"name":"(anonymous_9)","decl":{"start":{"line":73,"column":2},"end":{"line":73,"column":7}},"loc":{"start":{"line":73,"column":23},"end":{"line":75,"column":3}}},"9":{"name":"(anonymous_10)","decl":{"start":{"line":77,"column":2},"end":{"line":77,"column":7}},"loc":{"start":{"line":77,"column":15},"end":{"line":84,"column":3}}},"10":{"name":"(anonymous_11)","decl":{"start":{"line":86,"column":0},"end":{"line":86,"column":5}},"loc":{"start":{"line":86,"column":35},"end":{"line":100,"column":1}}}},"branchMap":{"0":{"loc":{"start":{"line":21,"column":8},"end":{"line":23,"column":9}},"type":"if","locations":[{"start":{"line":21,"column":8},"end":{"line":23,"column":9}},{"start":{},"end":{}}]},"1":{"loc":{"start":{"line":32,"column":8},"end":{"line":34,"column":9}},"type":"if","locations":[{"start":{"line":32,"column":8},"end":{"line":34,"column":9}},{"start":{},"end":{}}]},"2":{"loc":{"start":{"line":48,"column":6},"end":{"line":51,"column":7}},"type":"if","locations":[{"start":{"line":48,"column":6},"end":{"line":51,"column":7}},{"start":{},"end":{}}]},"3":{"loc":{"start":{"line":58,"column":8},"end":{"line":58,"column":53}},"type":"binary-expr","locations":[{"start":{"line":58,"column":8},"end":{"line":58,"column":36}},{"start":{"line":58,"column":40},"end":{"line":58,"column":53}}]},"4":{"loc":{"start":{"line":90,"column":4},"end":{"line":93,"column":5}},"type":"if","locations":[{"start":{"line":90,"column":4},"end":{"line":93,"column":5}},{"start":{},"end":{}}]}},"s":{"0":11,"1":11,"2":11,"3":11,"4":11,"5":12,"6":12,"7":0,"8":0,"9":0,"10":0,"11":0,"12":12,"13":0,"14":0,"15":0,"16":0,"17":3,"18":3,"19":2,"20":1,"21":1,"22":1,"23":1,"24":1,"25":1,"26":1,"27":3,"28":2,"29":1,"30":1,"31":1,"32":0,"33":3,"34":3,"35":2,"36":1,"37":1,"38":1,"39":1,"40":1,"41":11,"42":11},"f":{"0":12,"1":0,"2":0,"3":0,"4":0,"5":3,"6":1,"7":3,"8":2,"9":1,"10":3},"b":{"0":[0,0],"1":[0,0],"2":[1,1],"3":[1,1],"4":[1,1]}}
,"C:\\project\\Promotor_app\\src\\useCases\\JourneyUseCase.ts": {"path":"C:\\project\\Promotor_app\\src\\useCases\\JourneyUseCase.ts","statementMap":{"0":{"start":{"line":3,"column":0},"end":{"line":3,"column":76}},"1":{"start":{"line":6,"column":22},"end":{"line":6,"column":52}},"2":{"start":{"line":9,"column":4},"end":{"line":9,"column":52}},"3":{"start":{"line":13,"column":4},"end":{"line":13,"column":50}},"4":{"start":{"line":17,"column":4},"end":{"line":17,"column":56}},"5":{"start":{"line":21,"column":4},"end":{"line":21,"column":30}},"6":{"start":{"line":21,"column":14},"end":{"line":21,"column":30}},"7":{"start":{"line":22,"column":4},"end":{"line":22,"column":44}},"8":{"start":{"line":22,"column":33},"end":{"line":22,"column":44}},"9":{"start":{"line":23,"column":4},"end":{"line":23,"column":61}},"10":{"start":{"line":23,"column":30},"end":{"line":23,"column":61}},"11":{"start":{"line":24,"column":4},"end":{"line":27,"column":5}},"12":{"start":{"line":25,"column":17},"end":{"line":25,"column":36}},"13":{"start":{"line":26,"column":6},"end":{"line":26,"column":50}},"14":{"start":{"line":28,"column":4},"end":{"line":32,"column":5}},"15":{"start":{"line":29,"column":6},"end":{"line":29,"column":45}},"16":{"start":{"line":31,"column":6},"end":{"line":31,"column":22}},"17":{"start":{"line":5,"column":0},"end":{"line":5,"column":13}},"18":{"start":{"line":36,"column":13},"end":{"line":36,"column":74}}},"fnMap":{"0":{"name":"(anonymous_0)","decl":{"start":{"line":6,"column":2},"end":{"line":6,"column":22}},"loc":{"start":{"line":6,"column":52},"end":{"line":6,"column":56}}},"1":{"name":"(anonymous_1)","decl":{"start":{"line":8,"column":2},"end":{"line":8,"column":7}},"loc":{"start":{"line":8,"column":39},"end":{"line":10,"column":3}}},"2":{"name":"(anonymous_2)","decl":{"start":{"line":12,"column":2},"end":{"line":12,"column":7}},"loc":{"start":{"line":12,"column":37},"end":{"line":14,"column":3}}},"3":{"name":"(anonymous_3)","decl":{"start":{"line":16,"column":2},"end":{"line":16,"column":7}},"loc":{"start":{"line":16,"column":43},"end":{"line":18,"column":3}}},"4":{"name":"(anonymous_4)","decl":{"start":{"line":20,"column":2},"end":{"line":20,"column":12}},"loc":{"start":{"line":20,"column":55},"end":{"line":33,"column":3}}}},"branchMap":{"0":{"loc":{"start":{"line":20,"column":27},"end":{"line":20,"column":55}},"type":"default-arg","locations":[{"start":{"line":20,"column":38},"end":{"line":20,"column":55}}]},"1":{"loc":{"start":{"line":21,"column":4},"end":{"line":21,"column":30}},"type":"if","locations":[{"start":{"line":21,"column":4},"end":{"line":21,"column":30}},{"start":{},"end":{}}]},"2":{"loc":{"start":{"line":22,"column":4},"end":{"line":22,"column":44}},"type":"if","locations":[{"start":{"line":22,"column":4},"end":{"line":22,"column":44}},{"start":{},"end":{}}]},"3":{"loc":{"start":{"line":23,"column":4},"end":{"line":23,"column":61}},"type":"if","locations":[{"start":{"line":23,"column":4},"end":{"line":23,"column":61}},{"start":{},"end":{}}]},"4":{"loc":{"start":{"line":23,"column":37},"end":{"line":23,"column":60}},"type":"binary-expr","locations":[{"start":{"line":23,"column":37},"end":{"line":23,"column":48}},{"start":{"line":23,"column":52},"end":{"line":23,"column":60}}]},"5":{"loc":{"start":{"line":24,"column":4},"end":{"line":27,"column":5}},"type":"if","locations":[{"start":{"line":24,"column":4},"end":{"line":27,"column":5}},{"start":{},"end":{}}]},"6":{"loc":{"start":{"line":24,"column":8},"end":{"line":24,"column":76}},"type":"binary-expr","locations":[{"start":{"line":24,"column":8},"end":{"line":24,"column":31}},{"start":{"line":24,"column":35},"end":{"line":24,"column":47}},{"start":{"line":24,"column":51},"end":{"line":24,"column":76}}]},"7":{"loc":{"start":{"line":26,"column":13},"end":{"line":26,"column":49}},"type":"cond-expr","locations":[{"start":{"line":26,"column":37},"end":{"line":26,"column":38}},{"start":{"line":26,"column":41},"end":{"line":26,"column":49}}]},"8":{"loc":{"start":{"line":29,"column":13},"end":{"line":29,"column":44}},"type":"binary-expr","locations":[{"start":{"line":29,"column":13},"end":{"line":29,"column":32}},{"start":{"line":29,"column":36},"end":{"line":29,"column":44}}]}},"s":{"0":3,"1":12,"2":2,"3":2,"4":1,"5":5,"6":1,"7":4,"8":1,"9":3,"10":1,"11":2,"12":1,"13":1,"14":1,"15":1,"16":0,"17":3,"18":3},"f":{"0":12,"1":2,"2":2,"3":1,"4":5},"b":{"0":[5],"1":[1,4],"2":[1,3],"3":[1,2],"4":[1,0],"5":[1,1],"6":[2,2,2],"7":[1,0],"8":[1,0]}}
,"C:\\project\\Promotor_app\\src\\useCases\\LeadUseCase.ts": {"path":"C:\\project\\Promotor_app\\src\\useCases\\LeadUseCase.ts","statementMap":{"0":{"start":{"line":3,"column":0},"end":{"line":3,"column":70}},"1":{"start":{"line":4,"column":0},"end":{"line":4,"column":60}},"2":{"start":{"line":7,"column":22},"end":{"line":7,"column":49}},"3":{"start":{"line":10,"column":4},"end":{"line":10,"column":36}},"4":{"start":{"line":14,"column":2},"end":{"line":14,"column":26}},"5":{"start":{"line":16,"column":43},"end":{"line":20,"column":4}},"6":{"start":{"line":22,"column":2},"end":{"line":22,"column":48}},"7":{"start":{"line":29,"column":4},"end":{"line":31,"column":5}},"8":{"start":{"line":30,"column":6},"end":{"line":30,"column":50}},"9":{"start":{"line":32,"column":4},"end":{"line":32,"column":38}},"10":{"start":{"line":38,"column":2},"end":{"line":40,"column":3}},"11":{"start":{"line":39,"column":4},"end":{"line":39,"column":48}},"12":{"start":{"line":42,"column":2},"end":{"line":46,"column":5}},"13":{"start":{"line":48,"column":2},"end":{"line":48,"column":41}},"14":{"start":{"line":54,"column":2},"end":{"line":56,"column":3}},"15":{"start":{"line":55,"column":4},"end":{"line":55,"column":60}},"16":{"start":{"line":58,"column":19},"end":{"line":58,"column":46}},"17":{"start":{"line":59,"column":2},"end":{"line":61,"column":3}},"18":{"start":{"line":60,"column":4},"end":{"line":60,"column":58}},"19":{"start":{"line":62,"column":2},"end":{"line":64,"column":3}},"20":{"start":{"line":63,"column":4},"end":{"line":63,"column":64}},"21":{"start":{"line":66,"column":21},"end":{"line":66,"column":53}},"22":{"start":{"line":67,"column":2},"end":{"line":69,"column":3}},"23":{"start":{"line":68,"column":4},"end":{"line":68,"column":68}},"24":{"start":{"line":70,"column":2},"end":{"line":72,"column":3}},"25":{"start":{"line":71,"column":4},"end":{"line":71,"column":82}},"26":{"start":{"line":73,"column":2},"end":{"line":78,"column":3}},"27":{"start":{"line":74,"column":4},"end":{"line":77,"column":6}},"28":{"start":{"line":82,"column":4},"end":{"line":84,"column":5}},"29":{"start":{"line":83,"column":6},"end":{"line":83,"column":19}},"30":{"start":{"line":85,"column":14},"end":{"line":85,"column":33}},"31":{"start":{"line":86,"column":4},"end":{"line":91,"column":6}},"32":{"start":{"line":88,"column":8},"end":{"line":90,"column":47}},"33":{"start":{"line":95,"column":4},"end":{"line":95,"column":30}},"34":{"start":{"line":95,"column":14},"end":{"line":95,"column":30}},"35":{"start":{"line":96,"column":4},"end":{"line":96,"column":44}},"36":{"start":{"line":96,"column":33},"end":{"line":96,"column":44}},"37":{"start":{"line":97,"column":4},"end":{"line":97,"column":61}},"38":{"start":{"line":97,"column":30},"end":{"line":97,"column":61}},"39":{"start":{"line":98,"column":4},"end":{"line":101,"column":5}},"40":{"start":{"line":99,"column":17},"end":{"line":99,"column":36}},"41":{"start":{"line":100,"column":6},"end":{"line":100,"column":50}},"42":{"start":{"line":102,"column":4},"end":{"line":106,"column":5}},"43":{"start":{"line":103,"column":6},"end":{"line":103,"column":45}},"44":{"start":{"line":105,"column":6},"end":{"line":105,"column":22}},"45":{"start":{"line":6,"column":0},"end":{"line":6,"column":13}},"46":{"start":{"line":110,"column":13},"end":{"line":110,"column":59}}},"fnMap":{"0":{"name":"(anonymous_0)","decl":{"start":{"line":7,"column":2},"end":{"line":7,"column":22}},"loc":{"start":{"line":7,"column":49},"end":{"line":7,"column":54}}},"1":{"name":"(anonymous_1)","decl":{"start":{"line":9,"column":2},"end":{"line":9,"column":7}},"loc":{"start":{"line":9,"column":16},"end":{"line":11,"column":3}}},"2":{"name":"(anonymous_2)","decl":{"start":{"line":13,"column":1},"end":{"line":13,"column":6}},"loc":{"start":{"line":13,"column":40},"end":{"line":23,"column":1}}},"3":{"name":"(anonymous_3)","decl":{"start":{"line":28,"column":2},"end":{"line":28,"column":7}},"loc":{"start":{"line":28,"column":29},"end":{"line":33,"column":3}}},"4":{"name":"(anonymous_4)","decl":{"start":{"line":37,"column":2},"end":{"line":37,"column":7}},"loc":{"start":{"line":37,"column":48},"end":{"line":49,"column":1}}},"5":{"name":"(anonymous_5)","decl":{"start":{"line":53,"column":0},"end":{"line":53,"column":12}},"loc":{"start":{"line":53,"column":35},"end":{"line":79,"column":1}}},"6":{"name":"(anonymous_6)","decl":{"start":{"line":81,"column":2},"end":{"line":81,"column":13}},"loc":{"start":{"line":81,"column":42},"end":{"line":92,"column":3}}},"7":{"name":"(anonymous_7)","decl":{"start":{"line":87,"column":6},"end":{"line":87,"column":7}},"loc":{"start":{"line":88,"column":8},"end":{"line":90,"column":47}}},"8":{"name":"(anonymous_8)","decl":{"start":{"line":94,"column":2},"end":{"line":94,"column":12}},"loc":{"start":{"line":94,"column":55},"end":{"line":107,"column":3}}}},"branchMap":{"0":{"loc":{"start":{"line":29,"column":4},"end":{"line":31,"column":5}},"type":"if","locations":[{"start":{"line":29,"column":4},"end":{"line":31,"column":5}},{"start":{},"end":{}}]},"1":{"loc":{"start":{"line":38,"column":2},"end":{"line":40,"column":3}},"type":"if","locations":[{"start":{"line":38,"column":2},"end":{"line":40,"column":3}},{"start":{},"end":{}}]},"2":{"loc":{"start":{"line":43,"column":10},"end":{"line":43,"column":25}},"type":"binary-expr","locations":[{"start":{"line":43,"column":10},"end":{"line":43,"column":19}},{"start":{"line":43,"column":23},"end":{"line":43,"column":25}}]},"3":{"loc":{"start":{"line":44,"column":9},"end":{"line":44,"column":23}},"type":"binary-expr","locations":[{"start":{"line":44,"column":9},"end":{"line":44,"column":17}},{"start":{"line":44,"column":21},"end":{"line":44,"column":23}}]},"4":{"loc":{"start":{"line":45,"column":14},"end":{"line":45,"column":33}},"type":"binary-expr","locations":[{"start":{"line":45,"column":14},"end":{"line":45,"column":27}},{"start":{"line":45,"column":31},"end":{"line":45,"column":33}}]},"5":{"loc":{"start":{"line":54,"column":2},"end":{"line":56,"column":3}},"type":"if","locations":[{"start":{"line":54,"column":2},"end":{"line":56,"column":3}},{"start":{},"end":{}}]},"6":{"loc":{"start":{"line":59,"column":2},"end":{"line":61,"column":3}},"type":"if","locations":[{"start":{"line":59,"column":2},"end":{"line":61,"column":3}},{"start":{},"end":{}}]},"7":{"loc":{"start":{"line":62,"column":2},"end":{"line":64,"column":3}},"type":"if","locations":[{"start":{"line":62,"column":2},"end":{"line":64,"column":3}},{"start":{},"end":{}}]},"8":{"loc":{"start":{"line":67,"column":2},"end":{"line":69,"column":3}},"type":"if","locations":[{"start":{"line":67,"column":2},"end":{"line":69,"column":3}},{"start":{},"end":{}}]},"9":{"loc":{"start":{"line":70,"column":2},"end":{"line":72,"column":3}},"type":"if","locations":[{"start":{"line":70,"column":2},"end":{"line":72,"column":3}},{"start":{},"end":{}}]},"10":{"loc":{"start":{"line":73,"column":2},"end":{"line":78,"column":3}},"type":"if","locations":[{"start":{"line":73,"column":2},"end":{"line":78,"column":3}},{"start":{},"end":{}}]},"11":{"loc":{"start":{"line":82,"column":4},"end":{"line":84,"column":5}},"type":"if","locations":[{"start":{"line":82,"column":4},"end":{"line":84,"column":5}},{"start":{},"end":{}}]},"12":{"loc":{"start":{"line":88,"column":8},"end":{"line":90,"column":47}},"type":"binary-expr","locations":[{"start":{"line":88,"column":8},"end":{"line":88,"column":43}},{"start":{"line":89,"column":8},"end":{"line":89,"column":28}},{"start":{"line":90,"column":8},"end":{"line":90,"column":47}}]},"13":{"loc":{"start":{"line":94,"column":27},"end":{"line":94,"column":55}},"type":"default-arg","locations":[{"start":{"line":94,"column":38},"end":{"line":94,"column":55}}]},"14":{"loc":{"start":{"line":95,"column":4},"end":{"line":95,"column":30}},"type":"if","locations":[{"start":{"line":95,"column":4},"end":{"line":95,"column":30}},{"start":{},"end":{}}]},"15":{"loc":{"start":{"line":96,"column":4},"end":{"line":96,"column":44}},"type":"if","locations":[{"start":{"line":96,"column":4},"end":{"line":96,"column":44}},{"start":{},"end":{}}]},"16":{"loc":{"start":{"line":97,"column":4},"end":{"line":97,"column":61}},"type":"if","locations":[{"start":{"line":97,"column":4},"end":{"line":97,"column":61}},{"start":{},"end":{}}]},"17":{"loc":{"start":{"line":97,"column":37},"end":{"line":97,"column":60}},"type":"binary-expr","locations":[{"start":{"line":97,"column":37},"end":{"line":97,"column":48}},{"start":{"line":97,"column":52},"end":{"line":97,"column":60}}]},"18":{"loc":{"start":{"line":98,"column":4},"end":{"line":101,"column":5}},"type":"if","locations":[{"start":{"line":98,"column":4},"end":{"line":101,"column":5}},{"start":{},"end":{}}]},"19":{"loc":{"start":{"line":98,"column":8},"end":{"line":98,"column":76}},"type":"binary-expr","locations":[{"start":{"line":98,"column":8},"end":{"line":98,"column":31}},{"start":{"line":98,"column":35},"end":{"line":98,"column":47}},{"start":{"line":98,"column":51},"end":{"line":98,"column":76}}]},"20":{"loc":{"start":{"line":100,"column":13},"end":{"line":100,"column":49}},"type":"cond-expr","locations":[{"start":{"line":100,"column":37},"end":{"line":100,"column":38}},{"start":{"line":100,"column":41},"end":{"line":100,"column":49}}]},"21":{"loc":{"start":{"line":103,"column":13},"end":{"line":103,"column":44}},"type":"binary-expr","locations":[{"start":{"line":103,"column":13},"end":{"line":103,"column":32}},{"start":{"line":103,"column":36},"end":{"line":103,"column":44}}]}},"s":{"0":6,"1":6,"2":8,"3":4,"4":0,"5":0,"6":0,"7":1,"8":0,"9":1,"10":1,"11":0,"12":1,"13":1,"14":1,"15":0,"16":1,"17":1,"18":0,"19":1,"20":0,"21":1,"22":1,"23":0,"24":1,"25":0,"26":1,"27":0,"28":2,"29":0,"30":2,"31":2,"32":4,"33":6,"34":1,"35":5,"36":1,"37":4,"38":2,"39":2,"40":1,"41":1,"42":1,"43":1,"44":0,"45":6,"46":6},"f":{"0":8,"1":4,"2":0,"3":1,"4":1,"5":1,"6":2,"7":4,"8":6},"b":{"0":[0,1],"1":[0,1],"2":[1,0],"3":[1,0],"4":[1,0],"5":[0,1],"6":[0,1],"7":[0,1],"8":[0,1],"9":[0,1],"10":[0,1],"11":[0,2],"12":[4,2,2],"13":[6],"14":[1,5],"15":[1,4],"16":[2,2],"17":[2,0],"18":[1,1],"19":[2,2,2],"20":[1,0],"21":[1,0]}}
,"C:\\project\\Promotor_app\\src\\useCases\\LocationUseCase.ts": {"path":"C:\\project\\Promotor_app\\src\\useCases\\LocationUseCase.ts","statementMap":{"0":{"start":{"line":3,"column":0},"end":{"line":3,"column":78}},"1":{"start":{"line":6,"column":22},"end":{"line":6,"column":53}},"2":{"start":{"line":9,"column":4},"end":{"line":9,"column":58}},"3":{"start":{"line":13,"column":4},"end":{"line":13,"column":58}},"4":{"start":{"line":22,"column":4},"end":{"line":22,"column":46}},"5":{"start":{"line":26,"column":4},"end":{"line":26,"column":30}},"6":{"start":{"line":26,"column":14},"end":{"line":26,"column":30}},"7":{"start":{"line":27,"column":4},"end":{"line":27,"column":44}},"8":{"start":{"line":27,"column":33},"end":{"line":27,"column":44}},"9":{"start":{"line":28,"column":4},"end":{"line":28,"column":61}},"10":{"start":{"line":28,"column":30},"end":{"line":28,"column":61}},"11":{"start":{"line":29,"column":4},"end":{"line":32,"column":5}},"12":{"start":{"line":30,"column":17},"end":{"line":30,"column":36}},"13":{"start":{"line":31,"column":6},"end":{"line":31,"column":50}},"14":{"start":{"line":33,"column":4},"end":{"line":37,"column":5}},"15":{"start":{"line":34,"column":6},"end":{"line":34,"column":45}},"16":{"start":{"line":36,"column":6},"end":{"line":36,"column":22}},"17":{"start":{"line":5,"column":0},"end":{"line":5,"column":13}},"18":{"start":{"line":41,"column":13},"end":{"line":41,"column":77}}},"fnMap":{"0":{"name":"(anonymous_0)","decl":{"start":{"line":6,"column":2},"end":{"line":6,"column":22}},"loc":{"start":{"line":6,"column":53},"end":{"line":6,"column":57}}},"1":{"name":"(anonymous_1)","decl":{"start":{"line":8,"column":2},"end":{"line":8,"column":7}},"loc":{"start":{"line":8,"column":45},"end":{"line":10,"column":3}}},"2":{"name":"(anonymous_2)","decl":{"start":{"line":12,"column":2},"end":{"line":12,"column":7}},"loc":{"start":{"line":12,"column":45},"end":{"line":14,"column":3}}},"3":{"name":"(anonymous_3)","decl":{"start":{"line":16,"column":2},"end":{"line":16,"column":7}},"loc":{"start":{"line":21,"column":3},"end":{"line":23,"column":3}}},"4":{"name":"(anonymous_4)","decl":{"start":{"line":25,"column":2},"end":{"line":25,"column":12}},"loc":{"start":{"line":25,"column":55},"end":{"line":38,"column":3}}}},"branchMap":{"0":{"loc":{"start":{"line":25,"column":27},"end":{"line":25,"column":55}},"type":"default-arg","locations":[{"start":{"line":25,"column":38},"end":{"line":25,"column":55}}]},"1":{"loc":{"start":{"line":26,"column":4},"end":{"line":26,"column":30}},"type":"if","locations":[{"start":{"line":26,"column":4},"end":{"line":26,"column":30}},{"start":{},"end":{}}]},"2":{"loc":{"start":{"line":27,"column":4},"end":{"line":27,"column":44}},"type":"if","locations":[{"start":{"line":27,"column":4},"end":{"line":27,"column":44}},{"start":{},"end":{}}]},"3":{"loc":{"start":{"line":28,"column":4},"end":{"line":28,"column":61}},"type":"if","locations":[{"start":{"line":28,"column":4},"end":{"line":28,"column":61}},{"start":{},"end":{}}]},"4":{"loc":{"start":{"line":28,"column":37},"end":{"line":28,"column":60}},"type":"binary-expr","locations":[{"start":{"line":28,"column":37},"end":{"line":28,"column":48}},{"start":{"line":28,"column":52},"end":{"line":28,"column":60}}]},"5":{"loc":{"start":{"line":29,"column":4},"end":{"line":32,"column":5}},"type":"if","locations":[{"start":{"line":29,"column":4},"end":{"line":32,"column":5}},{"start":{},"end":{}}]},"6":{"loc":{"start":{"line":29,"column":8},"end":{"line":29,"column":76}},"type":"binary-expr","locations":[{"start":{"line":29,"column":8},"end":{"line":29,"column":31}},{"start":{"line":29,"column":35},"end":{"line":29,"column":47}},{"start":{"line":29,"column":51},"end":{"line":29,"column":76}}]},"7":{"loc":{"start":{"line":31,"column":13},"end":{"line":31,"column":49}},"type":"cond-expr","locations":[{"start":{"line":31,"column":37},"end":{"line":31,"column":38}},{"start":{"line":31,"column":41},"end":{"line":31,"column":49}}]},"8":{"loc":{"start":{"line":34,"column":13},"end":{"line":34,"column":44}},"type":"binary-expr","locations":[{"start":{"line":34,"column":13},"end":{"line":34,"column":32}},{"start":{"line":34,"column":36},"end":{"line":34,"column":44}}]}},"s":{"0":2,"1":12,"2":2,"3":1,"4":2,"5":6,"6":1,"7":5,"8":1,"9":4,"10":1,"11":3,"12":1,"13":1,"14":2,"15":2,"16":1,"17":2,"18":2},"f":{"0":12,"1":2,"2":1,"3":2,"4":6},"b":{"0":[5],"1":[1,5],"2":[1,4],"3":[1,3],"4":[1,0],"5":[1,2],"6":[3,3,3],"7":[1,0],"8":[2,0]}}
,"C:\\project\\Promotor_app\\src\\useCases\\RecoverPasswordUseCase.ts": {"path":"C:\\project\\Promotor_app\\src\\useCases\\RecoverPasswordUseCase.ts","statementMap":{"0":{"start":{"line":5,"column":21},"end":{"line":5,"column":51}},"1":{"start":{"line":9,"column":4},"end":{"line":11,"column":5}},"2":{"start":{"line":10,"column":6},"end":{"line":10,"column":46}},"3":{"start":{"line":13,"column":23},"end":{"line":13,"column":51}},"4":{"start":{"line":14,"column":4},"end":{"line":16,"column":5}},"5":{"start":{"line":15,"column":6},"end":{"line":15,"column":41}},"6":{"start":{"line":18,"column":20},"end":{"line":18,"column":68}},"7":{"start":{"line":20,"column":4},"end":{"line":22,"column":5}},"8":{"start":{"line":21,"column":6},"end":{"line":21,"column":63}},"9":{"start":{"line":3,"column":0},"end":{"line":3,"column":13}}},"fnMap":{"0":{"name":"(anonymous_0)","decl":{"start":{"line":4,"column":2},"end":{"line":4,"column":null}},"loc":{"start":{"line":5,"column":51},"end":{"line":6,"column":6}}},"1":{"name":"(anonymous_1)","decl":{"start":{"line":8,"column":2},"end":{"line":8,"column":7}},"loc":{"start":{"line":8,"column":29},"end":{"line":23,"column":3}}}},"branchMap":{"0":{"loc":{"start":{"line":9,"column":4},"end":{"line":11,"column":5}},"type":"if","locations":[{"start":{"line":9,"column":4},"end":{"line":11,"column":5}},{"start":{},"end":{}}]},"1":{"loc":{"start":{"line":14,"column":4},"end":{"line":16,"column":5}},"type":"if","locations":[{"start":{"line":14,"column":4},"end":{"line":16,"column":5}},{"start":{},"end":{}}]},"2":{"loc":{"start":{"line":20,"column":4},"end":{"line":22,"column":5}},"type":"if","locations":[{"start":{"line":20,"column":4},"end":{"line":22,"column":5}},{"start":{},"end":{}}]}},"s":{"0":4,"1":4,"2":1,"3":3,"4":3,"5":1,"6":2,"7":2,"8":1,"9":2},"f":{"0":4,"1":4},"b":{"0":[1,3],"1":[1,2],"2":[1,1]}}
,"C:\\project\\Promotor_app\\src\\utils\\formatters.ts": {"path":"C:\\project\\Promotor_app\\src\\utils\\formatters.ts","statementMap":{"0":{"start":{"line":1,"column":19},"end":{"line":1,"column":62}},"1":{"start":{"line":1,"column":38},"end":{"line":1,"column":62}},"2":{"start":{"line":3,"column":25},"end":{"line":10,"column":1}},"3":{"start":{"line":4,"column":17},"end":{"line":4,"column":47}},"4":{"start":{"line":6,"column":2},"end":{"line":9,"column":62}},"5":{"start":{"line":3,"column":13},"end":{"line":3,"column":25}},"6":{"start":{"line":12,"column":27},"end":{"line":20,"column":1}},"7":{"start":{"line":13,"column":17},"end":{"line":13,"column":47}},"8":{"start":{"line":15,"column":2},"end":{"line":17,"column":3}},"9":{"start":{"line":16,"column":4},"end":{"line":16,"column":53}},"10":{"start":{"line":19,"column":2},"end":{"line":19,"column":61}},"11":{"start":{"line":12,"column":13},"end":{"line":12,"column":27}}},"fnMap":{"0":{"name":"(anonymous_0)","decl":{"start":{"line":1,"column":19},"end":{"line":1,"column":20}},"loc":{"start":{"line":1,"column":38},"end":{"line":1,"column":62}}},"1":{"name":"(anonymous_1)","decl":{"start":{"line":3,"column":25},"end":{"line":3,"column":26}},"loc":{"start":{"line":3,"column":43},"end":{"line":10,"column":1}}},"2":{"name":"(anonymous_2)","decl":{"start":{"line":12,"column":27},"end":{"line":12,"column":28}},"loc":{"start":{"line":12,"column":45},"end":{"line":20,"column":1}}}},"branchMap":{"0":{"loc":{"start":{"line":15,"column":2},"end":{"line":17,"column":3}},"type":"if","locations":[{"start":{"line":15,"column":2},"end":{"line":17,"column":3}},{"start":{},"end":{}}]}},"s":{"0":1,"1":8,"2":1,"3":4,"4":4,"5":1,"6":1,"7":4,"8":4,"9":0,"10":4,"11":1},"f":{"0":8,"1":4,"2":4},"b":{"0":[0,4]}}
,"C:\\project\\Promotor_app\\src\\viewmodel\\useDashboardViewModel.ts": {"path":"C:\\project\\Promotor_app\\src\\viewmodel\\useDashboardViewModel.ts","statementMap":{"0":{"start":{"line":1,"column":0},"end":{"line":1,"column":59}},"1":{"start":{"line":2,"column":0},"end":{"line":2,"column":64}},"2":{"start":{"line":3,"column":0},"end":{"line":3,"column":60}},"3":{"start":{"line":4,"column":0},"end":{"line":4,"column":37}},"4":{"start":{"line":22,"column":37},"end":{"line":66,"column":1}},"5":{"start":{"line":26,"column":14},"end":{"line":26,"column":40}},"6":{"start":{"line":28,"column":2},"end":{"line":32,"column":3}},"7":{"start":{"line":29,"column":4},"end":{"line":31,"column":6}},"8":{"start":{"line":34,"column":39},"end":{"line":34,"column":42}},"9":{"start":{"line":37,"column":2},"end":{"line":48,"column":53}},"10":{"start":{"line":39,"column":4},"end":{"line":44,"column":5}},"11":{"start":{"line":40,"column":21},"end":{"line":41,"column":64}},"12":{"start":{"line":41,"column":8},"end":{"line":41,"column":64}},"13":{"start":{"line":42,"column":6},"end":{"line":42,"column":15}},"14":{"start":{"line":43,"column":6},"end":{"line":43,"column":43}},"15":{"start":{"line":45,"column":4},"end":{"line":47,"column":6}},"16":{"start":{"line":46,"column":6},"end":{"line":46,"column":44}},"17":{"start":{"line":46,"column":20},"end":{"line":46,"column":44}},"18":{"start":{"line":51,"column":2},"end":{"line":53,"column":9}},"19":{"start":{"line":52,"column":4},"end":{"line":52,"column":23}},"20":{"start":{"line":56,"column":17},"end":{"line":63,"column":8}},"21":{"start":{"line":57,"column":4},"end":{"line":62,"column":5}},"22":{"start":{"line":58,"column":6},"end":{"line":58,"column":33}},"23":{"start":{"line":59,"column":6},"end":{"line":59,"column":37}},"24":{"start":{"line":61,"column":6},"end":{"line":61,"column":50}},"25":{"start":{"line":65,"column":2},"end":{"line":65,"column":52}},"26":{"start":{"line":22,"column":13},"end":{"line":22,"column":37}}},"fnMap":{"0":{"name":"(anonymous_0)","decl":{"start":{"line":22,"column":37},"end":{"line":22,"column":null}},"loc":{"start":{"line":25,"column":4},"end":{"line":66,"column":1}}},"1":{"name":"(anonymous_1)","decl":{"start":{"line":37,"column":12},"end":{"line":37,"column":15}},"loc":{"start":{"line":37,"column":17},"end":{"line":48,"column":3}}},"2":{"name":"(anonymous_2)","decl":{"start":{"line":40,"column":21},"end":{"line":40,"column":24}},"loc":{"start":{"line":41,"column":8},"end":{"line":41,"column":64}}},"3":{"name":"(anonymous_3)","decl":{"start":{"line":45,"column":11},"end":{"line":45,"column":14}},"loc":{"start":{"line":45,"column":16},"end":{"line":47,"column":5}}},"4":{"name":"(anonymous_4)","decl":{"start":{"line":51,"column":12},"end":{"line":51,"column":15}},"loc":{"start":{"line":51,"column":17},"end":{"line":53,"column":3}}},"5":{"name":"(anonymous_5)","decl":{"start":{"line":56,"column":29},"end":{"line":56,"column":34}},"loc":{"start":{"line":56,"column":40},"end":{"line":63,"column":3}}}},"branchMap":{"0":{"loc":{"start":{"line":28,"column":2},"end":{"line":32,"column":3}},"type":"if","locations":[{"start":{"line":28,"column":2},"end":{"line":32,"column":3}},{"start":{},"end":{}}]},"1":{"loc":{"start":{"line":39,"column":4},"end":{"line":44,"column":5}},"type":"if","locations":[{"start":{"line":39,"column":4},"end":{"line":44,"column":5}},{"start":{},"end":{}}]},"2":{"loc":{"start":{"line":39,"column":8},"end":{"line":39,"column":44}},"type":"binary-expr","locations":[{"start":{"line":39,"column":8},"end":{"line":39,"column":23}},{"start":{"line":39,"column":27},"end":{"line":39,"column":44}}]},"3":{"loc":{"start":{"line":46,"column":6},"end":{"line":46,"column":44}},"type":"if","locations":[{"start":{"line":46,"column":6},"end":{"line":46,"column":44}},{"start":{},"end":{}}]}},"s":{"0":1,"1":1,"2":1,"3":1,"4":1,"5":17,"6":17,"7":0,"8":17,"9":17,"10":17,"11":5,"12":5,"13":5,"14":5,"15":17,"16":17,"17":5,"18":17,"19":4,"20":17,"21":0,"22":0,"23":0,"24":0,"25":17,"26":1},"f":{"0":17,"1":17,"2":5,"3":17,"4":4,"5":0},"b":{"0":[0,17],"1":[5,12],"2":[17,5],"3":[5,12]}}
,"C:\\project\\Promotor_app\\src\\viewmodel\\useLeadEditViewModel.ts": {"path":"C:\\project\\Promotor_app\\src\\viewmodel\\useLeadEditViewModel.ts","statementMap":{"0":{"start":{"line":1,"column":0},"end":{"line":1,"column":46}},"1":{"start":{"line":2,"column":0},"end":{"line":2,"column":54}},"2":{"start":{"line":4,"column":0},"end":{"line":4,"column":61}},"3":{"start":{"line":30,"column":36},"end":{"line":137,"column":1}},"4":{"start":{"line":36,"column":28},"end":{"line":43,"column":5}},"5":{"start":{"line":36,"column":59},"end":{"line":43,"column":4}},"6":{"start":{"line":46,"column":21},"end":{"line":55,"column":8}},"7":{"start":{"line":47,"column":4},"end":{"line":54,"column":7}},"8":{"start":{"line":58,"column":18},"end":{"line":64,"column":8}},"9":{"start":{"line":59,"column":4},"end":{"line":63,"column":8}},"10":{"start":{"line":59,"column":24},"end":{"line":63,"column":6}},"11":{"start":{"line":67,"column":17},"end":{"line":73,"column":8}},"12":{"start":{"line":68,"column":4},"end":{"line":72,"column":8}},"13":{"start":{"line":68,"column":24},"end":{"line":72,"column":6}},"14":{"start":{"line":76,"column":22},"end":{"line":82,"column":8}},"15":{"start":{"line":77,"column":4},"end":{"line":81,"column":8}},"16":{"start":{"line":77,"column":24},"end":{"line":81,"column":6}},"17":{"start":{"line":85,"column":26},"end":{"line":90,"column":8}},"18":{"start":{"line":86,"column":4},"end":{"line":89,"column":8}},"19":{"start":{"line":86,"column":24},"end":{"line":89,"column":6}},"20":{"start":{"line":93,"column":19},"end":{"line":124,"column":60}},"21":{"start":{"line":94,"column":4},"end":{"line":100,"column":5}},"22":{"start":{"line":95,"column":6},"end":{"line":98,"column":10}},"23":{"start":{"line":95,"column":26},"end":{"line":98,"column":8}},"24":{"start":{"line":99,"column":6},"end":{"line":99,"column":13}},"25":{"start":{"line":102,"column":4},"end":{"line":102,"column":65}},"26":{"start":{"line":102,"column":24},"end":{"line":102,"column":62}},"27":{"start":{"line":104,"column":4},"end":{"line":123,"column":5}},"28":{"start":{"line":105,"column":6},"end":{"line":109,"column":9}},"29":{"start":{"line":111,"column":6},"end":{"line":111,"column":55}},"30":{"start":{"line":111,"column":26},"end":{"line":111,"column":52}},"31":{"start":{"line":112,"column":6},"end":{"line":112,"column":33}},"32":{"start":{"line":112,"column":21},"end":{"line":112,"column":33}},"33":{"start":{"line":114,"column":22},"end":{"line":114,"column":75}},"34":{"start":{"line":115,"column":34},"end":{"line":115,"column":36}},"35":{"start":{"line":116,"column":6},"end":{"line":116,"column":72}},"36":{"start":{"line":116,"column":50},"end":{"line":116,"column":72}},"37":{"start":{"line":117,"column":6},"end":{"line":117,"column":70}},"38":{"start":{"line":117,"column":49},"end":{"line":117,"column":70}},"39":{"start":{"line":118,"column":6},"end":{"line":118,"column":80}},"40":{"start":{"line":118,"column":54},"end":{"line":118,"column":80}},"41":{"start":{"line":120,"column":6},"end":{"line":120,"column":48}},"42":{"start":{"line":120,"column":26},"end":{"line":120,"column":45}},"43":{"start":{"line":122,"column":6},"end":{"line":122,"column":56}},"44":{"start":{"line":122,"column":26},"end":{"line":122,"column":53}},"45":{"start":{"line":126,"column":2},"end":{"line":136,"column":4}},"46":{"start":{"line":30,"column":13},"end":{"line":30,"column":36}}},"fnMap":{"0":{"name":"(anonymous_0)","decl":{"start":{"line":30,"column":36},"end":{"line":30,"column":null}},"loc":{"start":{"line":34,"column":4},"end":{"line":137,"column":1}}},"1":{"name":"(anonymous_1)","decl":{"start":{"line":36,"column":52},"end":{"line":36,"column":55}},"loc":{"start":{"line":36,"column":59},"end":{"line":43,"column":4}}},"2":{"name":"(anonymous_2)","decl":{"start":{"line":46,"column":33},"end":{"line":46,"column":34}},"loc":{"start":{"line":46,"column":59},"end":{"line":55,"column":3}}},"3":{"name":"(anonymous_3)","decl":{"start":{"line":58,"column":30},"end":{"line":58,"column":31}},"loc":{"start":{"line":58,"column":47},"end":{"line":64,"column":3}}},"4":{"name":"(anonymous_4)","decl":{"start":{"line":59,"column":13},"end":{"line":59,"column":14}},"loc":{"start":{"line":59,"column":24},"end":{"line":63,"column":6}}},"5":{"name":"(anonymous_5)","decl":{"start":{"line":67,"column":29},"end":{"line":67,"column":30}},"loc":{"start":{"line":67,"column":45},"end":{"line":73,"column":3}}},"6":{"name":"(anonymous_6)","decl":{"start":{"line":68,"column":13},"end":{"line":68,"column":14}},"loc":{"start":{"line":68,"column":24},"end":{"line":72,"column":6}}},"7":{"name":"(anonymous_7)","decl":{"start":{"line":76,"column":34},"end":{"line":76,"column":35}},"loc":{"start":{"line":76,"column":55},"end":{"line":82,"column":3}}},"8":{"name":"(anonymous_8)","decl":{"start":{"line":77,"column":13},"end":{"line":77,"column":14}},"loc":{"start":{"line":77,"column":24},"end":{"line":81,"column":6}}},"9":{"name":"(anonymous_9)","decl":{"start":{"line":85,"column":38},"end":{"line":85,"column":39}},"loc":{"start":{"line":85,"column":67},"end":{"line":90,"column":3}}},"10":{"name":"(anonymous_10)","decl":{"start":{"line":86,"column":13},"end":{"line":86,"column":14}},"loc":{"start":{"line":86,"column":24},"end":{"line":89,"column":6}}},"11":{"name":"(anonymous_11)","decl":{"start":{"line":93,"column":31},"end":{"line":93,"column":36}},"loc":{"start":{"line":93,"column":42},"end":{"line":124,"column":3}}},"12":{"name":"(anonymous_12)","decl":{"start":{"line":95,"column":15},"end":{"line":95,"column":16}},"loc":{"start":{"line":95,"column":26},"end":{"line":98,"column":8}}},"13":{"name":"(anonymous_13)","decl":{"start":{"line":102,"column":13},"end":{"line":102,"column":14}},"loc":{"start":{"line":102,"column":24},"end":{"line":102,"column":62}}},"14":{"name":"(anonymous_14)","decl":{"start":{"line":111,"column":15},"end":{"line":111,"column":16}},"loc":{"start":{"line":111,"column":26},"end":{"line":111,"column":52}}},"15":{"name":"(anonymous_15)","decl":{"start":{"line":120,"column":15},"end":{"line":120,"column":16}},"loc":{"start":{"line":120,"column":26},"end":{"line":120,"column":45}}},"16":{"name":"(anonymous_16)","decl":{"start":{"line":122,"column":15},"end":{"line":122,"column":16}},"loc":{"start":{"line":122,"column":26},"end":{"line":122,"column":53}}}},"branchMap":{"0":{"loc":{"start":{"line":39,"column":10},"end":{"line":39,"column":55}},"type":"cond-expr","locations":[{"start":{"line":39,"column":32},"end":{"line":39,"column":50}},{"start":{"line":39,"column":53},"end":{"line":39,"column":55}}]},"1":{"loc":{"start":{"line":40,"column":9},"end":{"line":40,"column":63}},"type":"cond-expr","locations":[{"start":{"line":40,"column":30},"end":{"line":40,"column":58}},{"start":{"line":40,"column":61},"end":{"line":40,"column":63}}]},"2":{"loc":{"start":{"line":41,"column":14},"end":{"line":41,"column":80}},"type":"cond-expr","locations":[{"start":{"line":41,"column":40},"end":{"line":41,"column":75}},{"start":{"line":41,"column":78},"end":{"line":41,"column":80}}]},"3":{"loc":{"start":{"line":48,"column":12},"end":{"line":48,"column":29}},"type":"binary-expr","locations":[{"start":{"line":48,"column":12},"end":{"line":48,"column":23}},{"start":{"line":48,"column":27},"end":{"line":48,"column":29}}]},"4":{"loc":{"start":{"line":49,"column":11},"end":{"line":49,"column":50}},"type":"cond-expr","locations":[{"start":{"line":49,"column":24},"end":{"line":49,"column":45}},{"start":{"line":49,"column":48},"end":{"line":49,"column":50}}]},"5":{"loc":{"start":{"line":50,"column":16},"end":{"line":50,"column":67}},"type":"cond-expr","locations":[{"start":{"line":50,"column":34},"end":{"line":50,"column":62}},{"start":{"line":50,"column":65},"end":{"line":50,"column":67}}]},"6":{"loc":{"start":{"line":94,"column":4},"end":{"line":100,"column":5}},"type":"if","locations":[{"start":{"line":94,"column":4},"end":{"line":100,"column":5}},{"start":{},"end":{}}]},"7":{"loc":{"start":{"line":112,"column":6},"end":{"line":112,"column":33}},"type":"if","locations":[{"start":{"line":112,"column":6},"end":{"line":112,"column":33}},{"start":{},"end":{}}]},"8":{"loc":{"start":{"line":116,"column":6},"end":{"line":116,"column":72}},"type":"if","locations":[{"start":{"line":116,"column":6},"end":{"line":116,"column":72}},{"start":{},"end":{}}]},"9":{"loc":{"start":{"line":117,"column":6},"end":{"line":117,"column":70}},"type":"if","locations":[{"start":{"line":117,"column":6},"end":{"line":117,"column":70}},{"start":{},"end":{}}]},"10":{"loc":{"start":{"line":118,"column":6},"end":{"line":118,"column":80}},"type":"if","locations":[{"start":{"line":118,"column":6},"end":{"line":118,"column":80}},{"start":{},"end":{}}]}},"s":{"0":1,"1":1,"2":1,"3":1,"4":18,"5":10,"6":18,"7":1,"8":18,"9":1,"10":1,"11":18,"12":1,"13":1,"14":18,"15":1,"16":1,"17":18,"18":1,"19":1,"20":18,"21":3,"22":1,"23":1,"24":1,"25":2,"26":2,"27":2,"28":2,"29":1,"30":1,"31":1,"32":1,"33":1,"34":1,"35":1,"36":0,"37":1,"38":1,"39":1,"40":0,"41":1,"42":1,"43":2,"44":2,"45":18,"46":1},"f":{"0":18,"1":10,"2":1,"3":1,"4":1,"5":1,"6":1,"7":1,"8":1,"9":1,"10":1,"11":3,"12":1,"13":2,"14":1,"15":1,"16":2},"b":{"0":[2,8],"1":[2,8],"2":[2,8],"3":[1,0],"4":[1,0],"5":[1,0],"6":[1,2],"7":[1,0],"8":[0,1],"9":[1,0],"10":[0,1]}}
,"C:\\project\\Promotor_app\\src\\viewmodel\\useListLeadsViewModel.ts": {"path":"C:\\project\\Promotor_app\\src\\viewmodel\\useListLeadsViewModel.ts","statementMap":{"0":{"start":{"line":1,"column":0},"end":{"line":1,"column":54}},"1":{"start":{"line":3,"column":0},"end":{"line":3,"column":46}},"2":{"start":{"line":13,"column":37},"end":{"line":169,"column":1}},"3":{"start":{"line":14,"column":32},"end":{"line":14,"column":56}},"4":{"start":{"line":15,"column":28},"end":{"line":15,"column":57}},"5":{"start":{"line":16,"column":28},"end":{"line":16,"column":61}},"6":{"start":{"line":17,"column":44},"end":{"line":17,"column":77}},"7":{"start":{"line":18,"column":44},"end":{"line":18,"column":79}},"8":{"start":{"line":19,"column":28},"end":{"line":19,"column":48}},"9":{"start":{"line":20,"column":46},"end":{"line":20,"column":75}},"10":{"start":{"line":25,"column":20},"end":{"line":38,"column":8}},"11":{"start":{"line":26,"column":4},"end":{"line":26,"column":21}},"12":{"start":{"line":27,"column":4},"end":{"line":27,"column":19}},"13":{"start":{"line":28,"column":4},"end":{"line":37,"column":5}},"14":{"start":{"line":29,"column":21},"end":{"line":29,"column":49}},"15":{"start":{"line":30,"column":6},"end":{"line":30,"column":51}},"16":{"start":{"line":31,"column":6},"end":{"line":31,"column":43}},"17":{"start":{"line":32,"column":6},"end":{"line":32,"column":42}},"18":{"start":{"line":34,"column":6},"end":{"line":34,"column":44}},"19":{"start":{"line":36,"column":6},"end":{"line":36,"column":24}},"20":{"start":{"line":40,"column":21},"end":{"line":40,"column":58}},"21":{"start":{"line":40,"column":39},"end":{"line":40,"column":53}},"22":{"start":{"line":45,"column":28},"end":{"line":53,"column":null}},"23":{"start":{"line":47,"column":6},"end":{"line":47,"column":22}},"24":{"start":{"line":48,"column":23},"end":{"line":50,"column":35}},"25":{"start":{"line":51,"column":6},"end":{"line":51,"column":40}},"26":{"start":{"line":59,"column":22},"end":{"line":66,"column":null}},"27":{"start":{"line":61,"column":23},"end":{"line":63,"column":35}},"28":{"start":{"line":64,"column":6},"end":{"line":64,"column":40}},"29":{"start":{"line":72,"column":22},"end":{"line":75,"column":21}},"30":{"start":{"line":73,"column":4},"end":{"line":73,"column":48}},"31":{"start":{"line":74,"column":4},"end":{"line":74,"column":17}},"32":{"start":{"line":80,"column":27},"end":{"line":87,"column":8}},"33":{"start":{"line":81,"column":4},"end":{"line":86,"column":7}},"34":{"start":{"line":82,"column":24},"end":{"line":82,"column":40}},"35":{"start":{"line":83,"column":6},"end":{"line":85,"column":44}},"36":{"start":{"line":84,"column":48},"end":{"line":84,"column":56}},"37":{"start":{"line":92,"column":20},"end":{"line":97,"column":13}},"38":{"start":{"line":93,"column":19},"end":{"line":93,"column":41}},"39":{"start":{"line":93,"column":36},"end":{"line":93,"column":40}},"40":{"start":{"line":94,"column":4},"end":{"line":96,"column":6}},"41":{"start":{"line":95,"column":6},"end":{"line":95,"column":78}},"42":{"start":{"line":102,"column":21},"end":{"line":115,"column":8}},"43":{"start":{"line":103,"column":4},"end":{"line":103,"column":19}},"44":{"start":{"line":104,"column":4},"end":{"line":114,"column":5}},"45":{"start":{"line":105,"column":6},"end":{"line":105,"column":39}},"46":{"start":{"line":106,"column":6},"end":{"line":106,"column":73}},"47":{"start":{"line":106,"column":25},"end":{"line":106,"column":71}},"48":{"start":{"line":106,"column":58},"end":{"line":106,"column":69}},"49":{"start":{"line":107,"column":6},"end":{"line":107,"column":81}},"50":{"start":{"line":107,"column":33},"end":{"line":107,"column":79}},"51":{"start":{"line":107,"column":66},"end":{"line":107,"column":77}},"52":{"start":{"line":108,"column":6},"end":{"line":108,"column":78}},"53":{"start":{"line":108,"column":33},"end":{"line":108,"column":76}},"54":{"start":{"line":108,"column":66},"end":{"line":108,"column":74}},"55":{"start":{"line":109,"column":6},"end":{"line":109,"column":54}},"56":{"start":{"line":111,"column":18},"end":{"line":111,"column":45}},"57":{"start":{"line":112,"column":6},"end":{"line":112,"column":20}},"58":{"start":{"line":113,"column":6},"end":{"line":113,"column":16}},"59":{"start":{"line":120,"column":25},"end":{"line":132,"column":21}},"60":{"start":{"line":121,"column":4},"end":{"line":121,"column":74}},"61":{"start":{"line":121,"column":31},"end":{"line":121,"column":74}},"62":{"start":{"line":122,"column":4},"end":{"line":131,"column":5}},"63":{"start":{"line":123,"column":6},"end":{"line":123,"column":79}},"64":{"start":{"line":123,"column":50},"end":{"line":123,"column":76}},"65":{"start":{"line":124,"column":6},"end":{"line":124,"column":91}},"66":{"start":{"line":124,"column":25},"end":{"line":124,"column":89}},"67":{"start":{"line":124,"column":58},"end":{"line":124,"column":87}},"68":{"start":{"line":125,"column":6},"end":{"line":125,"column":99}},"69":{"start":{"line":125,"column":33},"end":{"line":125,"column":97}},"70":{"start":{"line":125,"column":66},"end":{"line":125,"column":95}},"71":{"start":{"line":126,"column":6},"end":{"line":126,"column":42}},"72":{"start":{"line":127,"column":6},"end":{"line":127,"column":80}},"73":{"start":{"line":129,"column":6},"end":{"line":129,"column":44}},"74":{"start":{"line":130,"column":6},"end":{"line":130,"column":16}},"75":{"start":{"line":137,"column":30},"end":{"line":137,"column":76}},"76":{"start":{"line":137,"column":48},"end":{"line":137,"column":71}},"77":{"start":{"line":142,"column":33},"end":{"line":150,"column":4}},"78":{"start":{"line":155,"column":37},"end":{"line":166,"column":4}},"79":{"start":{"line":168,"column":2},"end":{"line":168,"column":28}},"80":{"start":{"line":13,"column":13},"end":{"line":13,"column":37}}},"fnMap":{"0":{"name":"(anonymous_0)","decl":{"start":{"line":13,"column":37},"end":{"line":13,"column":67}},"loc":{"start":{"line":13,"column":69},"end":{"line":169,"column":1}}},"1":{"name":"(anonymous_1)","decl":{"start":{"line":25,"column":32},"end":{"line":25,"column":37}},"loc":{"start":{"line":25,"column":58},"end":{"line":38,"column":3}}},"2":{"name":"(anonymous_2)","decl":{"start":{"line":40,"column":33},"end":{"line":40,"column":36}},"loc":{"start":{"line":40,"column":39},"end":{"line":40,"column":53}}},"3":{"name":"(anonymous_3)","decl":{"start":{"line":46,"column":4},"end":{"line":46,"column":5}},"loc":{"start":{"line":46,"column":22},"end":{"line":52,"column":5}}},"4":{"name":"(anonymous_4)","decl":{"start":{"line":60,"column":4},"end":{"line":60,"column":5}},"loc":{"start":{"line":60,"column":22},"end":{"line":65,"column":5}}},"5":{"name":"(anonymous_5)","decl":{"start":{"line":72,"column":34},"end":{"line":72,"column":37}},"loc":{"start":{"line":72,"column":39},"end":{"line":75,"column":3}}},"6":{"name":"(anonymous_6)","decl":{"start":{"line":80,"column":39},"end":{"line":80,"column":40}},"loc":{"start":{"line":80,"column":54},"end":{"line":87,"column":3}}},"7":{"name":"(anonymous_7)","decl":{"start":{"line":81,"column":21},"end":{"line":81,"column":22}},"loc":{"start":{"line":81,"column":30},"end":{"line":86,"column":5}}},"8":{"name":"(anonymous_8)","decl":{"start":{"line":84,"column":41},"end":{"line":84,"column":42}},"loc":{"start":{"line":84,"column":48},"end":{"line":84,"column":56}}},"9":{"name":"(anonymous_9)","decl":{"start":{"line":92,"column":32},"end":{"line":92,"column":35}},"loc":{"start":{"line":92,"column":37},"end":{"line":97,"column":3}}},"10":{"name":"(anonymous_10)","decl":{"start":{"line":93,"column":29},"end":{"line":93,"column":30}},"loc":{"start":{"line":93,"column":36},"end":{"line":93,"column":40}}},"11":{"name":"(anonymous_11)","decl":{"start":{"line":94,"column":21},"end":{"line":94,"column":22}},"loc":{"start":{"line":95,"column":6},"end":{"line":95,"column":78}}},"12":{"name":"(anonymous_12)","decl":{"start":{"line":102,"column":33},"end":{"line":102,"column":38}},"loc":{"start":{"line":102,"column":54},"end":{"line":115,"column":3}}},"13":{"name":"(anonymous_13)","decl":{"start":{"line":106,"column":15},"end":{"line":106,"column":16}},"loc":{"start":{"line":106,"column":25},"end":{"line":106,"column":71}}},"14":{"name":"(anonymous_14)","decl":{"start":{"line":106,"column":51},"end":{"line":106,"column":52}},"loc":{"start":{"line":106,"column":58},"end":{"line":106,"column":69}}},"15":{"name":"(anonymous_15)","decl":{"start":{"line":107,"column":23},"end":{"line":107,"column":24}},"loc":{"start":{"line":107,"column":33},"end":{"line":107,"column":79}}},"16":{"name":"(anonymous_16)","decl":{"start":{"line":107,"column":59},"end":{"line":107,"column":60}},"loc":{"start":{"line":107,"column":66},"end":{"line":107,"column":77}}},"17":{"name":"(anonymous_17)","decl":{"start":{"line":108,"column":23},"end":{"line":108,"column":24}},"loc":{"start":{"line":108,"column":33},"end":{"line":108,"column":76}}},"18":{"name":"(anonymous_18)","decl":{"start":{"line":108,"column":59},"end":{"line":108,"column":60}},"loc":{"start":{"line":108,"column":66},"end":{"line":108,"column":74}}},"19":{"name":"(anonymous_19)","decl":{"start":{"line":120,"column":37},"end":{"line":120,"column":42}},"loc":{"start":{"line":120,"column":48},"end":{"line":132,"column":3}}},"20":{"name":"(anonymous_20)","decl":{"start":{"line":123,"column":42},"end":{"line":123,"column":43}},"loc":{"start":{"line":123,"column":50},"end":{"line":123,"column":76}}},"21":{"name":"(anonymous_21)","decl":{"start":{"line":124,"column":15},"end":{"line":124,"column":16}},"loc":{"start":{"line":124,"column":25},"end":{"line":124,"column":89}}},"22":{"name":"(anonymous_22)","decl":{"start":{"line":124,"column":51},"end":{"line":124,"column":52}},"loc":{"start":{"line":124,"column":58},"end":{"line":124,"column":87}}},"23":{"name":"(anonymous_23)","decl":{"start":{"line":125,"column":23},"end":{"line":125,"column":24}},"loc":{"start":{"line":125,"column":33},"end":{"line":125,"column":97}}},"24":{"name":"(anonymous_24)","decl":{"start":{"line":125,"column":59},"end":{"line":125,"column":60}},"loc":{"start":{"line":125,"column":66},"end":{"line":125,"column":95}}},"25":{"name":"(anonymous_25)","decl":{"start":{"line":137,"column":42},"end":{"line":137,"column":45}},"loc":{"start":{"line":137,"column":48},"end":{"line":137,"column":71}}}},"branchMap":{"0":{"loc":{"start":{"line":48,"column":23},"end":{"line":50,"column":35}},"type":"cond-expr","locations":[{"start":{"line":49,"column":10},"end":{"line":49,"column":67}},{"start":{"line":50,"column":10},"end":{"line":50,"column":35}}]},"1":{"loc":{"start":{"line":61,"column":23},"end":{"line":63,"column":35}},"type":"cond-expr","locations":[{"start":{"line":62,"column":10},"end":{"line":62,"column":67}},{"start":{"line":63,"column":10},"end":{"line":63,"column":35}}]},"2":{"loc":{"start":{"line":83,"column":13},"end":{"line":85,"column":43}},"type":"cond-expr","locations":[{"start":{"line":84,"column":10},"end":{"line":84,"column":58}},{"start":{"line":85,"column":10},"end":{"line":85,"column":43}}]},"3":{"loc":{"start":{"line":95,"column":6},"end":{"line":95,"column":78}},"type":"cond-expr","locations":[{"start":{"line":95,"column":37},"end":{"line":95,"column":54}},{"start":{"line":95,"column":57},"end":{"line":95,"column":78}}]},"4":{"loc":{"start":{"line":121,"column":4},"end":{"line":121,"column":74}},"type":"if","locations":[{"start":{"line":121,"column":4},"end":{"line":121,"column":74}},{"start":{},"end":{}}]}},"s":{"0":3,"1":3,"2":3,"3":49,"4":49,"5":49,"6":49,"7":49,"8":49,"9":49,"10":49,"11":15,"12":15,"13":15,"14":15,"15":12,"16":12,"17":12,"18":3,"19":15,"20":49,"21":1,"22":49,"23":1,"24":1,"25":1,"26":49,"27":4,"28":4,"29":49,"30":2,"31":2,"32":49,"33":4,"34":4,"35":4,"36":1,"37":49,"38":2,"39":4,"40":2,"41":2,"42":49,"43":2,"44":2,"45":2,"46":2,"47":2,"48":2,"49":2,"50":2,"51":2,"52":2,"53":2,"54":0,"55":2,"56":0,"57":0,"58":0,"59":49,"60":2,"61":1,"62":1,"63":1,"64":2,"65":1,"66":1,"67":2,"68":1,"69":1,"70":2,"71":1,"72":1,"73":0,"74":0,"75":49,"76":0,"77":49,"78":49,"79":49,"80":3},"f":{"0":49,"1":15,"2":1,"3":1,"4":4,"5":2,"6":4,"7":4,"8":1,"9":2,"10":4,"11":2,"12":2,"13":2,"14":2,"15":2,"16":2,"17":2,"18":0,"19":2,"20":2,"21":1,"22":2,"23":1,"24":2,"25":0},"b":{"0":[1,0],"1":[4,0],"2":[1,3],"3":[1,1],"4":[1,1]}}
,"C:\\project\\Promotor_app\\src\\viewmodel\\useLoginViewModel.ts": {"path":"C:\\project\\Promotor_app\\src\\viewmodel\\useLoginViewModel.ts","statementMap":{"0":{"start":{"line":1,"column":0},"end":{"line":1,"column":45}},"1":{"start":{"line":2,"column":0},"end":{"line":2,"column":60}},"2":{"start":{"line":3,"column":0},"end":{"line":3,"column":58}},"3":{"start":{"line":4,"column":0},"end":{"line":4,"column":37}},"4":{"start":{"line":20,"column":33},"end":{"line":99,"column":1}},"5":{"start":{"line":21,"column":14},"end":{"line":21,"column":37}},"6":{"start":{"line":22,"column":32},"end":{"line":22,"column":56}},"7":{"start":{"line":23,"column":28},"end":{"line":23,"column":57}},"8":{"start":{"line":24,"column":48},"end":{"line":24,"column":72}},"9":{"start":{"line":26,"column":15},"end":{"line":47,"column":1}},"10":{"start":{"line":27,"column":2},"end":{"line":27,"column":19}},"11":{"start":{"line":28,"column":2},"end":{"line":28,"column":17}},"12":{"start":{"line":30,"column":2},"end":{"line":46,"column":3}},"13":{"start":{"line":32,"column":22},"end":{"line":32,"column":42}},"14":{"start":{"line":33,"column":25},"end":{"line":33,"column":35}},"15":{"start":{"line":35,"column":4},"end":{"line":35,"column":53}},"16":{"start":{"line":37,"column":4},"end":{"line":37,"column":29}},"17":{"start":{"line":38,"column":4},"end":{"line":38,"column":16}},"18":{"start":{"line":41,"column":4},"end":{"line":41,"column":50}},"19":{"start":{"line":42,"column":4},"end":{"line":42,"column":17}},"20":{"start":{"line":45,"column":4},"end":{"line":45,"column":22}},"21":{"start":{"line":51,"column":27},"end":{"line":57,"column":3}},"22":{"start":{"line":52,"column":20},"end":{"line":52,"column":48}},"23":{"start":{"line":54,"column":4},"end":{"line":56,"column":5}},"24":{"start":{"line":55,"column":6},"end":{"line":55,"column":41}},"25":{"start":{"line":59,"column":17},"end":{"line":69,"column":3}},"26":{"start":{"line":60,"column":4},"end":{"line":60,"column":21}},"27":{"start":{"line":61,"column":4},"end":{"line":68,"column":5}},"28":{"start":{"line":62,"column":6},"end":{"line":62,"column":33}},"29":{"start":{"line":63,"column":6},"end":{"line":63,"column":32}},"30":{"start":{"line":65,"column":6},"end":{"line":65,"column":44}},"31":{"start":{"line":67,"column":6},"end":{"line":67,"column":24}},"32":{"start":{"line":71,"column":21},"end":{"line":73,"column":3}},"33":{"start":{"line":72,"column":4},"end":{"line":72,"column":19}},"34":{"start":{"line":75,"column":26},"end":{"line":83,"column":3}},"35":{"start":{"line":76,"column":4},"end":{"line":82,"column":5}},"36":{"start":{"line":77,"column":28},"end":{"line":77,"column":63}},"37":{"start":{"line":78,"column":6},"end":{"line":78,"column":40}},"38":{"start":{"line":80,"column":6},"end":{"line":80,"column":70}},"39":{"start":{"line":81,"column":6},"end":{"line":81,"column":32}},"40":{"start":{"line":85,"column":2},"end":{"line":98,"column":4}},"41":{"start":{"line":20,"column":13},"end":{"line":20,"column":33}}},"fnMap":{"0":{"name":"(anonymous_0)","decl":{"start":{"line":20,"column":33},"end":{"line":20,"column":36}},"loc":{"start":{"line":20,"column":38},"end":{"line":99,"column":1}}},"1":{"name":"(anonymous_1)","decl":{"start":{"line":26,"column":15},"end":{"line":26,"column":20}},"loc":{"start":{"line":26,"column":77},"end":{"line":47,"column":1}}},"2":{"name":"(anonymous_2)","decl":{"start":{"line":51,"column":27},"end":{"line":51,"column":32}},"loc":{"start":{"line":51,"column":84},"end":{"line":57,"column":3}}},"3":{"name":"(anonymous_3)","decl":{"start":{"line":59,"column":17},"end":{"line":59,"column":22}},"loc":{"start":{"line":59,"column":43},"end":{"line":69,"column":3}}},"4":{"name":"(anonymous_4)","decl":{"start":{"line":71,"column":21},"end":{"line":71,"column":24}},"loc":{"start":{"line":71,"column":26},"end":{"line":73,"column":3}}},"5":{"name":"(anonymous_5)","decl":{"start":{"line":75,"column":26},"end":{"line":75,"column":31}},"loc":{"start":{"line":75,"column":52},"end":{"line":83,"column":3}}}},"branchMap":{"0":{"loc":{"start":{"line":54,"column":4},"end":{"line":56,"column":5}},"type":"if","locations":[{"start":{"line":54,"column":4},"end":{"line":56,"column":5}},{"start":{},"end":{}}]}},"s":{"0":1,"1":1,"2":1,"3":1,"4":1,"5":14,"6":14,"7":14,"8":14,"9":14,"10":4,"11":4,"12":4,"13":4,"14":4,"15":4,"16":2,"17":2,"18":2,"19":2,"20":4,"21":14,"22":1,"23":1,"24":1,"25":14,"26":1,"27":1,"28":1,"29":1,"30":0,"31":1,"32":14,"33":1,"34":14,"35":1,"36":1,"37":1,"38":0,"39":0,"40":14,"41":1},"f":{"0":14,"1":4,"2":1,"3":1,"4":1,"5":1},"b":{"0":[1,0]}}
,"C:\\project\\Promotor_app\\src\\viewmodel\\useRecoverPasswordViewModel.ts": {"path":"C:\\project\\Promotor_app\\src\\viewmodel\\useRecoverPasswordViewModel.ts","statementMap":{"0":{"start":{"line":21,"column":0},"end":{"line":21,"column":16}},"1":{"start":{"line":1,"column":0},"end":{"line":1,"column":33}},"2":{"start":{"line":2,"column":0},"end":{"line":2,"column":76}},"3":{"start":{"line":3,"column":0},"end":{"line":3,"column":60}},"4":{"start":{"line":24,"column":32},"end":{"line":24,"column":56}},"5":{"start":{"line":25,"column":28},"end":{"line":25,"column":57}},"6":{"start":{"line":26,"column":32},"end":{"line":26,"column":56}},"7":{"start":{"line":28,"column":26},"end":{"line":45,"column":3}},"8":{"start":{"line":29,"column":4},"end":{"line":29,"column":21}},"9":{"start":{"line":30,"column":4},"end":{"line":30,"column":19}},"10":{"start":{"line":31,"column":4},"end":{"line":31,"column":22}},"11":{"start":{"line":33,"column":4},"end":{"line":44,"column":5}},"12":{"start":{"line":34,"column":6},"end":{"line":34,"column":50}},"13":{"start":{"line":35,"column":6},"end":{"line":35,"column":23}},"14":{"start":{"line":37,"column":6},"end":{"line":41,"column":7}},"15":{"start":{"line":38,"column":8},"end":{"line":38,"column":30}},"16":{"start":{"line":40,"column":8},"end":{"line":40,"column":36}},"17":{"start":{"line":43,"column":6},"end":{"line":43,"column":24}},"18":{"start":{"line":47,"column":2},"end":{"line":56,"column":4}}},"fnMap":{"0":{"name":"useRecoverPasswordViewModel","decl":{"start":{"line":21,"column":16},"end":{"line":21,"column":43}},"loc":{"start":{"line":22,"column":90},"end":{"line":57,"column":1}}},"1":{"name":"(anonymous_1)","decl":{"start":{"line":28,"column":26},"end":{"line":28,"column":31}},"loc":{"start":{"line":28,"column":65},"end":{"line":45,"column":3}}}},"branchMap":{"0":{"loc":{"start":{"line":22,"column":2},"end":{"line":22,"column":90}},"type":"default-arg","locations":[{"start":{"line":22,"column":51},"end":{"line":22,"column":90}}]},"1":{"loc":{"start":{"line":37,"column":6},"end":{"line":41,"column":7}},"type":"if","locations":[{"start":{"line":37,"column":6},"end":{"line":41,"column":7}},{"start":{"line":39,"column":13},"end":{"line":41,"column":7}}]}},"s":{"0":1,"1":1,"2":1,"3":1,"4":5,"5":5,"6":5,"7":5,"8":2,"9":2,"10":2,"11":2,"12":2,"13":1,"14":1,"15":1,"16":0,"17":2,"18":5},"f":{"0":5,"1":2},"b":{"0":[5],"1":[1,0]}}
}
