TN:
SF:src\config\api.ts
FNF:0
FNH:0
DA:1,6
LF:1
LH:1
BRDA:1,0,0,6
BRDA:1,0,1,6
BRF:2
BRH:2
end_of_record
TN:
SF:src\config\supabase.ts
FNF:0
FNH:0
DA:1,4
DA:3,4
DA:5,4
DA:7,4
DA:9,4
LF:5
LH:5
BRDA:5,0,0,4
BRDA:5,0,1,4
BRF:2
BRH:2
end_of_record
TN:
SF:src\model\repositories\JourneyRepository.ts
FN:16,(anonymous_1)
FN:18,(anonymous_2)
FN:27,(anonymous_3)
FN:40,(anonymous_4)
FN:53,(anonymous_5)
FNF:5
FNH:1
FNDA:1,(anonymous_1)
FNDA:0,(anonymous_2)
FNDA:0,(anonymous_3)
FNDA:0,(anonymous_4)
FNDA:0,(anonymous_5)
DA:1,1
DA:4,1
DA:5,1
DA:7,1
DA:8,1
DA:18,1
DA:19,0
DA:20,0
DA:21,0
DA:23,0
DA:28,0
DA:29,0
DA:31,0
DA:33,0
DA:36,0
DA:41,0
DA:42,0
DA:44,0
DA:46,0
DA:49,0
DA:54,0
DA:55,0
DA:56,0
DA:57,0
DA:62,0
DA:64,0
DA:69,0
DA:71,0
DA:74,0
LF:29
LH:6
BRDA:20,0,0,0
BRDA:20,0,1,0
BRDA:33,1,0,0
BRDA:33,1,1,0
BRDA:33,1,2,0
BRDA:46,2,0,0
BRDA:46,2,1,0
BRDA:46,2,2,0
BRDA:59,3,0,0
BRDA:59,3,1,0
BRDA:62,4,0,0
BRDA:62,4,1,0
BRDA:62,5,0,0
BRDA:62,5,1,0
BRDA:71,6,0,0
BRDA:71,6,1,0
BRDA:71,6,2,0
BRF:17
BRH:0
end_of_record
TN:
SF:src\model\repositories\LocationRepository.ts
FN:16,(anonymous_1)
FN:18,(anonymous_2)
FN:27,(anonymous_3)
FN:43,(anonymous_4)
FN:59,(anonymous_5)
FNF:5
FNH:1
FNDA:1,(anonymous_1)
FNDA:0,(anonymous_2)
FNDA:0,(anonymous_3)
FNDA:0,(anonymous_4)
FNDA:0,(anonymous_5)
DA:1,1
DA:4,1
DA:5,1
DA:7,1
DA:8,1
DA:18,1
DA:19,0
DA:20,0
DA:21,0
DA:23,0
DA:28,0
DA:29,0
DA:32,0
DA:34,0
DA:36,0
DA:39,0
DA:44,0
DA:45,0
DA:48,0
DA:50,0
DA:52,0
DA:55,0
DA:65,0
DA:66,0
DA:68,0
DA:70,0
DA:73,0
LF:27
LH:6
BRDA:20,0,0,0
BRDA:20,0,1,0
BRDA:36,1,0,0
BRDA:36,1,1,0
BRDA:36,1,2,0
BRDA:52,2,0,0
BRDA:52,2,1,0
BRDA:52,2,2,0
BRDA:70,3,0,0
BRDA:70,3,1,0
BRDA:70,3,2,0
BRF:11
BRH:0
end_of_record
TN:
SF:src\model\repositories\leadRepository.ts
FN:16,(anonymous_1)
FN:18,(anonymous_2)
FN:27,(anonymous_3)
FN:41,(anonymous_4)
FN:51,(anonymous_5)
FN:68,(anonymous_6)
FN:86,(anonymous_7)
FNF:7
FNH:1
FNDA:4,(anonymous_1)
FNDA:0,(anonymous_2)
FNDA:0,(anonymous_3)
FNDA:0,(anonymous_4)
FNDA:0,(anonymous_5)
FNDA:0,(anonymous_6)
FNDA:0,(anonymous_7)
DA:1,4
DA:4,4
DA:5,4
DA:7,4
DA:8,4
DA:18,4
DA:19,0
DA:20,0
DA:21,0
DA:23,0
DA:28,0
DA:29,0
DA:30,0
DA:32,0
DA:34,0
DA:37,0
DA:42,0
DA:43,0
DA:44,0
DA:46,0
DA:47,0
DA:52,0
DA:53,0
DA:58,0
DA:59,0
DA:61,0
DA:63,0
DA:64,0
DA:69,0
DA:70,0
DA:75,0
DA:77,0
DA:79,0
DA:82,0
DA:87,0
DA:88,0
DA:90,0
DA:92,0
DA:95,0
DA:100,4
LF:40
LH:7
BRDA:20,0,0,0
BRDA:20,0,1,0
BRDA:34,1,0,0
BRDA:34,1,1,0
BRDA:34,1,2,0
BRDA:63,2,0,0
BRDA:63,2,1,0
BRDA:63,2,2,0
BRDA:79,3,0,0
BRDA:79,3,1,0
BRDA:79,3,2,0
BRDA:92,4,0,0
BRDA:92,4,1,0
BRDA:92,4,2,0
BRF:14
BRH:0
end_of_record
TN:
SF:src\model\repositories\memory\LeadRepositoryMemory.ts
FN:4,generateUUID
FN:5,(anonymous_1)
FN:15,(anonymous_2)
FN:19,(anonymous_3)
FN:20,(anonymous_4)
FN:24,(anonymous_5)
FN:33,(anonymous_6)
FN:34,(anonymous_7)
FN:40,(anonymous_8)
FN:41,(anonymous_9)
FNF:10
FNH:10
FNDA:4,generateUUID
FNDA:124,(anonymous_1)
FNDA:5,(anonymous_2)
FNDA:3,(anonymous_3)
FNDA:2,(anonymous_4)
FNDA:4,(anonymous_5)
FNDA:2,(anonymous_6)
FNDA:1,(anonymous_7)
FNDA:2,(anonymous_8)
FNDA:1,(anonymous_9)
DA:5,4
DA:6,124
DA:7,124
DA:8,124
DA:12,1
DA:13,8
DA:16,5
DA:20,3
DA:21,3
DA:25,4
DA:29,4
DA:30,4
DA:34,2
DA:35,2
DA:36,1
DA:41,2
LF:16
LH:16
BRDA:7,0,0,120
BRDA:7,0,1,4
BRDA:21,1,0,3
BRDA:21,1,1,1
BRDA:35,2,0,1
BRDA:35,2,1,1
BRF:6
BRH:6
end_of_record
TN:
SF:src\model\services\AuthService.ts
FN:8,(anonymous_1)
FN:32,(anonymous_2)
FN:48,(anonymous_3)
FN:58,(anonymous_4)
FN:62,(anonymous_5)
FN:67,(anonymous_6)
FNF:6
FNH:0
FNDA:0,(anonymous_1)
FNDA:0,(anonymous_2)
FNDA:0,(anonymous_3)
FNDA:0,(anonymous_4)
FNDA:0,(anonymous_5)
FNDA:0,(anonymous_6)
DA:1,4
DA:2,4
DA:5,4
DA:7,4
DA:9,0
DA:10,0
DA:15,0
DA:16,0
DA:17,0
DA:20,0
DA:21,0
DA:22,0
DA:25,0
DA:27,0
DA:28,0
DA:33,0
DA:34,0
DA:36,0
DA:37,0
DA:38,0
DA:41,0
DA:43,0
DA:44,0
DA:49,0
DA:50,0
DA:52,0
DA:54,0
DA:59,0
DA:63,0
DA:64,0
DA:70,0
DA:71,0
DA:75,4
LF:33
LH:5
BRDA:15,0,0,0
BRDA:15,0,1,0
BRDA:20,1,0,0
BRDA:20,1,1,0
BRDA:36,2,0,0
BRDA:36,2,1,0
BRDA:71,3,0,0
BRDA:71,3,1,0
BRF:8
BRH:0
end_of_record
TN:
SF:src\useCases\JourneyUseCase.ts
FN:6,(anonymous_0)
FN:8,(anonymous_1)
FN:12,(anonymous_2)
FN:16,(anonymous_3)
FN:20,(anonymous_4)
FNF:5
FNH:1
FNDA:1,(anonymous_0)
FNDA:0,(anonymous_1)
FNDA:0,(anonymous_2)
FNDA:0,(anonymous_3)
FNDA:0,(anonymous_4)
DA:3,1
DA:5,1
DA:6,1
DA:9,0
DA:13,0
DA:17,0
DA:21,0
DA:22,0
DA:23,0
DA:24,0
DA:25,0
DA:26,0
DA:28,0
DA:29,0
DA:31,0
DA:36,1
LF:16
LH:4
BRDA:20,0,0,0
BRDA:21,1,0,0
BRDA:21,1,1,0
BRDA:22,2,0,0
BRDA:22,2,1,0
BRDA:23,3,0,0
BRDA:23,3,1,0
BRDA:23,4,0,0
BRDA:23,4,1,0
BRDA:24,5,0,0
BRDA:24,5,1,0
BRDA:24,6,0,0
BRDA:24,6,1,0
BRDA:24,6,2,0
BRDA:26,7,0,0
BRDA:26,7,1,0
BRDA:29,8,0,0
BRDA:29,8,1,0
BRF:18
BRH:0
end_of_record
TN:
SF:src\useCases\LeadUseCase.ts
FN:6,(anonymous_0)
FN:8,(anonymous_1)
FN:12,(anonymous_2)
FN:19,(anonymous_3)
FN:28,(anonymous_4)
FN:38,(anonymous_5)
FN:54,(anonymous_6)
FN:60,(anonymous_7)
FN:67,(anonymous_8)
FNF:9
FNH:9
FNDA:8,(anonymous_0)
FNDA:4,(anonymous_1)
FNDA:5,(anonymous_2)
FNDA:1,(anonymous_3)
FNDA:1,(anonymous_4)
FNDA:5,(anonymous_5)
FNDA:2,(anonymous_6)
FNDA:4,(anonymous_7)
FNDA:5,(anonymous_8)
DA:3,6
DA:5,6
DA:6,8
DA:9,4
DA:13,5
DA:14,2
DA:20,1
DA:21,0
DA:23,1
DA:29,1
DA:30,0
DA:32,1
DA:33,0
DA:35,1
DA:39,5
DA:40,1
DA:42,4
DA:43,1
DA:45,3
DA:46,3
DA:47,1
DA:49,2
DA:50,0
DA:55,2
DA:56,0
DA:58,2
DA:59,2
DA:61,4
DA:68,5
DA:69,5
DA:70,5
DA:71,0
DA:72,0
DA:73,0
DA:75,0
DA:76,0
DA:78,0
DA:83,6
LF:38
LH:27
BRDA:20,0,0,0
BRDA:20,0,1,1
BRDA:29,1,0,0
BRDA:29,1,1,1
BRDA:32,2,0,0
BRDA:32,2,1,1
BRDA:32,3,0,1
BRDA:32,3,1,1
BRDA:39,4,0,1
BRDA:39,4,1,4
BRDA:42,5,0,1
BRDA:42,5,1,3
BRDA:46,6,0,1
BRDA:46,6,1,2
BRDA:49,7,0,0
BRDA:49,7,1,2
BRDA:55,8,0,0
BRDA:55,8,1,2
BRDA:61,9,0,4
BRDA:61,9,1,2
BRDA:61,9,2,2
BRDA:67,10,0,1
BRDA:68,11,0,0
BRDA:68,11,1,5
BRDA:69,12,0,0
BRDA:69,12,1,5
BRDA:70,13,0,5
BRDA:70,13,1,0
BRDA:70,14,0,5
BRDA:70,14,1,0
BRDA:71,15,0,0
BRDA:71,15,1,0
BRDA:71,16,0,0
BRDA:71,16,1,0
BRDA:71,16,2,0
BRDA:73,17,0,0
BRDA:73,17,1,0
BRDA:76,18,0,0
BRDA:76,18,1,0
BRF:39
BRH:21
end_of_record
TN:
SF:src\useCases\LocationUseCase.ts
FN:6,(anonymous_0)
FN:8,(anonymous_1)
FN:12,(anonymous_2)
FN:16,(anonymous_3)
FN:25,(anonymous_4)
FNF:5
FNH:1
FNDA:1,(anonymous_0)
FNDA:0,(anonymous_1)
FNDA:0,(anonymous_2)
FNDA:0,(anonymous_3)
FNDA:0,(anonymous_4)
DA:3,1
DA:5,1
DA:6,1
DA:9,0
DA:13,0
DA:22,0
DA:26,0
DA:27,0
DA:28,0
DA:29,0
DA:30,0
DA:31,0
DA:33,0
DA:34,0
DA:36,0
DA:41,1
LF:16
LH:4
BRDA:25,0,0,0
BRDA:26,1,0,0
BRDA:26,1,1,0
BRDA:27,2,0,0
BRDA:27,2,1,0
BRDA:28,3,0,0
BRDA:28,3,1,0
BRDA:28,4,0,0
BRDA:28,4,1,0
BRDA:29,5,0,0
BRDA:29,5,1,0
BRDA:29,6,0,0
BRDA:29,6,1,0
BRDA:29,6,2,0
BRDA:31,7,0,0
BRDA:31,7,1,0
BRDA:34,8,0,0
BRDA:34,8,1,0
BRF:18
BRH:0
end_of_record
TN:
SF:src\useCases\RecoverPasswordUseCase.ts
FN:4,(anonymous_0)
FN:8,(anonymous_1)
FNF:2
FNH:2
FNDA:4,(anonymous_0)
FNDA:4,(anonymous_1)
DA:3,1
DA:5,4
DA:9,4
DA:10,1
DA:13,3
DA:14,3
DA:15,1
DA:18,2
DA:20,2
DA:21,1
LF:10
LH:10
BRDA:9,0,0,1
BRDA:9,0,1,3
BRDA:14,1,0,1
BRDA:14,1,1,2
BRDA:20,2,0,1
BRDA:20,2,1,1
BRF:6
BRH:6
end_of_record
TN:
SF:src\viewmodel\useDashboardViewModel.ts
FN:22,(anonymous_9)
FN:34,(anonymous_10)
FN:63,(anonymous_11)
FN:77,(anonymous_12)
FN:111,(anonymous_13)
FN:114,(anonymous_14)
FN:120,(anonymous_15)
FNF:7
FNH:7
FNDA:16,(anonymous_9)
FNDA:5,(anonymous_10)
FNDA:2,(anonymous_11)
FNDA:1,(anonymous_12)
FNDA:9,(anonymous_13)
FNDA:5,(anonymous_14)
FNDA:9,(anonymous_15)
DA:1,1
DA:2,1
DA:3,1
DA:4,1
DA:5,1
DA:22,1
DA:26,16
DA:27,16
DA:28,16
DA:29,16
DA:30,16
DA:31,16
DA:32,16
DA:34,16
DA:35,5
DA:36,5
DA:37,5
DA:38,5
DA:39,5
DA:40,4
DA:42,4
DA:43,4
DA:44,4
DA:45,2
DA:46,2
DA:48,2
DA:49,2
DA:52,4
DA:53,4
DA:56,1
DA:57,1
DA:59,5
DA:63,16
DA:64,2
DA:65,2
DA:66,2
DA:67,2
DA:68,2
DA:69,2
DA:70,1
DA:71,1
DA:72,1
DA:73,1
DA:75,1
DA:76,1
DA:77,2
DA:79,0
DA:80,0
DA:81,0
DA:82,0
DA:91,2
DA:92,2
DA:93,2
DA:94,1
DA:95,1
DA:97,1
DA:98,1
DA:102,0
DA:105,0
DA:107,2
DA:111,16
DA:113,9
DA:114,3
DA:115,5
DA:117,3
DA:118,3
DA:120,9
DA:121,9
DA:125,16
LF:69
LH:63
BRDA:39,0,0,1
BRDA:39,0,1,4
BRDA:40,1,0,4
BRDA:40,1,1,0
BRDA:44,2,0,2
BRDA:44,2,1,2
BRDA:45,3,0,1
BRDA:45,3,1,1
BRDA:45,4,0,1
BRDA:45,4,1,1
BRDA:46,5,0,2
BRDA:46,5,1,0
BRDA:56,6,0,1
BRDA:56,6,1,0
BRDA:68,7,0,0
BRDA:68,7,1,2
BRDA:69,8,0,1
BRDA:69,8,1,1
BRDA:80,9,0,0
BRDA:80,9,1,0
BRDA:93,10,0,1
BRDA:93,10,1,1
BRDA:94,11,0,0
BRDA:94,11,1,1
BRDA:94,12,0,1
BRDA:94,12,1,1
BRDA:95,13,0,1
BRDA:95,13,1,0
BRDA:102,14,0,0
BRDA:102,14,1,0
BRDA:113,15,0,3
BRDA:113,15,1,6
BRDA:113,16,0,9
BRDA:113,16,1,3
BRDA:121,17,0,3
BRDA:121,17,1,6
BRF:36
BRH:26
end_of_record
TN:
SF:src\viewmodel\useLeadRegisterViewModel.ts
FN:15,(anonymous_0)
FN:20,(anonymous_1)
FN:34,(anonymous_2)
FNF:3
FNH:2
FNDA:11,(anonymous_0)
FNDA:5,(anonymous_1)
FNDA:0,(anonymous_2)
DA:1,1
DA:3,1
DA:15,1
DA:16,11
DA:17,11
DA:19,11
DA:21,5
DA:22,5
DA:23,5
DA:24,5
DA:26,4
DA:28,5
DA:34,11
DA:35,0
DA:38,11
LF:15
LH:14
BRF:0
BRH:0
end_of_record
TN:
SF:src\viewmodel\useListLeadsViewModel.ts
FN:21,(anonymous_0)
FN:27,(anonymous_1)
FN:41,(anonymous_2)
FN:46,(anonymous_3)
FN:53,(anonymous_4)
FN:60,(anonymous_5)
FN:60,(anonymous_6)
FN:61,(anonymous_7)
FN:62,(anonymous_8)
FN:72,(anonymous_9)
FNF:10
FNH:9
FNDA:14,(anonymous_0)
FNDA:5,(anonymous_1)
FNDA:0,(anonymous_2)
FNDA:2,(anonymous_3)
FNDA:1,(anonymous_4)
FNDA:1,(anonymous_5)
FNDA:1,(anonymous_6)
FNDA:1,(anonymous_7)
FNDA:1,(anonymous_8)
FNDA:1,(anonymous_9)
DA:1,2
DA:3,2
DA:21,2
DA:22,14
DA:23,14
DA:24,14
DA:25,14
DA:27,14
DA:28,5
DA:29,5
DA:30,5
DA:31,5
DA:32,4
DA:33,4
DA:35,1
DA:37,5
DA:41,14
DA:42,0
DA:45,14
DA:47,2
DA:48,2
DA:53,14
DA:54,1
DA:55,1
DA:57,1
DA:58,1
DA:60,1
DA:61,1
DA:62,1
DA:65,0
DA:67,1
DA:72,14
DA:73,1
DA:76,14
LF:34
LH:32
BRF:0
BRH:0
end_of_record
