TN:
SF:..\..\config\api.ts
FNF:0
FNH:0
DA:1,16
LF:1
LH:1
BRDA:1,0,0,16
BRDA:1,0,1,16
BRF:2
BRH:2
end_of_record
TN:
SF:..\..\config\supabase.ts
FNF:0
FNH:0
DA:1,10
DA:3,10
DA:5,10
DA:7,10
DA:9,10
LF:5
LH:5
BRDA:5,0,0,10
BRDA:5,0,1,10
BRF:2
BRH:2
end_of_record
TN:
SF:..\..\contexts\AuthContextBase.ts
FNF:0
FNH:0
DA:1,1
DA:25,1
LF:2
LH:2
BRF:0
BRH:0
end_of_record
TN:
SF:..\..\contexts\JourneyContextBase.ts
FNF:0
FNH:0
DA:1,1
DA:24,1
LF:2
LH:2
BRF:0
BRH:0
end_of_record
TN:
SF:..\..\errors\ValidationError.ts
FN:2,(anonymous_0)
FNF:1
FNH:1
FNDA:3,(anonymous_0)
DA:1,7
DA:3,3
DA:6,3
LF:3
LH:3
BRF:0
BRH:0
end_of_record
TN:
SF:..\..\model\repositories\JourneyRepository.ts
FN:16,(anonymous_1)
FN:18,(anonymous_2)
FN:27,(anonymous_3)
FN:40,(anonymous_4)
FN:53,(anonymous_5)
FNF:5
FNH:4
FNDA:12,(anonymous_1)
FNDA:0,(anonymous_2)
FNDA:2,(anonymous_3)
FNDA:1,(anonymous_4)
FNDA:5,(anonymous_5)
DA:1,4
DA:4,4
DA:5,4
DA:7,4
DA:8,12
DA:18,12
DA:19,0
DA:20,0
DA:21,0
DA:23,0
DA:28,2
DA:29,2
DA:31,1
DA:33,1
DA:36,1
DA:41,1
DA:42,1
DA:44,1
DA:46,1
DA:49,1
DA:54,5
DA:55,5
DA:56,3
DA:57,3
DA:62,2
DA:64,1
DA:69,1
DA:71,1
DA:74,1
LF:29
LH:25
BRDA:20,0,0,0
BRDA:20,0,1,0
BRDA:33,1,0,1
BRDA:33,1,1,0
BRDA:33,1,2,0
BRDA:46,2,0,1
BRDA:46,2,1,1
BRDA:46,2,2,0
BRDA:59,3,0,3
BRDA:59,3,1,1
BRDA:62,4,0,1
BRDA:62,4,1,1
BRDA:62,5,0,2
BRDA:62,5,1,2
BRDA:71,6,0,1
BRDA:71,6,1,0
BRDA:71,6,2,0
BRF:17
BRH:10
end_of_record
TN:
SF:..\..\model\repositories\LocationRepository.ts
FN:16,(anonymous_1)
FN:18,(anonymous_2)
FN:27,(anonymous_3)
FN:43,(anonymous_4)
FN:59,(anonymous_5)
FNF:5
FNH:4
FNDA:9,(anonymous_1)
FNDA:0,(anonymous_2)
FNDA:2,(anonymous_3)
FNDA:2,(anonymous_4)
FNDA:2,(anonymous_5)
DA:1,3
DA:4,3
DA:5,3
DA:7,3
DA:8,9
DA:18,9
DA:19,0
DA:20,0
DA:21,0
DA:23,0
DA:28,2
DA:29,2
DA:32,1
DA:34,1
DA:36,1
DA:39,1
DA:44,2
DA:45,2
DA:48,1
DA:50,1
DA:52,1
DA:55,1
DA:65,2
DA:66,2
DA:68,1
DA:70,1
DA:73,1
LF:27
LH:23
BRDA:20,0,0,0
BRDA:20,0,1,0
BRDA:36,1,0,1
BRDA:36,1,1,0
BRDA:36,1,2,0
BRDA:52,2,0,1
BRDA:52,2,1,1
BRDA:52,2,2,0
BRDA:70,3,0,1
BRDA:70,3,1,0
BRDA:70,3,2,0
BRF:11
BRH:4
end_of_record
TN:
SF:..\..\model\repositories\leadRepository.ts
FN:16,(anonymous_1)
FN:18,(anonymous_2)
FN:27,(anonymous_3)
FN:41,(anonymous_4)
FN:51,(anonymous_5)
FN:68,(anonymous_6)
FN:86,(anonymous_7)
FNF:7
FNH:6
FNDA:15,(anonymous_1)
FNDA:0,(anonymous_2)
FNDA:2,(anonymous_3)
FNDA:2,(anonymous_4)
FNDA:2,(anonymous_5)
FNDA:1,(anonymous_6)
FNDA:1,(anonymous_7)
DA:1,6
DA:4,6
DA:5,6
DA:7,6
DA:8,15
DA:18,15
DA:19,0
DA:20,0
DA:21,0
DA:23,0
DA:28,2
DA:29,2
DA:30,1
DA:32,1
DA:34,1
DA:37,1
DA:42,2
DA:43,2
DA:44,1
DA:46,1
DA:47,1
DA:52,2
DA:53,2
DA:58,2
DA:59,1
DA:61,1
DA:63,1
DA:64,1
DA:69,1
DA:70,1
DA:75,1
DA:77,0
DA:79,0
DA:82,0
DA:87,1
DA:88,1
DA:90,0
DA:92,0
DA:95,0
DA:100,6
LF:40
LH:30
BRDA:20,0,0,0
BRDA:20,0,1,0
BRDA:34,1,0,1
BRDA:34,1,1,0
BRDA:34,1,2,0
BRDA:63,2,0,1
BRDA:63,2,1,1
BRDA:63,2,2,0
BRDA:79,3,0,0
BRDA:79,3,1,0
BRDA:79,3,2,0
BRDA:92,4,0,0
BRDA:92,4,1,0
BRDA:92,4,2,0
BRF:14
BRH:3
end_of_record
TN:
SF:..\..\model\repositories\memory\LeadRepositoryMemory.ts
FN:4,generateUUID
FN:5,(anonymous_1)
FN:15,(anonymous_2)
FN:19,(anonymous_3)
FN:20,(anonymous_4)
FN:24,(anonymous_5)
FN:33,(anonymous_6)
FN:34,(anonymous_7)
FN:40,(anonymous_8)
FN:41,(anonymous_9)
FNF:10
FNH:10
FNDA:4,generateUUID
FNDA:124,(anonymous_1)
FNDA:5,(anonymous_2)
FNDA:3,(anonymous_3)
FNDA:2,(anonymous_4)
FNDA:4,(anonymous_5)
FNDA:2,(anonymous_6)
FNDA:1,(anonymous_7)
FNDA:2,(anonymous_8)
FNDA:1,(anonymous_9)
DA:5,4
DA:6,124
DA:7,124
DA:8,124
DA:12,1
DA:13,8
DA:16,5
DA:20,3
DA:21,3
DA:25,4
DA:29,4
DA:30,4
DA:34,2
DA:35,2
DA:36,1
DA:41,2
LF:16
LH:16
BRDA:7,0,0,120
BRDA:7,0,1,4
BRDA:21,1,0,3
BRDA:21,1,1,1
BRDA:35,2,0,1
BRDA:35,2,1,1
BRF:6
BRH:6
end_of_record
TN:
SF:..\..\model\services\AuthService.ts
FN:17,(anonymous_1)
FN:19,(anonymous_2)
FN:26,(anonymous_3)
FN:30,(anonymous_4)
FN:31,(anonymous_5)
FN:41,(anonymous_6)
FN:64,(anonymous_7)
FN:69,(anonymous_8)
FN:73,(anonymous_9)
FN:77,(anonymous_10)
FN:86,(anonymous_11)
FNF:11
FNH:7
FNDA:12,(anonymous_1)
FNDA:0,(anonymous_2)
FNDA:0,(anonymous_3)
FNDA:0,(anonymous_4)
FNDA:0,(anonymous_5)
FNDA:3,(anonymous_6)
FNDA:1,(anonymous_7)
FNDA:3,(anonymous_8)
FNDA:2,(anonymous_9)
FNDA:1,(anonymous_10)
FNDA:3,(anonymous_11)
DA:1,11
DA:2,11
DA:3,11
DA:4,11
DA:6,11
DA:8,11
DA:9,12
DA:18,12
DA:20,0
DA:21,0
DA:22,0
DA:24,0
DA:26,0
DA:29,12
DA:30,0
DA:32,0
DA:33,0
DA:35,0
DA:42,3
DA:43,3
DA:48,2
DA:49,1
DA:50,1
DA:53,1
DA:54,1
DA:56,1
DA:60,1
DA:65,1
DA:70,3
DA:74,2
DA:78,1
DA:79,1
DA:80,1
DA:82,0
DA:87,3
DA:88,3
DA:90,2
DA:91,1
DA:92,1
DA:95,1
DA:97,1
DA:98,1
DA:103,11
LF:43
LH:33
BRDA:21,0,0,0
BRDA:21,0,1,0
BRDA:32,1,0,0
BRDA:32,1,1,0
BRDA:48,2,0,1
BRDA:48,2,1,1
BRDA:58,3,0,1
BRDA:58,3,1,1
BRDA:90,4,0,1
BRDA:90,4,1,1
BRF:10
BRH:6
end_of_record
TN:
SF:..\..\useCases\JourneyUseCase.ts
FN:6,(anonymous_0)
FN:8,(anonymous_1)
FN:12,(anonymous_2)
FN:16,(anonymous_3)
FN:20,(anonymous_4)
FNF:5
FNH:5
FNDA:12,(anonymous_0)
FNDA:2,(anonymous_1)
FNDA:2,(anonymous_2)
FNDA:1,(anonymous_3)
FNDA:5,(anonymous_4)
DA:3,3
DA:5,3
DA:6,12
DA:9,2
DA:13,2
DA:17,1
DA:21,5
DA:22,4
DA:23,3
DA:24,2
DA:25,1
DA:26,1
DA:28,1
DA:29,1
DA:31,0
DA:36,3
LF:16
LH:15
BRDA:20,0,0,5
BRDA:21,1,0,1
BRDA:21,1,1,4
BRDA:22,2,0,1
BRDA:22,2,1,3
BRDA:23,3,0,1
BRDA:23,3,1,2
BRDA:23,4,0,1
BRDA:23,4,1,0
BRDA:24,5,0,1
BRDA:24,5,1,1
BRDA:24,6,0,2
BRDA:24,6,1,2
BRDA:24,6,2,2
BRDA:26,7,0,1
BRDA:26,7,1,0
BRDA:29,8,0,1
BRDA:29,8,1,0
BRF:18
BRH:15
end_of_record
TN:
SF:..\..\useCases\LeadUseCase.ts
FN:7,(anonymous_0)
FN:9,(anonymous_1)
FN:13,(anonymous_2)
FN:28,(anonymous_3)
FN:37,(anonymous_4)
FN:53,(anonymous_5)
FN:81,(anonymous_6)
FN:87,(anonymous_7)
FN:94,(anonymous_8)
FNF:9
FNH:8
FNDA:8,(anonymous_0)
FNDA:4,(anonymous_1)
FNDA:0,(anonymous_2)
FNDA:1,(anonymous_3)
FNDA:1,(anonymous_4)
FNDA:1,(anonymous_5)
FNDA:2,(anonymous_6)
FNDA:4,(anonymous_7)
FNDA:6,(anonymous_8)
DA:3,6
DA:4,6
DA:6,6
DA:7,8
DA:10,4
DA:14,0
DA:16,0
DA:22,0
DA:29,1
DA:30,0
DA:32,1
DA:38,1
DA:39,0
DA:42,1
DA:48,1
DA:54,1
DA:55,0
DA:58,1
DA:59,1
DA:60,0
DA:62,1
DA:63,0
DA:66,1
DA:67,1
DA:68,0
DA:70,1
DA:71,0
DA:73,1
DA:74,0
DA:82,2
DA:83,0
DA:85,2
DA:86,2
DA:88,4
DA:95,6
DA:96,5
DA:97,4
DA:98,2
DA:99,1
DA:100,1
DA:102,1
DA:103,1
DA:105,0
DA:110,6
LF:44
LH:31
BRDA:29,0,0,0
BRDA:29,0,1,1
BRDA:38,1,0,0
BRDA:38,1,1,1
BRDA:43,2,0,1
BRDA:43,2,1,0
BRDA:44,3,0,1
BRDA:44,3,1,0
BRDA:45,4,0,1
BRDA:45,4,1,0
BRDA:54,5,0,0
BRDA:54,5,1,1
BRDA:59,6,0,0
BRDA:59,6,1,1
BRDA:62,7,0,0
BRDA:62,7,1,1
BRDA:67,8,0,0
BRDA:67,8,1,1
BRDA:70,9,0,0
BRDA:70,9,1,1
BRDA:73,10,0,0
BRDA:73,10,1,1
BRDA:82,11,0,0
BRDA:82,11,1,2
BRDA:88,12,0,4
BRDA:88,12,1,2
BRDA:88,12,2,2
BRDA:94,13,0,6
BRDA:95,14,0,1
BRDA:95,14,1,5
BRDA:96,15,0,1
BRDA:96,15,1,4
BRDA:97,16,0,2
BRDA:97,16,1,2
BRDA:97,17,0,2
BRDA:97,17,1,0
BRDA:98,18,0,1
BRDA:98,18,1,1
BRDA:98,19,0,2
BRDA:98,19,1,2
BRDA:98,19,2,2
BRDA:100,20,0,1
BRDA:100,20,1,0
BRDA:103,21,0,1
BRDA:103,21,1,0
BRF:45
BRH:30
end_of_record
TN:
SF:..\..\useCases\LocationUseCase.ts
FN:6,(anonymous_0)
FN:8,(anonymous_1)
FN:12,(anonymous_2)
FN:16,(anonymous_3)
FN:25,(anonymous_4)
FNF:5
FNH:5
FNDA:12,(anonymous_0)
FNDA:2,(anonymous_1)
FNDA:1,(anonymous_2)
FNDA:2,(anonymous_3)
FNDA:6,(anonymous_4)
DA:3,2
DA:5,2
DA:6,12
DA:9,2
DA:13,1
DA:22,2
DA:26,6
DA:27,5
DA:28,4
DA:29,3
DA:30,1
DA:31,1
DA:33,2
DA:34,2
DA:36,1
DA:41,2
LF:16
LH:16
BRDA:25,0,0,5
BRDA:26,1,0,1
BRDA:26,1,1,5
BRDA:27,2,0,1
BRDA:27,2,1,4
BRDA:28,3,0,1
BRDA:28,3,1,3
BRDA:28,4,0,1
BRDA:28,4,1,0
BRDA:29,5,0,1
BRDA:29,5,1,2
BRDA:29,6,0,3
BRDA:29,6,1,3
BRDA:29,6,2,3
BRDA:31,7,0,1
BRDA:31,7,1,0
BRDA:34,8,0,2
BRDA:34,8,1,0
BRF:18
BRH:15
end_of_record
TN:
SF:..\..\useCases\RecoverPasswordUseCase.ts
FN:4,(anonymous_0)
FN:8,(anonymous_1)
FNF:2
FNH:2
FNDA:4,(anonymous_0)
FNDA:4,(anonymous_1)
DA:3,2
DA:5,4
DA:9,4
DA:10,1
DA:13,3
DA:14,3
DA:15,1
DA:18,2
DA:20,2
DA:21,1
LF:10
LH:10
BRDA:9,0,0,1
BRDA:9,0,1,3
BRDA:14,1,0,1
BRDA:14,1,1,2
BRDA:20,2,0,1
BRDA:20,2,1,1
BRF:6
BRH:6
end_of_record
TN:
SF:..\..\utils\formatters.ts
FN:1,(anonymous_0)
FN:3,(anonymous_1)
FN:12,(anonymous_2)
FNF:3
FNH:3
FNDA:8,(anonymous_0)
FNDA:4,(anonymous_1)
FNDA:4,(anonymous_2)
DA:1,8
DA:3,1
DA:4,4
DA:6,4
DA:12,1
DA:13,4
DA:15,4
DA:16,0
DA:19,4
LF:9
LH:8
BRDA:15,0,0,0
BRDA:15,0,1,4
BRF:2
BRH:1
end_of_record
TN:
SF:..\..\viewmodel\useDashboardViewModel.ts
FN:22,(anonymous_0)
FN:37,(anonymous_1)
FN:40,(anonymous_2)
FN:45,(anonymous_3)
FN:51,(anonymous_4)
FN:56,(anonymous_5)
FNF:6
FNH:5
FNDA:17,(anonymous_0)
FNDA:17,(anonymous_1)
FNDA:5,(anonymous_2)
FNDA:17,(anonymous_3)
FNDA:4,(anonymous_4)
FNDA:0,(anonymous_5)
DA:1,1
DA:2,1
DA:3,1
DA:4,1
DA:22,1
DA:26,17
DA:28,17
DA:29,0
DA:34,17
DA:37,17
DA:39,17
DA:40,5
DA:41,5
DA:42,5
DA:43,5
DA:45,17
DA:46,17
DA:51,17
DA:52,4
DA:56,17
DA:57,0
DA:58,0
DA:59,0
DA:61,0
DA:65,17
LF:25
LH:20
BRDA:28,0,0,0
BRDA:28,0,1,17
BRDA:39,1,0,5
BRDA:39,1,1,12
BRDA:39,2,0,17
BRDA:39,2,1,5
BRDA:46,3,0,5
BRDA:46,3,1,12
BRF:8
BRH:7
end_of_record
TN:
SF:..\..\viewmodel\useLeadEditViewModel.ts
FN:30,(anonymous_0)
FN:36,(anonymous_1)
FN:46,(anonymous_2)
FN:58,(anonymous_3)
FN:59,(anonymous_4)
FN:67,(anonymous_5)
FN:68,(anonymous_6)
FN:76,(anonymous_7)
FN:77,(anonymous_8)
FN:85,(anonymous_9)
FN:86,(anonymous_10)
FN:93,(anonymous_11)
FN:95,(anonymous_12)
FN:102,(anonymous_13)
FN:111,(anonymous_14)
FN:120,(anonymous_15)
FN:122,(anonymous_16)
FNF:17
FNH:17
FNDA:18,(anonymous_0)
FNDA:10,(anonymous_1)
FNDA:1,(anonymous_2)
FNDA:1,(anonymous_3)
FNDA:1,(anonymous_4)
FNDA:1,(anonymous_5)
FNDA:1,(anonymous_6)
FNDA:1,(anonymous_7)
FNDA:1,(anonymous_8)
FNDA:1,(anonymous_9)
FNDA:1,(anonymous_10)
FNDA:3,(anonymous_11)
FNDA:1,(anonymous_12)
FNDA:2,(anonymous_13)
FNDA:1,(anonymous_14)
FNDA:1,(anonymous_15)
FNDA:2,(anonymous_16)
DA:1,1
DA:2,1
DA:4,1
DA:30,1
DA:36,18
DA:46,18
DA:47,1
DA:58,18
DA:59,1
DA:67,18
DA:68,1
DA:76,18
DA:77,1
DA:85,18
DA:86,1
DA:93,18
DA:94,3
DA:95,1
DA:99,1
DA:102,2
DA:104,2
DA:105,2
DA:111,1
DA:112,1
DA:114,1
DA:115,1
DA:116,1
DA:117,1
DA:118,1
DA:120,1
DA:122,2
DA:126,18
LF:32
LH:32
BRDA:39,0,0,2
BRDA:39,0,1,8
BRDA:40,1,0,2
BRDA:40,1,1,8
BRDA:41,2,0,2
BRDA:41,2,1,8
BRDA:48,3,0,1
BRDA:48,3,1,0
BRDA:49,4,0,1
BRDA:49,4,1,0
BRDA:50,5,0,1
BRDA:50,5,1,0
BRDA:94,6,0,1
BRDA:94,6,1,2
BRDA:112,7,0,1
BRDA:112,7,1,0
BRDA:116,8,0,0
BRDA:116,8,1,1
BRDA:117,9,0,1
BRDA:117,9,1,0
BRDA:118,10,0,0
BRDA:118,10,1,1
BRF:22
BRH:15
end_of_record
TN:
SF:..\..\viewmodel\useListLeadsViewModel.ts
FN:13,(anonymous_0)
FN:25,(anonymous_1)
FN:40,(anonymous_2)
FN:46,(anonymous_3)
FN:60,(anonymous_4)
FN:72,(anonymous_5)
FN:80,(anonymous_6)
FN:81,(anonymous_7)
FN:84,(anonymous_8)
FN:92,(anonymous_9)
FN:93,(anonymous_10)
FN:94,(anonymous_11)
FN:102,(anonymous_12)
FN:106,(anonymous_13)
FN:106,(anonymous_14)
FN:107,(anonymous_15)
FN:107,(anonymous_16)
FN:108,(anonymous_17)
FN:108,(anonymous_18)
FN:120,(anonymous_19)
FN:123,(anonymous_20)
FN:124,(anonymous_21)
FN:124,(anonymous_22)
FN:125,(anonymous_23)
FN:125,(anonymous_24)
FN:137,(anonymous_25)
FNF:26
FNH:24
FNDA:49,(anonymous_0)
FNDA:15,(anonymous_1)
FNDA:1,(anonymous_2)
FNDA:1,(anonymous_3)
FNDA:4,(anonymous_4)
FNDA:2,(anonymous_5)
FNDA:4,(anonymous_6)
FNDA:4,(anonymous_7)
FNDA:1,(anonymous_8)
FNDA:2,(anonymous_9)
FNDA:4,(anonymous_10)
FNDA:2,(anonymous_11)
FNDA:2,(anonymous_12)
FNDA:2,(anonymous_13)
FNDA:2,(anonymous_14)
FNDA:2,(anonymous_15)
FNDA:2,(anonymous_16)
FNDA:2,(anonymous_17)
FNDA:0,(anonymous_18)
FNDA:2,(anonymous_19)
FNDA:2,(anonymous_20)
FNDA:1,(anonymous_21)
FNDA:2,(anonymous_22)
FNDA:1,(anonymous_23)
FNDA:2,(anonymous_24)
FNDA:0,(anonymous_25)
DA:1,3
DA:3,3
DA:13,3
DA:14,49
DA:15,49
DA:16,49
DA:17,49
DA:18,49
DA:19,49
DA:20,49
DA:25,49
DA:26,15
DA:27,15
DA:28,15
DA:29,15
DA:30,12
DA:31,12
DA:32,12
DA:34,3
DA:36,15
DA:40,49
DA:45,49
DA:47,1
DA:48,1
DA:51,1
DA:59,49
DA:61,4
DA:64,4
DA:72,49
DA:73,2
DA:74,2
DA:80,49
DA:81,4
DA:82,4
DA:83,4
DA:84,1
DA:92,49
DA:93,4
DA:94,2
DA:95,2
DA:102,49
DA:103,2
DA:104,2
DA:105,2
DA:106,2
DA:107,2
DA:108,2
DA:109,2
DA:111,0
DA:112,0
DA:113,0
DA:120,49
DA:121,2
DA:122,1
DA:123,2
DA:124,2
DA:125,2
DA:126,1
DA:127,1
DA:129,0
DA:130,0
DA:137,49
DA:142,49
DA:155,49
DA:168,49
LF:65
LH:60
BRDA:48,0,0,1
BRDA:48,0,1,0
BRDA:61,1,0,4
BRDA:61,1,1,0
BRDA:83,2,0,1
BRDA:83,2,1,3
BRDA:95,3,0,1
BRDA:95,3,1,1
BRDA:121,4,0,1
BRDA:121,4,1,1
BRF:10
BRH:8
end_of_record
TN:
SF:..\..\viewmodel\useLoginViewModel.ts
FN:20,(anonymous_0)
FN:26,(anonymous_1)
FN:51,(anonymous_2)
FN:59,(anonymous_3)
FN:71,(anonymous_4)
FN:75,(anonymous_5)
FNF:6
FNH:6
FNDA:14,(anonymous_0)
FNDA:4,(anonymous_1)
FNDA:1,(anonymous_2)
FNDA:1,(anonymous_3)
FNDA:1,(anonymous_4)
FNDA:1,(anonymous_5)
DA:1,1
DA:2,1
DA:3,1
DA:4,1
DA:20,1
DA:21,14
DA:22,14
DA:23,14
DA:24,14
DA:26,14
DA:27,4
DA:28,4
DA:30,4
DA:32,4
DA:33,4
DA:35,4
DA:37,2
DA:38,2
DA:41,2
DA:42,2
DA:45,4
DA:51,14
DA:52,1
DA:54,1
DA:55,1
DA:59,14
DA:60,1
DA:61,1
DA:62,1
DA:63,1
DA:65,0
DA:67,1
DA:71,14
DA:72,1
DA:75,14
DA:76,1
DA:77,1
DA:78,1
DA:80,0
DA:81,0
DA:85,14
LF:41
LH:38
BRDA:54,0,0,1
BRDA:54,0,1,0
BRF:2
BRH:1
end_of_record
TN:
SF:..\..\viewmodel\useRecoverPasswordViewModel.ts
FN:21,useRecoverPasswordViewModel
FN:28,(anonymous_1)
FNF:2
FNH:2
FNDA:5,useRecoverPasswordViewModel
FNDA:2,(anonymous_1)
DA:1,1
DA:2,1
DA:3,1
DA:21,1
DA:24,5
DA:25,5
DA:26,5
DA:28,5
DA:29,2
DA:30,2
DA:31,2
DA:33,2
DA:34,2
DA:35,1
DA:37,1
DA:38,1
DA:40,0
DA:43,2
DA:47,5
LF:19
LH:18
BRDA:22,0,0,5
BRDA:37,1,0,1
BRDA:37,1,1,0
BRF:3
BRH:2
end_of_record
